11-26 16:28:54 data_dir: preprocessed_data
11-26 16:28:54 save_dir: new model
11-26 16:28:54 lr: 1e-05
11-26 16:28:54 resume: 
11-26 16:28:54 device: 0
11-26 16:28:54 crop_size: 256
11-26 16:28:54 weight_decay: 0.0001
11-26 16:28:54 max_model_num: 1
11-26 16:28:54 max_epoch: 200
11-26 16:28:54 val_epoch: 1
11-26 16:28:54 val_start: 20
11-26 16:28:54 save_all_best: True
11-26 16:28:54 batch_size: 1
11-26 16:28:54 num_workers: 8
11-26 16:28:54 downsample_ratio: 8
11-26 16:28:54 use_background: True
11-26 16:28:54 sigma: 8.0
11-26 16:28:54 background_ratio: 0.15
11-26 16:28:54 using 1 gpus
11-26 16:28:56 -----Epoch 0/199-----
11-26 16:29:17 Epoch 0 Train, Loss: 37.50, GAME0: 28.07 MSE: 47.61, Cost 21.6 sec
11-26 16:29:17 -----Epoch 1/199-----
11-26 16:29:38 Epoch 1 Train, Loss: 22.95, GAME0: 14.98 MSE: 26.23, Cost 20.7 sec
11-26 16:29:38 -----Epoch 2/199-----
11-26 16:29:59 Epoch 2 Train, Loss: 21.19, GAME0: 13.88 MSE: 24.88, Cost 20.8 sec
11-26 16:29:59 -----Epoch 3/199-----
11-26 16:30:19 Epoch 3 Train, Loss: 20.93, GAME0: 14.04 MSE: 25.46, Cost 20.5 sec
11-26 16:30:19 -----Epoch 4/199-----
11-26 16:30:40 Epoch 4 Train, Loss: 19.69, GAME0: 13.43 MSE: 24.89, Cost 20.6 sec
11-26 16:30:40 -----Epoch 5/199-----
11-26 16:31:00 Epoch 5 Train, Loss: 18.73, GAME0: 12.46 MSE: 21.78, Cost 20.4 sec
11-26 16:31:00 -----Epoch 6/199-----
11-26 16:31:21 Epoch 6 Train, Loss: 19.16, GAME0: 13.51 MSE: 24.39, Cost 20.4 sec
11-26 16:31:21 -----Epoch 7/199-----
11-26 16:31:41 Epoch 7 Train, Loss: 18.07, GAME0: 12.38 MSE: 23.45, Cost 20.5 sec
11-26 16:31:41 -----Epoch 8/199-----
11-26 16:32:02 Epoch 8 Train, Loss: 18.57, GAME0: 12.93 MSE: 23.49, Cost 20.4 sec
11-26 16:32:02 -----Epoch 9/199-----
11-26 16:32:22 Epoch 9 Train, Loss: 18.12, GAME0: 12.61 MSE: 23.42, Cost 20.4 sec
11-26 16:32:22 -----Epoch 10/199-----
11-26 16:32:42 Epoch 10 Train, Loss: 17.44, GAME0: 12.25 MSE: 21.89, Cost 20.4 sec
11-26 16:32:42 -----Epoch 11/199-----
11-26 16:33:03 Epoch 11 Train, Loss: 17.17, GAME0: 12.09 MSE: 23.80, Cost 20.4 sec
11-26 16:33:03 -----Epoch 12/199-----
11-26 16:33:23 Epoch 12 Train, Loss: 17.06, GAME0: 11.75 MSE: 20.63, Cost 20.3 sec
11-26 16:33:23 -----Epoch 13/199-----
11-26 16:33:44 Epoch 13 Train, Loss: 17.38, GAME0: 12.34 MSE: 23.19, Cost 20.3 sec
11-26 16:33:44 -----Epoch 14/199-----
11-26 16:34:04 Epoch 14 Train, Loss: 17.14, GAME0: 11.82 MSE: 23.37, Cost 20.4 sec
11-26 16:34:04 -----Epoch 15/199-----
11-26 16:34:24 Epoch 15 Train, Loss: 16.86, GAME0: 12.10 MSE: 22.17, Cost 20.4 sec
11-26 16:34:24 -----Epoch 16/199-----
11-26 16:34:45 Epoch 16 Train, Loss: 16.12, GAME0: 11.15 MSE: 19.15, Cost 20.6 sec
11-26 16:34:45 -----Epoch 17/199-----
11-26 16:35:07 Epoch 17 Train, Loss: 16.39, GAME0: 11.64 MSE: 21.72, Cost 21.8 sec
11-26 16:35:07 -----Epoch 18/199-----
11-26 16:35:28 Epoch 18 Train, Loss: 15.86, GAME0: 11.17 MSE: 20.39, Cost 20.8 sec
11-26 16:35:28 -----Epoch 19/199-----
11-26 16:35:48 Epoch 19 Train, Loss: 16.44, GAME0: 11.54 MSE: 21.83, Cost 20.8 sec
11-26 16:35:48 -----Epoch 20/199-----
11-26 16:36:09 Epoch 20 Train, Loss: 16.41, GAME0: 11.79 MSE: 22.81, Cost 20.9 sec
11-26 16:36:19 Epoch 20 Val200, GAME0 71.14 GAME1 91.68 GAME2 116.57 GAME3 146.01 MSE 103.18 Re 1.5642, 
11-26 16:36:19 *** Best Val GAME0 71.144 GAME3 146.009 model epoch 20
11-26 16:36:55 Epoch 20 Test800, GAME0 96.50 GAME1 117.86 GAME2 143.89 GAME3 171.84 MSE 141.27 Re 2.3993, 
11-26 16:36:55 -----Epoch 21/199-----
11-26 16:37:16 Epoch 21 Train, Loss: 16.09, GAME0: 11.51 MSE: 23.01, Cost 20.8 sec
11-26 16:37:26 Epoch 21 Val200, GAME0 67.44 GAME1 83.48 GAME2 103.38 GAME3 131.35 MSE 99.06 Re 1.3714, 
11-26 16:37:26 *** Best Val GAME0 67.440 GAME3 131.349 model epoch 21
11-26 16:38:02 Epoch 21 Test800, GAME0 98.07 GAME1 112.65 GAME2 131.50 GAME3 156.57 MSE 132.44 Re 2.0084, 
11-26 16:38:02 -----Epoch 22/199-----
11-26 16:38:22 Epoch 22 Train, Loss: 15.99, GAME0: 11.32 MSE: 21.39, Cost 20.5 sec
11-26 16:38:32 Epoch 22 Val200, GAME0 67.02 GAME1 81.66 GAME2 102.65 GAME3 128.60 MSE 97.95 Re 1.3806, 
11-26 16:38:32 *** Best Val GAME0 67.025 GAME3 128.600 model epoch 22
11-26 16:39:07 Epoch 22 Test800, GAME0 98.62 GAME1 112.11 GAME2 130.18 GAME3 152.62 MSE 136.81 Re 1.9144, 
11-26 16:39:07 -----Epoch 23/199-----
11-26 16:39:28 Epoch 23 Train, Loss: 15.59, GAME0: 11.06 MSE: 21.77, Cost 20.7 sec
11-26 16:39:37 Epoch 23 Val200, GAME0 69.49 GAME1 85.99 GAME2 113.28 GAME3 142.99 MSE 93.74 Re 1.7167, 
11-26 16:39:37 -----Epoch 24/199-----
11-26 16:39:57 Epoch 24 Train, Loss: 15.41, GAME0: 11.18 MSE: 18.94, Cost 20.3 sec
11-26 16:40:08 Epoch 24 Val200, GAME0 53.97 GAME1 73.07 GAME2 100.73 GAME3 129.93 MSE 77.88 Re 1.1239, 
11-26 16:40:08 *** Best Val GAME0 53.975 GAME3 128.600 model epoch 24
11-26 16:40:47 Epoch 24 Test800, GAME0 60.31 GAME1 84.09 GAME2 108.68 GAME3 135.33 MSE 82.24 Re 1.2538, 
11-26 16:40:47 -----Epoch 25/199-----
11-26 16:41:09 Epoch 25 Train, Loss: 15.86, GAME0: 11.42 MSE: 20.70, Cost 21.9 sec
11-26 16:41:19 Epoch 25 Val200, GAME0 61.58 GAME1 78.62 GAME2 103.18 GAME3 129.59 MSE 82.77 Re 1.3957, 
11-26 16:41:19 -----Epoch 26/199-----
11-26 16:41:41 Epoch 26 Train, Loss: 16.32, GAME0: 11.70 MSE: 23.53, Cost 22.0 sec
11-26 16:41:52 Epoch 26 Val200, GAME0 96.27 GAME1 115.03 GAME2 140.06 GAME3 165.37 MSE 127.46 Re 2.2724, 
11-26 16:41:52 -----Epoch 27/199-----
11-26 16:42:13 Epoch 27 Train, Loss: 15.12, GAME0: 10.80 MSE: 21.35, Cost 20.7 sec
11-26 16:42:22 Epoch 27 Val200, GAME0 89.22 GAME1 97.44 GAME2 112.17 GAME3 133.48 MSE 116.42 Re 1.7944, 
11-26 16:42:22 -----Epoch 28/199-----
11-26 16:42:43 Epoch 28 Train, Loss: 15.11, GAME0: 10.47 MSE: 19.02, Cost 20.8 sec
11-26 16:42:53 Epoch 28 Val200, GAME0 78.00 GAME1 88.24 GAME2 104.13 GAME3 126.20 MSE 110.37 Re 1.5184, 
11-26 16:42:53 *** Best Val GAME0 53.975 GAME3 126.203 model epoch 28
11-26 16:43:27 Epoch 28 Test800, GAME0 105.47 GAME1 115.57 GAME2 129.49 GAME3 149.12 MSE 140.20 Re 2.2055, 
11-26 16:43:27 -----Epoch 29/199-----
11-26 16:43:48 Epoch 29 Train, Loss: 15.31, GAME0: 11.04 MSE: 19.69, Cost 20.6 sec
11-26 16:43:58 Epoch 29 Val200, GAME0 64.21 GAME1 77.96 GAME2 99.13 GAME3 123.54 MSE 93.38 Re 1.2969, 
11-26 16:43:58 *** Best Val GAME0 53.975 GAME3 123.538 model epoch 29
11-26 16:44:34 Epoch 29 Test800, GAME0 76.21 GAME1 91.35 GAME2 108.14 GAME3 130.30 MSE 105.98 Re 1.3798, 
11-26 16:44:34 -----Epoch 30/199-----
11-26 16:44:55 Epoch 30 Train, Loss: 15.24, GAME0: 10.91 MSE: 22.47, Cost 21.5 sec
11-26 16:45:05 Epoch 30 Val200, GAME0 68.26 GAME1 83.09 GAME2 103.30 GAME3 125.65 MSE 95.52 Re 1.5335, 
11-26 16:45:05 -----Epoch 31/199-----
11-26 16:45:26 Epoch 31 Train, Loss: 15.30, GAME0: 11.00 MSE: 20.40, Cost 20.7 sec
11-26 16:45:36 Epoch 31 Val200, GAME0 61.58 GAME1 76.36 GAME2 100.42 GAME3 128.22 MSE 86.22 Re 1.2466, 
11-26 16:45:36 -----Epoch 32/199-----
11-26 16:45:57 Epoch 32 Train, Loss: 14.18, GAME0: 9.82 MSE: 19.04, Cost 20.8 sec
11-26 16:46:07 Epoch 32 Val200, GAME0 56.56 GAME1 82.32 GAME2 110.61 GAME3 140.32 MSE 85.74 Re 1.1248, 
11-26 16:46:07 -----Epoch 33/199-----
11-26 16:46:28 Epoch 33 Train, Loss: 14.85, GAME0: 10.67 MSE: 20.69, Cost 21.4 sec
11-26 16:46:38 Epoch 33 Val200, GAME0 51.33 GAME1 66.41 GAME2 87.02 GAME3 110.35 MSE 74.61 Re 0.9475, 
11-26 16:46:38 *** Best Val GAME0 51.330 GAME3 110.348 model epoch 33
11-26 16:47:14 Epoch 33 Test800, GAME0 58.47 GAME1 75.08 GAME2 97.06 GAME3 120.24 MSE 79.24 Re 1.1067, 
11-26 16:47:14 -----Epoch 34/199-----
11-26 16:47:34 Epoch 34 Train, Loss: 14.91, GAME0: 10.62 MSE: 18.93, Cost 20.5 sec
11-26 16:47:44 Epoch 34 Val200, GAME0 94.81 GAME1 116.55 GAME2 135.01 GAME3 156.75 MSE 117.67 Re 2.2244, 
11-26 16:47:44 -----Epoch 35/199-----
11-26 16:48:05 Epoch 35 Train, Loss: 14.43, GAME0: 10.20 MSE: 20.17, Cost 20.6 sec
11-26 16:48:14 Epoch 35 Val200, GAME0 54.03 GAME1 73.98 GAME2 97.92 GAME3 123.67 MSE 72.57 Re 1.2067, 
11-26 16:48:14 -----Epoch 36/199-----
11-26 16:48:35 Epoch 36 Train, Loss: 14.80, GAME0: 10.75 MSE: 21.15, Cost 20.9 sec
11-26 16:48:46 Epoch 36 Val200, GAME0 55.71 GAME1 71.60 GAME2 91.98 GAME3 116.37 MSE 85.60 Re 1.1514, 
11-26 16:48:46 -----Epoch 37/199-----
11-26 16:49:06 Epoch 37 Train, Loss: 15.06, GAME0: 10.75 MSE: 21.18, Cost 20.5 sec
11-26 16:49:16 Epoch 37 Val200, GAME0 60.32 GAME1 75.35 GAME2 95.41 GAME3 118.24 MSE 93.18 Re 1.2263, 
11-26 16:49:16 -----Epoch 38/199-----
11-26 16:49:37 Epoch 38 Train, Loss: 14.78, GAME0: 10.44 MSE: 21.40, Cost 20.9 sec
11-26 16:49:47 Epoch 38 Val200, GAME0 54.61 GAME1 70.15 GAME2 93.24 GAME3 118.83 MSE 82.38 Re 0.9776, 
11-26 16:49:47 -----Epoch 39/199-----
11-26 16:50:08 Epoch 39 Train, Loss: 14.22, GAME0: 9.92 MSE: 18.91, Cost 21.1 sec
11-26 16:50:18 Epoch 39 Val200, GAME0 64.03 GAME1 83.80 GAME2 107.26 GAME3 134.91 MSE 86.64 Re 1.3480, 
11-26 16:50:18 -----Epoch 40/199-----
11-26 16:50:39 Epoch 40 Train, Loss: 14.94, GAME0: 10.54 MSE: 20.35, Cost 21.0 sec
11-26 16:50:49 Epoch 40 Val200, GAME0 51.85 GAME1 70.58 GAME2 94.71 GAME3 120.54 MSE 71.02 Re 1.1865, 
11-26 16:50:49 -----Epoch 41/199-----
11-26 16:51:09 Epoch 41 Train, Loss: 14.32, GAME0: 10.08 MSE: 18.74, Cost 20.4 sec
11-26 16:51:19 Epoch 41 Val200, GAME0 49.39 GAME1 67.72 GAME2 89.61 GAME3 113.23 MSE 74.40 Re 1.0282, 
11-26 16:51:19 *** Best Val GAME0 49.391 GAME3 110.348 model epoch 41
11-26 16:51:54 Epoch 41 Test800, GAME0 61.63 GAME1 76.83 GAME2 96.45 GAME3 117.60 MSE 82.80 Re 1.3146, 
11-26 16:51:54 -----Epoch 42/199-----
11-26 16:52:14 Epoch 42 Train, Loss: 14.36, GAME0: 10.01 MSE: 19.97, Cost 20.4 sec
11-26 16:52:23 Epoch 42 Val200, GAME0 55.87 GAME1 73.43 GAME2 92.30 GAME3 114.33 MSE 84.52 Re 1.1927, 
11-26 16:52:23 -----Epoch 43/199-----
11-26 16:52:44 Epoch 43 Train, Loss: 14.70, GAME0: 10.38 MSE: 20.93, Cost 20.3 sec
11-26 16:52:53 Epoch 43 Val200, GAME0 75.67 GAME1 84.76 GAME2 96.05 GAME3 111.68 MSE 101.52 Re 1.4858, 
11-26 16:52:53 -----Epoch 44/199-----
11-26 16:53:14 Epoch 44 Train, Loss: 14.61, GAME0: 10.29 MSE: 20.24, Cost 20.5 sec
11-26 16:53:24 Epoch 44 Val200, GAME0 70.73 GAME1 88.64 GAME2 106.21 GAME3 125.81 MSE 95.48 Re 1.5242, 
11-26 16:53:24 -----Epoch 45/199-----
11-26 16:53:44 Epoch 45 Train, Loss: 14.15, GAME0: 9.84 MSE: 19.25, Cost 20.5 sec
11-26 16:53:54 Epoch 45 Val200, GAME0 91.46 GAME1 109.63 GAME2 126.34 GAME3 146.80 MSE 114.21 Re 2.0114, 
11-26 16:53:54 -----Epoch 46/199-----
11-26 16:54:14 Epoch 46 Train, Loss: 14.53, GAME0: 10.32 MSE: 19.96, Cost 20.4 sec
11-26 16:54:24 Epoch 46 Val200, GAME0 57.53 GAME1 74.27 GAME2 99.47 GAME3 126.19 MSE 78.55 Re 1.1976, 
11-26 16:54:24 -----Epoch 47/199-----
11-26 16:54:45 Epoch 47 Train, Loss: 14.14, GAME0: 10.14 MSE: 20.59, Cost 20.9 sec
11-26 16:54:55 Epoch 47 Val200, GAME0 72.19 GAME1 87.76 GAME2 104.18 GAME3 123.60 MSE 94.41 Re 1.5508, 
11-26 16:54:55 -----Epoch 48/199-----
11-26 16:55:15 Epoch 48 Train, Loss: 14.22, GAME0: 10.11 MSE: 19.93, Cost 20.5 sec
11-26 16:55:25 Epoch 48 Val200, GAME0 48.10 GAME1 63.29 GAME2 85.14 GAME3 109.39 MSE 75.46 Re 1.0302, 
11-26 16:55:25 *** Best Val GAME0 48.102 GAME3 109.394 model epoch 48
11-26 16:56:01 Epoch 48 Test800, GAME0 56.25 GAME1 75.09 GAME2 94.78 GAME3 116.99 MSE 80.86 Re 1.1554, 
11-26 16:56:01 -----Epoch 49/199-----
11-26 16:56:22 Epoch 49 Train, Loss: 14.69, GAME0: 10.70 MSE: 21.77, Cost 20.4 sec
11-26 16:56:31 Epoch 49 Val200, GAME0 54.59 GAME1 76.05 GAME2 97.50 GAME3 121.95 MSE 81.19 Re 1.2193, 
11-26 16:56:31 -----Epoch 50/199-----
11-26 16:56:52 Epoch 50 Train, Loss: 13.83, GAME0: 9.75 MSE: 19.68, Cost 20.7 sec
11-26 16:57:01 Epoch 50 Val200, GAME0 52.63 GAME1 77.26 GAME2 99.57 GAME3 123.45 MSE 71.70 Re 1.0613, 
11-26 16:57:01 -----Epoch 51/199-----
11-26 16:57:22 Epoch 51 Train, Loss: 14.15, GAME0: 9.93 MSE: 20.91, Cost 20.4 sec
11-26 16:57:31 Epoch 51 Val200, GAME0 60.96 GAME1 79.46 GAME2 101.35 GAME3 126.78 MSE 90.65 Re 1.1377, 
11-26 16:57:31 -----Epoch 52/199-----
11-26 16:57:52 Epoch 52 Train, Loss: 13.74, GAME0: 9.63 MSE: 17.62, Cost 20.6 sec
11-26 16:58:02 Epoch 52 Val200, GAME0 79.31 GAME1 95.38 GAME2 116.64 GAME3 140.43 MSE 107.34 Re 1.8684, 
11-26 16:58:02 -----Epoch 53/199-----
11-26 16:58:22 Epoch 53 Train, Loss: 14.16, GAME0: 9.77 MSE: 17.96, Cost 20.6 sec
11-26 16:58:32 Epoch 53 Val200, GAME0 65.63 GAME1 80.40 GAME2 98.06 GAME3 120.32 MSE 86.15 Re 1.2937, 
11-26 16:58:32 -----Epoch 54/199-----
11-26 16:58:52 Epoch 54 Train, Loss: 13.54, GAME0: 9.39 MSE: 18.57, Cost 20.4 sec
11-26 16:59:01 Epoch 54 Val200, GAME0 54.58 GAME1 72.99 GAME2 96.21 GAME3 120.17 MSE 77.40 Re 1.2627, 
11-26 16:59:01 -----Epoch 55/199-----
11-26 16:59:22 Epoch 55 Train, Loss: 14.08, GAME0: 9.88 MSE: 19.14, Cost 20.4 sec
11-26 16:59:31 Epoch 55 Val200, GAME0 53.25 GAME1 78.08 GAME2 103.85 GAME3 129.40 MSE 69.82 Re 1.1652, 
11-26 16:59:31 -----Epoch 56/199-----
11-26 16:59:52 Epoch 56 Train, Loss: 13.78, GAME0: 9.43 MSE: 19.30, Cost 20.8 sec
11-26 17:00:02 Epoch 56 Val200, GAME0 49.22 GAME1 67.34 GAME2 87.92 GAME3 110.35 MSE 68.92 Re 0.9741, 
11-26 17:00:02 -----Epoch 57/199-----
11-26 17:00:22 Epoch 57 Train, Loss: 13.54, GAME0: 9.47 MSE: 18.01, Cost 20.3 sec
11-26 17:00:32 Epoch 57 Val200, GAME0 47.37 GAME1 66.90 GAME2 90.60 GAME3 113.29 MSE 67.02 Re 1.0893, 
11-26 17:00:32 *** Best Val GAME0 47.370 GAME3 109.394 model epoch 57
11-26 17:01:06 Epoch 57 Test800, GAME0 61.78 GAME1 80.57 GAME2 104.45 GAME3 124.77 MSE 80.79 Re 1.4730, 
11-26 17:01:06 -----Epoch 58/199-----
11-26 17:01:27 Epoch 58 Train, Loss: 13.54, GAME0: 9.43 MSE: 18.63, Cost 20.4 sec
11-26 17:01:36 Epoch 58 Val200, GAME0 84.49 GAME1 104.53 GAME2 128.25 GAME3 153.38 MSE 114.68 Re 2.1047, 
11-26 17:01:36 -----Epoch 59/199-----
11-26 17:01:57 Epoch 59 Train, Loss: 14.25, GAME0: 10.15 MSE: 20.64, Cost 20.3 sec
11-26 17:02:07 Epoch 59 Val200, GAME0 58.51 GAME1 75.51 GAME2 93.90 GAME3 116.75 MSE 85.44 Re 1.1572, 
11-26 17:02:07 -----Epoch 60/199-----
11-26 17:02:28 Epoch 60 Train, Loss: 14.20, GAME0: 10.20 MSE: 19.58, Cost 20.9 sec
11-26 17:02:38 Epoch 60 Val200, GAME0 52.16 GAME1 68.43 GAME2 88.57 GAME3 110.58 MSE 76.79 Re 1.0793, 
11-26 17:02:38 -----Epoch 61/199-----
11-26 17:02:58 Epoch 61 Train, Loss: 13.79, GAME0: 9.67 MSE: 19.31, Cost 20.5 sec
11-26 17:03:08 Epoch 61 Val200, GAME0 54.80 GAME1 67.79 GAME2 85.57 GAME3 107.85 MSE 83.10 Re 1.0460, 
11-26 17:03:08 *** Best Val GAME0 47.370 GAME3 107.852 model epoch 61
11-26 17:03:42 Epoch 61 Test800, GAME0 63.26 GAME1 80.40 GAME2 99.42 GAME3 121.51 MSE 90.22 Re 1.2362, 
11-26 17:03:42 -----Epoch 62/199-----
11-26 17:04:03 Epoch 62 Train, Loss: 13.45, GAME0: 9.25 MSE: 19.62, Cost 20.3 sec
11-26 17:04:12 Epoch 62 Val200, GAME0 64.28 GAME1 76.17 GAME2 95.10 GAME3 117.13 MSE 85.72 Re 1.2251, 
11-26 17:04:12 -----Epoch 63/199-----
11-26 17:04:33 Epoch 63 Train, Loss: 13.32, GAME0: 9.52 MSE: 17.78, Cost 20.5 sec
11-26 17:04:42 Epoch 63 Val200, GAME0 49.06 GAME1 67.34 GAME2 91.09 GAME3 115.21 MSE 71.79 Re 1.0424, 
11-26 17:04:42 -----Epoch 64/199-----
11-26 17:05:03 Epoch 64 Train, Loss: 13.38, GAME0: 9.55 MSE: 18.15, Cost 20.3 sec
11-26 17:05:12 Epoch 64 Val200, GAME0 125.36 GAME1 133.73 GAME2 143.02 GAME3 157.08 MSE 153.26 Re 2.6329, 
11-26 17:05:12 -----Epoch 65/199-----
11-26 17:05:34 Epoch 65 Train, Loss: 14.01, GAME0: 9.92 MSE: 18.81, Cost 21.3 sec
11-26 17:05:43 Epoch 65 Val200, GAME0 68.45 GAME1 90.91 GAME2 112.29 GAME3 136.68 MSE 89.87 Re 1.5032, 
11-26 17:05:43 -----Epoch 66/199-----
11-26 17:06:04 Epoch 66 Train, Loss: 13.53, GAME0: 9.53 MSE: 18.97, Cost 20.6 sec
11-26 17:06:14 Epoch 66 Val200, GAME0 44.87 GAME1 59.74 GAME2 79.08 GAME3 100.83 MSE 68.37 Re 0.8877, 
11-26 17:06:14 *** Best Val GAME0 44.868 GAME3 100.829 model epoch 66
11-26 17:06:49 Epoch 66 Test800, GAME0 53.67 GAME1 70.34 GAME2 90.04 GAME3 110.70 MSE 72.93 Re 1.0297, 
11-26 17:06:49 -----Epoch 67/199-----
11-26 17:07:11 Epoch 67 Train, Loss: 13.61, GAME0: 9.71 MSE: 20.66, Cost 21.2 sec
11-26 17:07:20 Epoch 67 Val200, GAME0 73.76 GAME1 92.84 GAME2 113.19 GAME3 135.63 MSE 93.93 Re 1.6682, 
11-26 17:07:20 -----Epoch 68/199-----
11-26 17:07:40 Epoch 68 Train, Loss: 12.79, GAME0: 9.00 MSE: 17.88, Cost 19.9 sec
11-26 17:07:50 Epoch 68 Val200, GAME0 46.20 GAME1 61.33 GAME2 81.11 GAME3 103.34 MSE 75.72 Re 0.8350, 
11-26 17:07:50 -----Epoch 69/199-----
11-26 17:08:12 Epoch 69 Train, Loss: 13.91, GAME0: 9.86 MSE: 19.83, Cost 21.3 sec
11-26 17:08:21 Epoch 69 Val200, GAME0 48.51 GAME1 63.93 GAME2 83.58 GAME3 106.20 MSE 77.61 Re 0.8708, 
11-26 17:08:21 -----Epoch 70/199-----
11-26 17:08:41 Epoch 70 Train, Loss: 13.43, GAME0: 9.42 MSE: 19.17, Cost 20.2 sec
11-26 17:08:51 Epoch 70 Val200, GAME0 89.50 GAME1 107.43 GAME2 130.95 GAME3 155.92 MSE 118.34 Re 2.1607, 
11-26 17:08:51 -----Epoch 71/199-----
11-26 17:09:11 Epoch 71 Train, Loss: 12.72, GAME0: 8.72 MSE: 17.21, Cost 20.3 sec
11-26 17:09:21 Epoch 71 Val200, GAME0 47.63 GAME1 62.06 GAME2 83.15 GAME3 106.11 MSE 66.76 Re 0.9464, 
11-26 17:09:21 -----Epoch 72/199-----
11-26 17:09:41 Epoch 72 Train, Loss: 13.15, GAME0: 9.15 MSE: 18.57, Cost 19.9 sec
11-26 17:09:52 Epoch 72 Val200, GAME0 41.68 GAME1 57.47 GAME2 76.77 GAME3 99.86 MSE 67.47 Re 0.7646, 
11-26 17:09:52 *** Best Val GAME0 41.680 GAME3 99.860 model epoch 72
11-26 17:10:27 Epoch 72 Test800, GAME0 48.73 GAME1 63.41 GAME2 83.00 GAME3 104.19 MSE 75.96 Re 0.8047, 
11-26 17:10:27 -----Epoch 73/199-----
11-26 17:10:46 Epoch 73 Train, Loss: 13.30, GAME0: 9.46 MSE: 19.95, Cost 19.7 sec
11-26 17:10:56 Epoch 73 Val200, GAME0 51.15 GAME1 68.65 GAME2 91.27 GAME3 114.08 MSE 69.14 Re 1.1652, 
11-26 17:10:56 -----Epoch 74/199-----
11-26 17:11:16 Epoch 74 Train, Loss: 13.43, GAME0: 9.52 MSE: 19.24, Cost 19.6 sec
11-26 17:11:25 Epoch 74 Val200, GAME0 52.95 GAME1 72.69 GAME2 97.74 GAME3 123.68 MSE 71.42 Re 1.1751, 
11-26 17:11:25 -----Epoch 75/199-----
11-26 17:11:44 Epoch 75 Train, Loss: 13.42, GAME0: 9.56 MSE: 20.59, Cost 19.6 sec
11-26 17:11:54 Epoch 75 Val200, GAME0 43.64 GAME1 60.58 GAME2 84.56 GAME3 109.29 MSE 63.56 Re 0.9829, 
11-26 17:11:54 -----Epoch 76/199-----
11-26 17:12:13 Epoch 76 Train, Loss: 13.51, GAME0: 9.51 MSE: 19.72, Cost 19.6 sec
11-26 17:12:23 Epoch 76 Val200, GAME0 49.76 GAME1 63.35 GAME2 80.35 GAME3 101.66 MSE 85.79 Re 0.8995, 
11-26 17:12:23 -----Epoch 77/199-----
11-26 17:12:42 Epoch 77 Train, Loss: 13.49, GAME0: 9.44 MSE: 20.56, Cost 19.5 sec
11-26 17:12:52 Epoch 77 Val200, GAME0 55.93 GAME1 71.82 GAME2 93.45 GAME3 118.39 MSE 83.15 Re 1.2927, 
11-26 17:12:52 -----Epoch 78/199-----
11-26 17:13:11 Epoch 78 Train, Loss: 13.61, GAME0: 9.64 MSE: 19.76, Cost 19.5 sec
11-26 17:13:21 Epoch 78 Val200, GAME0 58.19 GAME1 77.47 GAME2 100.47 GAME3 125.75 MSE 77.56 Re 1.2067, 
11-26 17:13:21 -----Epoch 79/199-----
11-26 17:13:40 Epoch 79 Train, Loss: 12.97, GAME0: 9.06 MSE: 18.32, Cost 19.6 sec
11-26 17:13:49 Epoch 79 Val200, GAME0 59.51 GAME1 70.77 GAME2 85.65 GAME3 105.14 MSE 85.41 Re 1.1870, 
11-26 17:13:49 -----Epoch 80/199-----
11-26 17:14:09 Epoch 80 Train, Loss: 13.00, GAME0: 9.16 MSE: 18.06, Cost 19.6 sec
11-26 17:14:18 Epoch 80 Val200, GAME0 43.77 GAME1 60.46 GAME2 83.18 GAME3 107.73 MSE 64.25 Re 0.9733, 
11-26 17:14:18 -----Epoch 81/199-----
11-26 17:14:38 Epoch 81 Train, Loss: 13.30, GAME0: 9.37 MSE: 18.19, Cost 19.5 sec
11-26 17:14:47 Epoch 81 Val200, GAME0 38.05 GAME1 55.36 GAME2 76.17 GAME3 98.54 MSE 66.83 Re 0.7483, 
11-26 17:14:47 *** Best Val GAME0 38.052 GAME3 98.540 model epoch 81
11-26 17:15:22 Epoch 81 Test800, GAME0 48.80 GAME1 65.76 GAME2 86.21 GAME3 107.53 MSE 75.21 Re 0.9781, 
11-26 17:15:22 -----Epoch 82/199-----
11-26 17:15:42 Epoch 82 Train, Loss: 12.33, GAME0: 8.43 MSE: 15.57, Cost 19.7 sec
11-26 17:15:51 Epoch 82 Val200, GAME0 64.93 GAME1 75.49 GAME2 88.05 GAME3 107.38 MSE 91.81 Re 1.1964, 
11-26 17:15:51 -----Epoch 83/199-----
11-26 17:16:11 Epoch 83 Train, Loss: 12.88, GAME0: 8.80 MSE: 16.83, Cost 19.7 sec
11-26 17:16:20 Epoch 83 Val200, GAME0 57.36 GAME1 71.09 GAME2 89.72 GAME3 113.33 MSE 79.37 Re 1.0737, 
11-26 17:16:20 -----Epoch 84/199-----
11-26 17:16:40 Epoch 84 Train, Loss: 13.16, GAME0: 9.21 MSE: 19.24, Cost 19.9 sec
11-26 17:16:50 Epoch 84 Val200, GAME0 58.65 GAME1 67.31 GAME2 82.52 GAME3 104.04 MSE 86.59 Re 1.1016, 
11-26 17:16:50 -----Epoch 85/199-----
11-26 17:17:09 Epoch 85 Train, Loss: 12.63, GAME0: 8.70 MSE: 17.05, Cost 19.6 sec
11-26 17:17:19 Epoch 85 Val200, GAME0 60.16 GAME1 72.43 GAME2 88.50 GAME3 109.18 MSE 85.02 Re 1.2130, 
11-26 17:17:19 -----Epoch 86/199-----
11-26 17:17:38 Epoch 86 Train, Loss: 13.06, GAME0: 9.00 MSE: 18.83, Cost 19.7 sec
11-26 17:17:48 Epoch 86 Val200, GAME0 81.47 GAME1 88.24 GAME2 98.05 GAME3 114.90 MSE 105.13 Re 1.6562, 
11-26 17:17:48 -----Epoch 87/199-----
11-26 17:18:07 Epoch 87 Train, Loss: 12.87, GAME0: 9.10 MSE: 18.12, Cost 19.6 sec
11-26 17:18:17 Epoch 87 Val200, GAME0 85.95 GAME1 98.72 GAME2 110.62 GAME3 127.71 MSE 107.94 Re 1.8589, 
11-26 17:18:17 -----Epoch 88/199-----
11-26 17:18:37 Epoch 88 Train, Loss: 12.45, GAME0: 8.39 MSE: 15.03, Cost 19.6 sec
11-26 17:18:46 Epoch 88 Val200, GAME0 46.23 GAME1 58.61 GAME2 76.66 GAME3 97.83 MSE 71.93 Re 0.8306, 
11-26 17:18:46 *** Best Val GAME0 38.052 GAME3 97.830 model epoch 88
11-26 17:19:20 Epoch 88 Test800, GAME0 53.03 GAME1 65.90 GAME2 84.21 GAME3 104.55 MSE 73.49 Re 0.9694, 
11-26 17:19:20 -----Epoch 89/199-----
11-26 17:19:40 Epoch 89 Train, Loss: 12.66, GAME0: 8.70 MSE: 17.31, Cost 19.7 sec
11-26 17:19:49 Epoch 89 Val200, GAME0 63.02 GAME1 70.58 GAME2 82.41 GAME3 101.25 MSE 90.63 Re 1.1438, 
11-26 17:19:49 -----Epoch 90/199-----
11-26 17:20:09 Epoch 90 Train, Loss: 12.47, GAME0: 8.82 MSE: 18.03, Cost 19.7 sec
11-26 17:20:18 Epoch 90 Val200, GAME0 65.54 GAME1 76.26 GAME2 87.49 GAME3 103.54 MSE 98.50 Re 1.3126, 
11-26 17:20:18 -----Epoch 91/199-----
11-26 17:20:38 Epoch 91 Train, Loss: 12.82, GAME0: 8.71 MSE: 17.22, Cost 19.7 sec
11-26 17:20:47 Epoch 91 Val200, GAME0 76.71 GAME1 86.87 GAME2 100.39 GAME3 119.50 MSE 98.86 Re 1.5521, 
11-26 17:20:47 -----Epoch 92/199-----
11-26 17:21:07 Epoch 92 Train, Loss: 12.19, GAME0: 8.35 MSE: 15.75, Cost 19.8 sec
11-26 17:21:16 Epoch 92 Val200, GAME0 46.90 GAME1 65.37 GAME2 84.55 GAME3 105.82 MSE 76.44 Re 0.9770, 
11-26 17:21:16 -----Epoch 93/199-----
11-26 17:21:36 Epoch 93 Train, Loss: 12.58, GAME0: 8.71 MSE: 17.33, Cost 19.7 sec
11-26 17:21:45 Epoch 93 Val200, GAME0 49.07 GAME1 67.90 GAME2 89.15 GAME3 111.14 MSE 72.04 Re 1.0676, 
11-26 17:21:45 -----Epoch 94/199-----
11-26 17:22:05 Epoch 94 Train, Loss: 12.46, GAME0: 8.51 MSE: 17.86, Cost 19.7 sec
11-26 17:22:15 Epoch 94 Val200, GAME0 55.08 GAME1 68.63 GAME2 87.05 GAME3 109.69 MSE 81.81 Re 0.9976, 
11-26 17:22:15 -----Epoch 95/199-----
11-26 17:22:34 Epoch 95 Train, Loss: 12.49, GAME0: 8.49 MSE: 16.81, Cost 19.6 sec
11-26 17:22:43 Epoch 95 Val200, GAME0 47.30 GAME1 70.78 GAME2 94.19 GAME3 120.00 MSE 73.01 Re 1.0415, 
11-26 17:22:43 -----Epoch 96/199-----
11-26 17:23:03 Epoch 96 Train, Loss: 12.58, GAME0: 8.72 MSE: 18.21, Cost 19.7 sec
11-26 17:23:12 Epoch 96 Val200, GAME0 52.87 GAME1 62.44 GAME2 76.96 GAME3 96.91 MSE 82.18 Re 0.9049, 
11-26 17:23:12 *** Best Val GAME0 38.052 GAME3 96.911 model epoch 96
11-26 17:23:47 Epoch 96 Test800, GAME0 71.03 GAME1 79.94 GAME2 94.61 GAME3 113.21 MSE 101.39 Re 1.3074, 
11-26 17:23:47 -----Epoch 97/199-----
11-26 17:24:06 Epoch 97 Train, Loss: 12.79, GAME0: 8.84 MSE: 17.75, Cost 19.6 sec
11-26 17:24:15 Epoch 97 Val200, GAME0 54.37 GAME1 70.05 GAME2 85.48 GAME3 104.18 MSE 81.63 Re 1.1004, 
11-26 17:24:15 -----Epoch 98/199-----
11-26 17:24:35 Epoch 98 Train, Loss: 12.19, GAME0: 8.20 MSE: 16.10, Cost 19.6 sec
11-26 17:24:44 Epoch 98 Val200, GAME0 43.23 GAME1 55.68 GAME2 74.90 GAME3 96.56 MSE 69.35 Re 0.7423, 
11-26 17:24:44 *** Best Val GAME0 38.052 GAME3 96.559 model epoch 98
11-26 17:25:19 Epoch 98 Test800, GAME0 47.57 GAME1 63.13 GAME2 83.03 GAME3 104.33 MSE 69.56 Re 0.8230, 
11-26 17:25:19 -----Epoch 99/199-----
11-26 17:25:38 Epoch 99 Train, Loss: 12.09, GAME0: 8.22 MSE: 16.20, Cost 19.7 sec
11-26 17:25:47 Epoch 99 Val200, GAME0 46.08 GAME1 60.55 GAME2 81.19 GAME3 103.55 MSE 73.92 Re 0.9962, 
11-26 17:25:47 -----Epoch 100/199-----
11-26 17:26:07 Epoch 100 Train, Loss: 12.27, GAME0: 8.26 MSE: 15.99, Cost 19.6 sec
11-26 17:26:17 Epoch 100 Val200, GAME0 75.33 GAME1 79.83 GAME2 90.83 GAME3 107.15 MSE 106.63 Re 1.4372, 
11-26 17:26:17 -----Epoch 101/199-----
11-26 17:26:37 Epoch 101 Train, Loss: 12.44, GAME0: 8.57 MSE: 17.09, Cost 20.0 sec
11-26 17:26:46 Epoch 101 Val200, GAME0 69.99 GAME1 75.09 GAME2 84.96 GAME3 101.18 MSE 103.98 Re 1.2828, 
11-26 17:26:46 -----Epoch 102/199-----
11-26 17:27:05 Epoch 102 Train, Loss: 12.53, GAME0: 8.40 MSE: 15.19, Cost 19.7 sec
11-26 17:27:15 Epoch 102 Val200, GAME0 65.06 GAME1 79.18 GAME2 98.05 GAME3 118.95 MSE 88.61 Re 1.4092, 
11-26 17:27:15 -----Epoch 103/199-----
11-26 17:27:34 Epoch 103 Train, Loss: 12.22, GAME0: 7.97 MSE: 15.37, Cost 19.6 sec
11-26 17:27:44 Epoch 103 Val200, GAME0 66.36 GAME1 71.51 GAME2 81.81 GAME3 98.02 MSE 91.35 Re 1.2357, 
11-26 17:27:44 -----Epoch 104/199-----
11-26 17:28:03 Epoch 104 Train, Loss: 12.44, GAME0: 8.47 MSE: 17.46, Cost 19.6 sec
11-26 17:28:13 Epoch 104 Val200, GAME0 42.84 GAME1 56.86 GAME2 73.87 GAME3 94.15 MSE 69.22 Re 0.7987, 
11-26 17:28:13 *** Best Val GAME0 38.052 GAME3 94.152 model epoch 104
11-26 17:28:47 Epoch 104 Test800, GAME0 48.07 GAME1 62.07 GAME2 79.03 GAME3 97.32 MSE 73.53 Re 0.8049, 
11-26 17:28:47 -----Epoch 105/199-----
11-26 17:29:07 Epoch 105 Train, Loss: 12.12, GAME0: 8.32 MSE: 16.87, Cost 19.7 sec
11-26 17:29:16 Epoch 105 Val200, GAME0 56.28 GAME1 66.23 GAME2 83.60 GAME3 104.49 MSE 82.29 Re 1.0508, 
11-26 17:29:16 -----Epoch 106/199-----
11-26 17:29:36 Epoch 106 Train, Loss: 12.37, GAME0: 8.45 MSE: 16.62, Cost 19.6 sec
11-26 17:29:45 Epoch 106 Val200, GAME0 46.34 GAME1 59.96 GAME2 77.72 GAME3 99.28 MSE 77.75 Re 0.8945, 
11-26 17:29:45 -----Epoch 107/199-----
11-26 17:30:05 Epoch 107 Train, Loss: 12.01, GAME0: 8.10 MSE: 15.98, Cost 19.7 sec
11-26 17:30:14 Epoch 107 Val200, GAME0 51.96 GAME1 72.07 GAME2 92.91 GAME3 115.64 MSE 83.46 Re 1.1011, 
11-26 17:30:14 -----Epoch 108/199-----
11-26 17:30:34 Epoch 108 Train, Loss: 11.92, GAME0: 8.02 MSE: 16.07, Cost 19.6 sec
11-26 17:30:43 Epoch 108 Val200, GAME0 46.03 GAME1 58.56 GAME2 77.88 GAME3 100.23 MSE 75.98 Re 0.9351, 
11-26 17:30:43 -----Epoch 109/199-----
11-26 17:31:03 Epoch 109 Train, Loss: 11.89, GAME0: 7.99 MSE: 15.98, Cost 19.7 sec
11-26 17:31:12 Epoch 109 Val200, GAME0 42.13 GAME1 58.50 GAME2 77.44 GAME3 99.02 MSE 63.51 Re 0.7904, 
11-26 17:31:12 -----Epoch 110/199-----
11-26 17:31:32 Epoch 110 Train, Loss: 12.03, GAME0: 8.27 MSE: 18.52, Cost 19.7 sec
11-26 17:31:41 Epoch 110 Val200, GAME0 41.49 GAME1 58.28 GAME2 74.98 GAME3 94.98 MSE 63.28 Re 0.8251, 
11-26 17:31:41 -----Epoch 111/199-----
11-26 17:32:01 Epoch 111 Train, Loss: 12.31, GAME0: 8.45 MSE: 17.04, Cost 19.6 sec
11-26 17:32:10 Epoch 111 Val200, GAME0 54.30 GAME1 67.14 GAME2 78.70 GAME3 95.69 MSE 80.64 Re 1.0680, 
11-26 17:32:10 -----Epoch 112/199-----
11-26 17:32:30 Epoch 112 Train, Loss: 12.24, GAME0: 8.40 MSE: 16.07, Cost 19.6 sec
11-26 17:32:39 Epoch 112 Val200, GAME0 47.48 GAME1 62.54 GAME2 83.93 GAME3 108.80 MSE 71.66 Re 1.1230, 
11-26 17:32:39 -----Epoch 113/199-----
11-26 17:32:58 Epoch 113 Train, Loss: 12.05, GAME0: 7.93 MSE: 16.07, Cost 19.7 sec
11-26 17:33:08 Epoch 113 Val200, GAME0 34.95 GAME1 49.61 GAME2 66.40 GAME3 85.87 MSE 69.53 Re 0.5906, 
11-26 17:33:08 *** Best Val GAME0 34.951 GAME3 85.872 model epoch 113
11-26 17:33:42 Epoch 113 Test800, GAME0 54.26 GAME1 65.24 GAME2 79.04 GAME3 95.88 MSE 82.79 Re 0.9536, 
11-26 17:33:42 -----Epoch 114/199-----
11-26 17:34:01 Epoch 114 Train, Loss: 11.88, GAME0: 7.86 MSE: 15.18, Cost 19.5 sec
11-26 17:34:10 Epoch 114 Val200, GAME0 40.60 GAME1 58.43 GAME2 79.74 GAME3 102.72 MSE 70.04 Re 0.7203, 
11-26 17:34:10 -----Epoch 115/199-----
11-26 17:34:30 Epoch 115 Train, Loss: 11.58, GAME0: 7.72 MSE: 14.81, Cost 19.5 sec
11-26 17:34:39 Epoch 115 Val200, GAME0 45.68 GAME1 58.60 GAME2 74.26 GAME3 94.42 MSE 80.63 Re 0.7848, 
11-26 17:34:39 -----Epoch 116/199-----
11-26 17:34:59 Epoch 116 Train, Loss: 11.54, GAME0: 7.74 MSE: 15.72, Cost 19.6 sec
11-26 17:35:08 Epoch 116 Val200, GAME0 64.53 GAME1 72.72 GAME2 85.42 GAME3 103.15 MSE 89.74 Re 1.2196, 
11-26 17:35:08 -----Epoch 117/199-----
11-26 17:35:28 Epoch 117 Train, Loss: 11.83, GAME0: 7.96 MSE: 16.81, Cost 19.6 sec
11-26 17:35:37 Epoch 117 Val200, GAME0 114.21 GAME1 118.51 GAME2 124.80 GAME3 136.51 MSE 139.82 Re 2.3347, 
11-26 17:35:37 -----Epoch 118/199-----
11-26 17:35:57 Epoch 118 Train, Loss: 11.96, GAME0: 8.05 MSE: 16.54, Cost 19.5 sec
11-26 17:36:06 Epoch 118 Val200, GAME0 57.28 GAME1 65.56 GAME2 76.95 GAME3 93.95 MSE 89.24 Re 1.0271, 
11-26 17:36:06 -----Epoch 119/199-----
11-26 17:36:25 Epoch 119 Train, Loss: 11.91, GAME0: 8.06 MSE: 17.69, Cost 19.6 sec
11-26 17:36:35 Epoch 119 Val200, GAME0 46.37 GAME1 58.31 GAME2 73.74 GAME3 94.44 MSE 75.54 Re 0.8219, 
11-26 17:36:35 -----Epoch 120/199-----
11-26 17:36:54 Epoch 120 Train, Loss: 11.84, GAME0: 8.00 MSE: 16.46, Cost 19.5 sec
11-26 17:37:04 Epoch 120 Val200, GAME0 35.36 GAME1 49.65 GAME2 67.35 GAME3 88.57 MSE 71.09 Re 0.6110, 
11-26 17:37:04 -----Epoch 121/199-----
11-26 17:37:23 Epoch 121 Train, Loss: 11.84, GAME0: 7.74 MSE: 14.40, Cost 19.6 sec
11-26 17:37:33 Epoch 121 Val200, GAME0 53.84 GAME1 64.99 GAME2 81.49 GAME3 101.53 MSE 77.67 Re 0.9920, 
11-26 17:37:33 -----Epoch 122/199-----
11-26 17:37:52 Epoch 122 Train, Loss: 11.68, GAME0: 7.79 MSE: 16.44, Cost 19.5 sec
11-26 17:38:01 Epoch 122 Val200, GAME0 57.70 GAME1 72.18 GAME2 92.36 GAME3 114.28 MSE 82.80 Re 1.2775, 
11-26 17:38:01 -----Epoch 123/199-----
11-26 17:38:21 Epoch 123 Train, Loss: 11.40, GAME0: 7.67 MSE: 15.99, Cost 19.5 sec
11-26 17:38:30 Epoch 123 Val200, GAME0 48.92 GAME1 63.63 GAME2 81.30 GAME3 101.62 MSE 76.74 Re 0.9901, 
11-26 17:38:30 -----Epoch 124/199-----
11-26 17:38:50 Epoch 124 Train, Loss: 11.49, GAME0: 7.68 MSE: 15.26, Cost 19.6 sec
11-26 17:38:59 Epoch 124 Val200, GAME0 40.25 GAME1 55.00 GAME2 71.90 GAME3 91.66 MSE 74.40 Re 0.7285, 
11-26 17:38:59 -----Epoch 125/199-----
11-26 17:39:19 Epoch 125 Train, Loss: 12.02, GAME0: 8.12 MSE: 15.78, Cost 19.5 sec
11-26 17:39:28 Epoch 125 Val200, GAME0 44.43 GAME1 58.67 GAME2 76.67 GAME3 97.43 MSE 77.28 Re 0.9011, 
11-26 17:39:28 -----Epoch 126/199-----
11-26 17:39:48 Epoch 126 Train, Loss: 11.65, GAME0: 7.76 MSE: 15.40, Cost 19.6 sec
11-26 17:39:57 Epoch 126 Val200, GAME0 45.12 GAME1 60.67 GAME2 78.83 GAME3 99.98 MSE 76.38 Re 0.8524, 
11-26 17:39:57 -----Epoch 127/199-----
11-26 17:40:16 Epoch 127 Train, Loss: 11.34, GAME0: 7.35 MSE: 16.26, Cost 19.5 sec
11-26 17:40:26 Epoch 127 Val200, GAME0 43.35 GAME1 56.88 GAME2 74.24 GAME3 95.14 MSE 75.43 Re 0.7974, 
11-26 17:40:26 -----Epoch 128/199-----
11-26 17:40:45 Epoch 128 Train, Loss: 11.10, GAME0: 7.24 MSE: 14.09, Cost 19.6 sec
11-26 17:40:55 Epoch 128 Val200, GAME0 42.62 GAME1 59.58 GAME2 78.65 GAME3 102.67 MSE 72.98 Re 0.8251, 
11-26 17:40:55 -----Epoch 129/199-----
11-26 17:41:14 Epoch 129 Train, Loss: 11.15, GAME0: 7.35 MSE: 13.93, Cost 19.5 sec
11-26 17:41:24 Epoch 129 Val200, GAME0 48.80 GAME1 66.57 GAME2 88.96 GAME3 111.97 MSE 82.14 Re 0.8906, 
11-26 17:41:24 -----Epoch 130/199-----
11-26 17:41:43 Epoch 130 Train, Loss: 11.73, GAME0: 7.88 MSE: 17.95, Cost 19.6 sec
11-26 17:41:53 Epoch 130 Val200, GAME0 48.38 GAME1 62.69 GAME2 78.45 GAME3 99.66 MSE 78.44 Re 0.8989, 
11-26 17:41:53 -----Epoch 131/199-----
11-26 17:42:12 Epoch 131 Train, Loss: 11.21, GAME0: 7.45 MSE: 15.54, Cost 19.6 sec
11-26 17:42:22 Epoch 131 Val200, GAME0 42.55 GAME1 59.20 GAME2 77.85 GAME3 98.40 MSE 70.33 Re 0.8698, 
11-26 17:42:22 -----Epoch 132/199-----
11-26 17:42:41 Epoch 132 Train, Loss: 11.24, GAME0: 7.37 MSE: 16.45, Cost 19.5 sec
11-26 17:42:50 Epoch 132 Val200, GAME0 44.93 GAME1 60.25 GAME2 81.25 GAME3 104.54 MSE 72.36 Re 0.9947, 
11-26 17:42:50 -----Epoch 133/199-----
11-26 17:43:10 Epoch 133 Train, Loss: 11.42, GAME0: 7.78 MSE: 16.90, Cost 19.5 sec
11-26 17:43:19 Epoch 133 Val200, GAME0 49.10 GAME1 63.87 GAME2 84.86 GAME3 107.50 MSE 76.44 Re 1.0516, 
11-26 17:43:19 -----Epoch 134/199-----
11-26 17:43:39 Epoch 134 Train, Loss: 11.46, GAME0: 7.71 MSE: 14.37, Cost 19.5 sec
11-26 17:43:48 Epoch 134 Val200, GAME0 38.55 GAME1 51.36 GAME2 70.05 GAME3 90.99 MSE 70.32 Re 0.7903, 
11-26 17:43:48 -----Epoch 135/199-----
11-26 17:44:08 Epoch 135 Train, Loss: 11.49, GAME0: 7.41 MSE: 14.86, Cost 19.6 sec
11-26 17:44:17 Epoch 135 Val200, GAME0 35.11 GAME1 48.56 GAME2 67.61 GAME3 87.79 MSE 61.18 Re 0.6374, 
11-26 17:44:17 -----Epoch 136/199-----
11-26 17:44:36 Epoch 136 Train, Loss: 11.62, GAME0: 7.86 MSE: 16.47, Cost 19.6 sec
11-26 17:44:46 Epoch 136 Val200, GAME0 37.37 GAME1 52.37 GAME2 70.36 GAME3 90.81 MSE 66.86 Re 0.7799, 
11-26 17:44:46 -----Epoch 137/199-----
11-26 17:45:05 Epoch 137 Train, Loss: 11.25, GAME0: 7.45 MSE: 15.88, Cost 19.5 sec
11-26 17:45:15 Epoch 137 Val200, GAME0 37.69 GAME1 52.95 GAME2 70.31 GAME3 90.89 MSE 67.53 Re 0.6876, 
11-26 17:45:15 -----Epoch 138/199-----
11-26 17:45:34 Epoch 138 Train, Loss: 11.74, GAME0: 7.67 MSE: 16.36, Cost 19.5 sec
11-26 17:45:43 Epoch 138 Val200, GAME0 41.16 GAME1 55.86 GAME2 73.15 GAME3 93.78 MSE 63.89 Re 0.7791, 
11-26 17:45:43 -----Epoch 139/199-----
11-26 17:46:03 Epoch 139 Train, Loss: 11.38, GAME0: 7.50 MSE: 15.69, Cost 19.5 sec
11-26 17:46:12 Epoch 139 Val200, GAME0 41.09 GAME1 51.92 GAME2 66.65 GAME3 86.35 MSE 74.48 Re 0.6889, 
11-26 17:46:12 -----Epoch 140/199-----
11-26 17:46:32 Epoch 140 Train, Loss: 11.15, GAME0: 7.29 MSE: 14.82, Cost 19.9 sec
11-26 17:46:42 Epoch 140 Val200, GAME0 40.64 GAME1 57.83 GAME2 76.13 GAME3 96.97 MSE 76.16 Re 0.8053, 
11-26 17:46:42 -----Epoch 141/199-----
11-26 17:47:01 Epoch 141 Train, Loss: 11.18, GAME0: 7.24 MSE: 13.71, Cost 19.6 sec
11-26 17:47:11 Epoch 141 Val200, GAME0 43.79 GAME1 57.00 GAME2 70.24 GAME3 88.86 MSE 74.23 Re 0.8031, 
11-26 17:47:11 -----Epoch 142/199-----
11-26 17:47:30 Epoch 142 Train, Loss: 11.20, GAME0: 7.34 MSE: 14.42, Cost 19.6 sec
11-26 17:47:40 Epoch 142 Val200, GAME0 55.95 GAME1 65.36 GAME2 77.96 GAME3 96.17 MSE 78.76 Re 0.9956, 
11-26 17:47:40 -----Epoch 143/199-----
11-26 17:47:59 Epoch 143 Train, Loss: 10.77, GAME0: 6.97 MSE: 13.64, Cost 19.5 sec
11-26 17:48:09 Epoch 143 Val200, GAME0 43.00 GAME1 59.06 GAME2 76.87 GAME3 98.48 MSE 71.12 Re 0.8729, 
11-26 17:48:09 -----Epoch 144/199-----
11-26 17:48:28 Epoch 144 Train, Loss: 11.06, GAME0: 7.32 MSE: 14.06, Cost 19.5 sec
11-26 17:48:38 Epoch 144 Val200, GAME0 39.80 GAME1 58.48 GAME2 78.24 GAME3 101.41 MSE 78.47 Re 0.7824, 
11-26 17:48:38 -----Epoch 145/199-----
11-26 17:48:57 Epoch 145 Train, Loss: 11.03, GAME0: 7.32 MSE: 15.11, Cost 19.5 sec
11-26 17:49:07 Epoch 145 Val200, GAME0 33.97 GAME1 49.90 GAME2 69.41 GAME3 90.71 MSE 63.87 Re 0.5832, 
11-26 17:49:07 *** Best Val GAME0 33.967 GAME3 85.872 model epoch 145
11-26 17:49:41 Epoch 145 Test800, GAME0 51.17 GAME1 65.26 GAME2 84.06 GAME3 103.95 MSE 83.51 Re 0.8901, 
11-26 17:49:41 -----Epoch 146/199-----
11-26 17:50:00 Epoch 146 Train, Loss: 11.03, GAME0: 7.17 MSE: 14.21, Cost 19.6 sec
11-26 17:50:10 Epoch 146 Val200, GAME0 47.64 GAME1 59.44 GAME2 74.99 GAME3 95.07 MSE 72.89 Re 0.8316, 
11-26 17:50:10 -----Epoch 147/199-----
11-26 17:50:29 Epoch 147 Train, Loss: 11.23, GAME0: 7.36 MSE: 14.63, Cost 19.5 sec
11-26 17:50:39 Epoch 147 Val200, GAME0 38.94 GAME1 54.77 GAME2 76.53 GAME3 99.09 MSE 59.80 Re 0.7323, 
11-26 17:50:39 -----Epoch 148/199-----
11-26 17:50:58 Epoch 148 Train, Loss: 10.90, GAME0: 7.11 MSE: 14.81, Cost 19.6 sec
11-26 17:51:08 Epoch 148 Val200, GAME0 41.75 GAME1 57.94 GAME2 77.50 GAME3 99.86 MSE 73.42 Re 0.7260, 
11-26 17:51:08 -----Epoch 149/199-----
11-26 17:51:27 Epoch 149 Train, Loss: 11.05, GAME0: 7.27 MSE: 15.06, Cost 19.6 sec
11-26 17:51:37 Epoch 149 Val200, GAME0 52.31 GAME1 62.19 GAME2 76.30 GAME3 95.15 MSE 82.08 Re 0.9977, 
11-26 17:51:37 -----Epoch 150/199-----
11-26 17:51:56 Epoch 150 Train, Loss: 10.69, GAME0: 6.92 MSE: 13.20, Cost 19.5 sec
11-26 17:52:05 Epoch 150 Val200, GAME0 33.50 GAME1 48.44 GAME2 68.82 GAME3 90.08 MSE 54.98 Re 0.6416, 
11-26 17:52:05 *** Best Val GAME0 33.496 GAME3 85.872 model epoch 150
11-26 17:52:39 Epoch 150 Test800, GAME0 42.41 GAME1 61.17 GAME2 82.71 GAME3 103.89 MSE 64.48 Re 0.7984, 
11-26 17:52:39 -----Epoch 151/199-----
11-26 17:52:59 Epoch 151 Train, Loss: 11.07, GAME0: 7.28 MSE: 15.03, Cost 19.6 sec
11-26 17:53:08 Epoch 151 Val200, GAME0 45.14 GAME1 53.84 GAME2 68.48 GAME3 87.59 MSE 69.94 Re 0.8470, 
11-26 17:53:08 -----Epoch 152/199-----
11-26 17:53:28 Epoch 152 Train, Loss: 11.23, GAME0: 7.36 MSE: 14.13, Cost 19.6 sec
11-26 17:53:37 Epoch 152 Val200, GAME0 41.51 GAME1 51.38 GAME2 65.03 GAME3 83.39 MSE 72.89 Re 0.6991, 
11-26 17:53:37 *** Best Val GAME0 33.496 GAME3 83.387 model epoch 152
11-26 17:54:11 Epoch 152 Test800, GAME0 57.31 GAME1 65.63 GAME2 79.26 GAME3 96.60 MSE 90.71 Re 0.9182, 
11-26 17:54:11 -----Epoch 153/199-----
11-26 17:54:31 Epoch 153 Train, Loss: 10.74, GAME0: 6.83 MSE: 13.76, Cost 19.6 sec
11-26 17:54:40 Epoch 153 Val200, GAME0 37.51 GAME1 49.03 GAME2 64.61 GAME3 83.90 MSE 73.81 Re 0.6547, 
11-26 17:54:40 -----Epoch 154/199-----
11-26 17:55:00 Epoch 154 Train, Loss: 10.66, GAME0: 7.05 MSE: 14.18, Cost 19.6 sec
11-26 17:55:09 Epoch 154 Val200, GAME0 46.47 GAME1 53.79 GAME2 66.22 GAME3 83.77 MSE 69.78 Re 0.8017, 
11-26 17:55:09 -----Epoch 155/199-----
11-26 17:55:29 Epoch 155 Train, Loss: 11.09, GAME0: 7.36 MSE: 14.34, Cost 19.5 sec
11-26 17:55:38 Epoch 155 Val200, GAME0 39.69 GAME1 53.98 GAME2 73.16 GAME3 95.37 MSE 62.82 Re 0.7770, 
11-26 17:55:38 -----Epoch 156/199-----
11-26 17:55:58 Epoch 156 Train, Loss: 10.90, GAME0: 7.01 MSE: 13.92, Cost 19.6 sec
11-26 17:56:07 Epoch 156 Val200, GAME0 36.91 GAME1 48.22 GAME2 65.54 GAME3 86.27 MSE 64.40 Re 0.6329, 
11-26 17:56:07 -----Epoch 157/199-----
11-26 17:56:27 Epoch 157 Train, Loss: 11.10, GAME0: 7.43 MSE: 14.73, Cost 19.7 sec
11-26 17:56:36 Epoch 157 Val200, GAME0 43.87 GAME1 59.00 GAME2 77.57 GAME3 99.47 MSE 70.89 Re 1.0021, 
11-26 17:56:36 -----Epoch 158/199-----
11-26 17:56:56 Epoch 158 Train, Loss: 10.91, GAME0: 7.17 MSE: 14.47, Cost 19.5 sec
11-26 17:57:05 Epoch 158 Val200, GAME0 36.74 GAME1 51.70 GAME2 69.04 GAME3 89.70 MSE 60.85 Re 0.7411, 
11-26 17:57:05 -----Epoch 159/199-----
11-26 17:57:25 Epoch 159 Train, Loss: 10.53, GAME0: 6.80 MSE: 13.04, Cost 19.6 sec
11-26 17:57:34 Epoch 159 Val200, GAME0 54.81 GAME1 63.00 GAME2 75.44 GAME3 92.83 MSE 80.52 Re 1.0283, 
11-26 17:57:34 -----Epoch 160/199-----
11-26 17:57:53 Epoch 160 Train, Loss: 11.02, GAME0: 7.32 MSE: 14.20, Cost 19.5 sec
11-26 17:58:03 Epoch 160 Val200, GAME0 44.26 GAME1 57.16 GAME2 75.16 GAME3 96.03 MSE 71.57 Re 0.8126, 
11-26 17:58:03 -----Epoch 161/199-----
11-26 17:58:22 Epoch 161 Train, Loss: 10.66, GAME0: 6.78 MSE: 13.69, Cost 19.6 sec
11-26 17:58:32 Epoch 161 Val200, GAME0 54.38 GAME1 60.01 GAME2 70.74 GAME3 87.86 MSE 80.53 Re 0.9213, 
11-26 17:58:32 -----Epoch 162/199-----
11-26 17:58:51 Epoch 162 Train, Loss: 10.80, GAME0: 7.03 MSE: 13.93, Cost 19.6 sec
11-26 17:59:01 Epoch 162 Val200, GAME0 44.51 GAME1 56.57 GAME2 72.75 GAME3 93.99 MSE 69.76 Re 0.8387, 
11-26 17:59:01 -----Epoch 163/199-----
11-26 17:59:20 Epoch 163 Train, Loss: 10.77, GAME0: 6.90 MSE: 14.92, Cost 19.5 sec
11-26 17:59:29 Epoch 163 Val200, GAME0 39.69 GAME1 53.56 GAME2 70.94 GAME3 92.78 MSE 69.14 Re 0.7539, 
11-26 17:59:29 -----Epoch 164/199-----
11-26 17:59:49 Epoch 164 Train, Loss: 11.03, GAME0: 7.14 MSE: 14.32, Cost 19.6 sec
11-26 17:59:58 Epoch 164 Val200, GAME0 50.84 GAME1 60.98 GAME2 77.32 GAME3 97.34 MSE 80.46 Re 0.9136, 
11-26 17:59:58 -----Epoch 165/199-----
11-26 18:00:18 Epoch 165 Train, Loss: 10.78, GAME0: 7.02 MSE: 13.53, Cost 19.6 sec
11-26 18:00:27 Epoch 165 Val200, GAME0 43.71 GAME1 59.15 GAME2 79.87 GAME3 100.77 MSE 64.21 Re 0.9445, 
11-26 18:00:27 -----Epoch 166/199-----
11-26 18:00:47 Epoch 166 Train, Loss: 10.51, GAME0: 6.75 MSE: 12.48, Cost 19.5 sec
11-26 18:00:56 Epoch 166 Val200, GAME0 41.46 GAME1 56.75 GAME2 73.46 GAME3 94.23 MSE 62.13 Re 0.7757, 
11-26 18:00:56 -----Epoch 167/199-----
11-26 18:01:16 Epoch 167 Train, Loss: 11.24, GAME0: 7.31 MSE: 15.33, Cost 19.5 sec
11-26 18:01:25 Epoch 167 Val200, GAME0 54.70 GAME1 65.87 GAME2 83.12 GAME3 103.75 MSE 79.49 Re 1.3488, 
11-26 18:01:25 -----Epoch 168/199-----
11-26 18:01:45 Epoch 168 Train, Loss: 10.88, GAME0: 7.22 MSE: 15.89, Cost 19.6 sec
11-26 18:01:54 Epoch 168 Val200, GAME0 40.50 GAME1 53.76 GAME2 71.70 GAME3 92.83 MSE 71.47 Re 0.8109, 
11-26 18:01:54 -----Epoch 169/199-----
11-26 18:02:14 Epoch 169 Train, Loss: 11.00, GAME0: 7.23 MSE: 14.85, Cost 19.5 sec
11-26 18:02:23 Epoch 169 Val200, GAME0 37.25 GAME1 51.13 GAME2 68.93 GAME3 89.30 MSE 60.24 Re 0.7170, 
11-26 18:02:23 -----Epoch 170/199-----
11-26 18:02:43 Epoch 170 Train, Loss: 10.45, GAME0: 6.84 MSE: 13.98, Cost 19.5 sec
11-26 18:02:52 Epoch 170 Val200, GAME0 43.72 GAME1 55.46 GAME2 69.87 GAME3 88.28 MSE 81.23 Re 0.7682, 
11-26 18:02:52 -----Epoch 171/199-----
11-26 18:03:12 Epoch 171 Train, Loss: 10.44, GAME0: 6.63 MSE: 13.36, Cost 19.4 sec
11-26 18:03:21 Epoch 171 Val200, GAME0 38.11 GAME1 51.66 GAME2 69.16 GAME3 91.16 MSE 66.68 Re 0.6985, 
11-26 18:03:21 -----Epoch 172/199-----
11-26 18:03:41 Epoch 172 Train, Loss: 10.60, GAME0: 6.77 MSE: 13.72, Cost 19.6 sec
11-26 18:03:50 Epoch 172 Val200, GAME0 46.82 GAME1 60.01 GAME2 78.12 GAME3 99.63 MSE 80.63 Re 0.9179, 
11-26 18:03:50 -----Epoch 173/199-----
11-26 18:04:10 Epoch 173 Train, Loss: 10.84, GAME0: 6.90 MSE: 13.41, Cost 19.6 sec
11-26 18:04:19 Epoch 173 Val200, GAME0 41.29 GAME1 57.02 GAME2 76.27 GAME3 98.81 MSE 76.14 Re 0.7519, 
11-26 18:04:19 -----Epoch 174/199-----
11-26 18:04:39 Epoch 174 Train, Loss: 10.53, GAME0: 6.96 MSE: 13.10, Cost 19.5 sec
11-26 18:04:48 Epoch 174 Val200, GAME0 40.39 GAME1 54.58 GAME2 73.96 GAME3 95.29 MSE 64.58 Re 0.8727, 
11-26 18:04:48 -----Epoch 175/199-----
11-26 18:05:08 Epoch 175 Train, Loss: 10.72, GAME0: 7.07 MSE: 15.69, Cost 19.5 sec
11-26 18:05:17 Epoch 175 Val200, GAME0 46.52 GAME1 58.45 GAME2 75.37 GAME3 95.62 MSE 74.09 Re 0.8633, 
11-26 18:05:17 -----Epoch 176/199-----
11-26 18:05:36 Epoch 176 Train, Loss: 10.93, GAME0: 6.98 MSE: 13.97, Cost 19.5 sec
11-26 18:05:46 Epoch 176 Val200, GAME0 44.56 GAME1 55.35 GAME2 69.96 GAME3 88.88 MSE 77.26 Re 0.7580, 
11-26 18:05:46 -----Epoch 177/199-----
11-26 18:06:05 Epoch 177 Train, Loss: 10.65, GAME0: 7.05 MSE: 13.69, Cost 19.5 sec
11-26 18:06:15 Epoch 177 Val200, GAME0 34.00 GAME1 48.90 GAME2 67.16 GAME3 86.50 MSE 58.91 Re 0.6513, 
11-26 18:06:15 -----Epoch 178/199-----
11-26 18:06:36 Epoch 178 Train, Loss: 10.58, GAME0: 6.91 MSE: 13.19, Cost 20.6 sec
11-26 18:06:45 Epoch 178 Val200, GAME0 40.26 GAME1 52.70 GAME2 71.08 GAME3 91.81 MSE 72.99 Re 0.7516, 
11-26 18:06:45 -----Epoch 179/199-----
11-26 18:07:05 Epoch 179 Train, Loss: 10.62, GAME0: 6.90 MSE: 13.34, Cost 19.9 sec
11-26 18:07:15 Epoch 179 Val200, GAME0 42.44 GAME1 57.01 GAME2 73.83 GAME3 92.58 MSE 66.87 Re 0.9089, 
11-26 18:07:15 -----Epoch 180/199-----
11-26 18:07:34 Epoch 180 Train, Loss: 9.95, GAME0: 6.23 MSE: 12.05, Cost 19.6 sec
11-26 18:07:44 Epoch 180 Val200, GAME0 49.23 GAME1 63.07 GAME2 77.94 GAME3 97.74 MSE 80.18 Re 0.9523, 
11-26 18:07:44 -----Epoch 181/199-----
11-26 18:08:03 Epoch 181 Train, Loss: 10.64, GAME0: 6.76 MSE: 12.88, Cost 19.7 sec
11-26 18:08:13 Epoch 181 Val200, GAME0 38.99 GAME1 52.27 GAME2 68.28 GAME3 88.30 MSE 65.74 Re 0.6675, 
11-26 18:08:13 -----Epoch 182/199-----
11-26 18:08:32 Epoch 182 Train, Loss: 9.95, GAME0: 6.20 MSE: 11.17, Cost 19.5 sec
11-26 18:08:42 Epoch 182 Val200, GAME0 40.33 GAME1 51.75 GAME2 68.97 GAME3 89.89 MSE 68.91 Re 0.7659, 
11-26 18:08:42 -----Epoch 183/199-----
11-26 18:09:01 Epoch 183 Train, Loss: 10.25, GAME0: 6.49 MSE: 14.04, Cost 19.6 sec
11-26 18:09:11 Epoch 183 Val200, GAME0 38.24 GAME1 50.93 GAME2 67.98 GAME3 88.62 MSE 68.40 Re 0.6711, 
11-26 18:09:11 -----Epoch 184/199-----
11-26 18:09:30 Epoch 184 Train, Loss: 10.31, GAME0: 6.41 MSE: 12.94, Cost 19.5 sec
11-26 18:09:40 Epoch 184 Val200, GAME0 48.02 GAME1 62.26 GAME2 82.06 GAME3 104.12 MSE 72.43 Re 1.1433, 
11-26 18:09:40 -----Epoch 185/199-----
11-26 18:09:59 Epoch 185 Train, Loss: 10.23, GAME0: 6.69 MSE: 13.00, Cost 19.6 sec
11-26 18:10:09 Epoch 185 Val200, GAME0 42.38 GAME1 53.31 GAME2 68.80 GAME3 88.30 MSE 77.15 Re 0.7345, 
11-26 18:10:09 -----Epoch 186/199-----
11-26 18:10:28 Epoch 186 Train, Loss: 10.21, GAME0: 6.35 MSE: 12.46, Cost 19.6 sec
11-26 18:10:38 Epoch 186 Val200, GAME0 39.66 GAME1 50.97 GAME2 68.02 GAME3 87.80 MSE 66.77 Re 0.6670, 
11-26 18:10:38 -----Epoch 187/199-----
11-26 18:10:57 Epoch 187 Train, Loss: 10.13, GAME0: 6.55 MSE: 13.19, Cost 19.6 sec
11-26 18:11:07 Epoch 187 Val200, GAME0 45.29 GAME1 56.65 GAME2 73.31 GAME3 93.28 MSE 76.29 Re 0.8452, 
11-26 18:11:07 -----Epoch 188/199-----
11-26 18:11:26 Epoch 188 Train, Loss: 10.27, GAME0: 6.64 MSE: 13.07, Cost 19.6 sec
11-26 18:11:36 Epoch 188 Val200, GAME0 40.11 GAME1 56.93 GAME2 75.46 GAME3 96.62 MSE 75.87 Re 0.7304, 
11-26 18:11:36 -----Epoch 189/199-----
11-26 18:11:55 Epoch 189 Train, Loss: 10.87, GAME0: 7.03 MSE: 13.51, Cost 19.6 sec
11-26 18:12:05 Epoch 189 Val200, GAME0 46.81 GAME1 55.99 GAME2 70.07 GAME3 89.64 MSE 77.00 Re 0.8043, 
11-26 18:12:05 -----Epoch 190/199-----
11-26 18:12:24 Epoch 190 Train, Loss: 10.03, GAME0: 6.46 MSE: 12.79, Cost 19.5 sec
11-26 18:12:33 Epoch 190 Val200, GAME0 35.27 GAME1 48.12 GAME2 65.32 GAME3 85.45 MSE 66.70 Re 0.6782, 
11-26 18:12:33 -----Epoch 191/199-----
11-26 18:12:53 Epoch 191 Train, Loss: 10.09, GAME0: 6.53 MSE: 12.51, Cost 19.5 sec
11-26 18:13:03 Epoch 191 Val200, GAME0 46.13 GAME1 58.29 GAME2 74.88 GAME3 94.85 MSE 84.93 Re 0.8189, 
11-26 18:13:03 -----Epoch 192/199-----
11-26 18:13:22 Epoch 192 Train, Loss: 10.67, GAME0: 6.81 MSE: 13.38, Cost 19.6 sec
11-26 18:13:32 Epoch 192 Val200, GAME0 42.94 GAME1 50.55 GAME2 64.09 GAME3 83.01 MSE 72.76 Re 0.7325, 
11-26 18:13:32 *** Best Val GAME0 33.496 GAME3 83.014 model epoch 192
11-26 18:14:06 Epoch 192 Test800, GAME0 52.68 GAME1 61.44 GAME2 75.49 GAME3 93.39 MSE 75.33 Re 0.9590, 
11-26 18:14:06 -----Epoch 193/199-----
11-26 18:14:25 Epoch 193 Train, Loss: 10.37, GAME0: 6.64 MSE: 14.77, Cost 19.7 sec
11-26 18:14:35 Epoch 193 Val200, GAME0 41.41 GAME1 53.02 GAME2 68.50 GAME3 87.67 MSE 74.97 Re 0.6758, 
11-26 18:14:35 -----Epoch 194/199-----
11-26 18:14:55 Epoch 194 Train, Loss: 10.05, GAME0: 6.46 MSE: 11.70, Cost 19.6 sec
11-26 18:15:04 Epoch 194 Val200, GAME0 43.00 GAME1 57.13 GAME2 73.89 GAME3 94.68 MSE 83.87 Re 0.7388, 
11-26 18:15:04 -----Epoch 195/199-----
11-26 18:15:24 Epoch 195 Train, Loss: 10.50, GAME0: 6.77 MSE: 13.14, Cost 19.6 sec
11-26 18:15:33 Epoch 195 Val200, GAME0 50.14 GAME1 60.20 GAME2 74.39 GAME3 94.10 MSE 85.64 Re 0.8447, 
11-26 18:15:33 -----Epoch 196/199-----
11-26 18:15:53 Epoch 196 Train, Loss: 10.23, GAME0: 6.39 MSE: 13.59, Cost 19.6 sec
11-26 18:16:02 Epoch 196 Val200, GAME0 54.55 GAME1 62.60 GAME2 76.03 GAME3 94.70 MSE 84.46 Re 1.0035, 
11-26 18:16:02 -----Epoch 197/199-----
11-26 18:16:22 Epoch 197 Train, Loss: 10.28, GAME0: 6.47 MSE: 11.96, Cost 19.7 sec
11-26 18:16:31 Epoch 197 Val200, GAME0 46.56 GAME1 61.73 GAME2 80.39 GAME3 102.28 MSE 77.16 Re 1.0027, 
11-26 18:16:31 -----Epoch 198/199-----
11-26 18:16:51 Epoch 198 Train, Loss: 10.53, GAME0: 6.64 MSE: 12.37, Cost 19.6 sec
11-26 18:17:00 Epoch 198 Val200, GAME0 53.59 GAME1 68.43 GAME2 89.03 GAME3 111.39 MSE 84.17 Re 1.1217, 
11-26 18:17:00 -----Epoch 199/199-----
11-26 18:17:20 Epoch 199 Train, Loss: 10.56, GAME0: 6.74 MSE: 12.84, Cost 19.7 sec
11-26 18:17:29 Epoch 199 Val200, GAME0 48.09 GAME1 55.50 GAME2 67.45 GAME3 85.15 MSE 79.53 Re 0.8283, 
