11-27 10:41:16 data_dir: preprocessed_data
11-27 10:41:16 save_dir: new model
11-27 10:41:16 lr: 1e-05
11-27 10:41:16 resume: 
11-27 10:41:16 device: 0
11-27 10:41:16 crop_size: 256
11-27 10:41:16 weight_decay: 0.0001
11-27 10:41:16 max_model_num: 1
11-27 10:41:16 max_epoch: 200
11-27 10:41:16 val_epoch: 1
11-27 10:41:16 val_start: 20
11-27 10:41:16 save_all_best: True
11-27 10:41:16 batch_size: 1
11-27 10:41:16 num_workers: 8
11-27 10:41:16 downsample_ratio: 8
11-27 10:41:16 use_background: True
11-27 10:41:16 sigma: 8.0
11-27 10:41:16 background_ratio: 0.15
11-27 10:41:16 using 1 gpus
11-27 10:41:17 -----Epoch 0/199-----
11-27 10:42:22 Epoch 0 Train, Loss: 1206.89, GAME0: 550.27 MSE: 1025.84, Cost 64.5 sec
11-27 10:42:22 -----Epoch 1/199-----
11-27 10:43:24 Epoch 1 Train, Loss: 945.62, GAME0: 420.75 MSE: 532.55, Cost 62.0 sec
11-27 10:43:24 -----Epoch 2/199-----
11-27 10:44:26 Epoch 2 Train, Loss: 844.07, GAME0: 364.93 MSE: 458.47, Cost 61.9 sec
11-27 10:44:26 -----Epoch 3/199-----
11-27 10:45:28 Epoch 3 Train, Loss: 778.25, GAME0: 351.49 MSE: 442.84, Cost 62.2 sec
11-27 10:45:28 -----Epoch 4/199-----
11-27 10:46:30 Epoch 4 Train, Loss: 729.79, GAME0: 329.24 MSE: 412.57, Cost 62.0 sec
11-27 10:46:30 -----Epoch 5/199-----
11-27 10:47:32 Epoch 5 Train, Loss: 676.77, GAME0: 309.66 MSE: 392.05, Cost 61.9 sec
11-27 10:47:33 -----Epoch 6/199-----
11-27 10:48:34 Epoch 6 Train, Loss: 664.50, GAME0: 312.09 MSE: 397.87, Cost 61.8 sec
11-27 10:48:34 -----Epoch 7/199-----
11-27 10:49:39 Epoch 7 Train, Loss: 632.35, GAME0: 304.24 MSE: 384.91, Cost 64.4 sec
11-27 10:49:39 -----Epoch 8/199-----
11-27 10:50:44 Epoch 8 Train, Loss: 580.76, GAME0: 257.21 MSE: 323.61, Cost 64.7 sec
11-27 10:50:44 -----Epoch 9/199-----
11-27 10:51:49 Epoch 9 Train, Loss: 557.16, GAME0: 251.73 MSE: 321.33, Cost 65.1 sec
11-27 10:51:49 -----Epoch 10/199-----
11-27 10:52:53 Epoch 10 Train, Loss: 512.62, GAME0: 234.30 MSE: 292.57, Cost 64.3 sec
11-27 10:52:53 -----Epoch 11/199-----
11-27 10:53:58 Epoch 11 Train, Loss: 482.13, GAME0: 220.90 MSE: 278.30, Cost 64.6 sec
11-27 10:53:58 -----Epoch 12/199-----
11-27 10:55:01 Epoch 12 Train, Loss: 446.99, GAME0: 201.79 MSE: 251.03, Cost 63.2 sec
11-27 10:55:01 -----Epoch 13/199-----
11-27 10:56:05 Epoch 13 Train, Loss: 426.82, GAME0: 192.62 MSE: 243.91, Cost 63.8 sec
11-27 10:56:05 -----Epoch 14/199-----
11-27 10:57:09 Epoch 14 Train, Loss: 403.38, GAME0: 179.75 MSE: 229.25, Cost 63.4 sec
11-27 10:57:09 -----Epoch 15/199-----
11-27 10:58:12 Epoch 15 Train, Loss: 387.31, GAME0: 180.04 MSE: 228.31, Cost 63.4 sec
11-27 10:58:12 -----Epoch 16/199-----
11-27 10:59:15 Epoch 16 Train, Loss: 352.01, GAME0: 158.84 MSE: 200.28, Cost 62.4 sec
11-27 10:59:15 -----Epoch 17/199-----
11-27 11:00:18 Epoch 17 Train, Loss: 328.75, GAME0: 151.30 MSE: 190.36, Cost 62.9 sec
11-27 11:00:18 -----Epoch 18/199-----
11-27 11:01:23 Epoch 18 Train, Loss: 298.84, GAME0: 135.10 MSE: 169.51, Cost 64.9 sec
11-27 11:01:23 -----Epoch 19/199-----
11-27 11:02:28 Epoch 19 Train, Loss: 286.95, GAME0: 132.40 MSE: 166.43, Cost 64.8 sec
11-27 11:02:28 -----Epoch 20/199-----
11-27 11:03:33 Epoch 20 Train, Loss: 259.71, GAME0: 119.09 MSE: 150.81, Cost 64.5 sec
11-27 11:03:48 Epoch 20 Val200, GAME0 3073.72 GAME1 3559.41 GAME2 4197.78 GAME3 5113.37 MSE 5764.73 Re 79.5977, 
11-27 11:03:48 *** Best Val GAME0 3073.721 GAME3 5113.365 model epoch 20
11-27 11:04:43 Epoch 20 Test800, GAME0 5567.51 GAME1 6010.71 GAME2 6641.58 GAME3 7635.26 MSE 9478.28 Re 156.6571, 
11-27 11:04:43 -----Epoch 21/199-----
11-27 11:05:47 Epoch 21 Train, Loss: 240.93, GAME0: 106.80 MSE: 135.93, Cost 64.3 sec
11-27 11:06:01 Epoch 21 Val200, GAME0 11216.59 GAME1 11616.90 GAME2 12236.36 GAME3 12974.86 MSE 21214.39 Re 280.2043, 
11-27 11:06:01 -----Epoch 22/199-----
11-27 11:07:05 Epoch 22 Train, Loss: 216.24, GAME0: 94.44 MSE: 118.57, Cost 63.2 sec
11-27 11:07:19 Epoch 22 Val200, GAME0 9296.95 GAME1 9809.61 GAME2 10345.51 GAME3 11159.25 MSE 18969.07 Re 232.9958, 
11-27 11:07:19 -----Epoch 23/199-----
11-27 11:08:23 Epoch 23 Train, Loss: 206.89, GAME0: 91.37 MSE: 114.83, Cost 63.7 sec
11-27 11:08:37 Epoch 23 Val200, GAME0 2370.63 GAME1 2862.02 GAME2 3410.51 GAME3 4142.57 MSE 4485.07 Re 59.6191, 
11-27 11:08:37 *** Best Val GAME0 2370.633 GAME3 4142.574 model epoch 23
11-27 11:09:30 Epoch 23 Test800, GAME0 4593.35 GAME1 5020.56 GAME2 5545.23 GAME3 6294.85 MSE 8383.21 Re 135.1607, 
11-27 11:09:30 -----Epoch 24/199-----
11-27 11:10:34 Epoch 24 Train, Loss: 187.26, GAME0: 86.20 MSE: 107.69, Cost 64.0 sec
11-27 11:10:51 Epoch 24 Val200, GAME0 5331.65 GAME1 5739.67 GAME2 6190.83 GAME3 6835.63 MSE 10233.59 Re 133.1645, 
11-27 11:10:51 -----Epoch 25/199-----
11-27 11:11:54 Epoch 25 Train, Loss: 172.29, GAME0: 77.21 MSE: 97.75, Cost 63.6 sec
11-27 11:12:09 Epoch 25 Val200, GAME0 3655.86 GAME1 4151.93 GAME2 4692.91 GAME3 5396.80 MSE 7156.33 Re 91.4583, 
11-27 11:12:09 -----Epoch 26/199-----
11-27 11:13:11 Epoch 26 Train, Loss: 158.39, GAME0: 71.98 MSE: 90.68, Cost 62.5 sec
11-27 11:13:25 Epoch 26 Val200, GAME0 3691.26 GAME1 3977.42 GAME2 4385.77 GAME3 4979.94 MSE 6593.43 Re 92.9310, 
11-27 11:13:25 -----Epoch 27/199-----
11-27 11:14:29 Epoch 27 Train, Loss: 142.47, GAME0: 61.79 MSE: 78.43, Cost 63.3 sec
11-27 11:14:43 Epoch 27 Val200, GAME0 4431.70 GAME1 4677.75 GAME2 5024.28 GAME3 5554.54 MSE 8739.56 Re 113.1290, 
11-27 11:14:43 -----Epoch 28/199-----
11-27 11:15:48 Epoch 28 Train, Loss: 132.91, GAME0: 58.42 MSE: 73.96, Cost 64.8 sec
11-27 11:16:02 Epoch 28 Val200, GAME0 4352.60 GAME1 4595.77 GAME2 4955.46 GAME3 5481.83 MSE 9003.15 Re 109.8931, 
11-27 11:16:02 -----Epoch 29/199-----
11-27 11:17:06 Epoch 29 Train, Loss: 121.58, GAME0: 53.41 MSE: 66.64, Cost 64.0 sec
11-27 11:17:20 Epoch 29 Val200, GAME0 2076.45 GAME1 2243.84 GAME2 2502.90 GAME3 2889.03 MSE 3698.24 Re 52.9117, 
11-27 11:17:20 *** Best Val GAME0 2076.452 GAME3 2889.031 model epoch 29
11-27 11:18:13 Epoch 29 Test800, GAME0 3526.78 GAME1 3724.17 GAME2 3970.94 GAME3 4379.29 MSE 6454.48 Re 103.0363, 
11-27 11:18:13 -----Epoch 30/199-----
11-27 11:19:15 Epoch 30 Train, Loss: 109.50, GAME0: 47.76 MSE: 59.85, Cost 62.2 sec
11-27 11:19:29 Epoch 30 Val200, GAME0 3580.23 GAME1 3860.20 GAME2 4171.64 GAME3 4613.25 MSE 7319.51 Re 89.0398, 
11-27 11:19:29 -----Epoch 31/199-----
11-27 11:20:31 Epoch 31 Train, Loss: 102.23, GAME0: 46.18 MSE: 58.36, Cost 62.2 sec
11-27 11:20:45 Epoch 31 Val200, GAME0 3239.85 GAME1 3373.54 GAME2 3568.90 GAME3 3857.88 MSE 5995.72 Re 81.5260, 
11-27 11:20:45 -----Epoch 32/199-----
11-27 11:21:47 Epoch 32 Train, Loss: 90.82, GAME0: 39.58 MSE: 50.94, Cost 62.1 sec
11-27 11:22:00 Epoch 32 Val200, GAME0 1015.42 GAME1 1190.64 GAME2 1437.33 GAME3 1840.51 MSE 2120.52 Re 25.4213, 
11-27 11:22:00 *** Best Val GAME0 1015.423 GAME3 1840.506 model epoch 32
11-27 11:22:51 Epoch 32 Test800, GAME0 1792.44 GAME1 1956.80 GAME2 2197.66 GAME3 2594.39 MSE 3496.71 Re 50.8694, 
11-27 11:22:51 -----Epoch 33/199-----
11-27 11:23:53 Epoch 33 Train, Loss: 82.74, GAME0: 37.17 MSE: 47.74, Cost 62.2 sec
11-27 11:24:07 Epoch 33 Val200, GAME0 1570.90 GAME1 1768.20 GAME2 2017.85 GAME3 2395.07 MSE 3096.42 Re 39.2157, 
11-27 11:24:07 -----Epoch 34/199-----
11-27 11:25:09 Epoch 34 Train, Loss: 76.57, GAME0: 35.86 MSE: 46.90, Cost 62.5 sec
11-27 11:25:23 Epoch 34 Val200, GAME0 1076.98 GAME1 1300.44 GAME2 1537.56 GAME3 1885.88 MSE 2184.22 Re 26.2742, 
11-27 11:25:23 -----Epoch 35/199-----
11-27 11:26:25 Epoch 35 Train, Loss: 69.51, GAME0: 33.19 MSE: 43.21, Cost 62.0 sec
11-27 11:26:39 Epoch 35 Val200, GAME0 690.62 GAME1 850.43 GAME2 1061.15 GAME3 1363.08 MSE 1594.49 Re 16.6608, 
11-27 11:26:39 *** Best Val GAME0 690.623 GAME3 1363.081 model epoch 35
11-27 11:27:30 Epoch 35 Test800, GAME0 1734.50 GAME1 1893.30 GAME2 2123.66 GAME3 2447.74 MSE 4185.38 Re 54.2780, 
11-27 11:27:30 -----Epoch 36/199-----
11-27 11:28:32 Epoch 36 Train, Loss: 63.57, GAME0: 29.61 MSE: 39.87, Cost 62.0 sec
11-27 11:28:45 Epoch 36 Val200, GAME0 1607.75 GAME1 1686.18 GAME2 1829.18 GAME3 2057.65 MSE 3128.25 Re 39.3408, 
11-27 11:28:45 -----Epoch 37/199-----
11-27 11:29:47 Epoch 37 Train, Loss: 58.51, GAME0: 28.07 MSE: 37.95, Cost 62.0 sec
11-27 11:30:01 Epoch 37 Val200, GAME0 1244.49 GAME1 1326.31 GAME2 1483.83 GAME3 1757.78 MSE 2490.56 Re 30.4556, 
11-27 11:30:01 -----Epoch 38/199-----
11-27 11:31:03 Epoch 38 Train, Loss: 54.42, GAME0: 26.48 MSE: 35.09, Cost 62.0 sec
11-27 11:31:16 Epoch 38 Val200, GAME0 298.60 GAME1 401.51 GAME2 571.41 GAME3 784.41 MSE 642.77 Re 6.6514, 
11-27 11:31:16 *** Best Val GAME0 298.595 GAME3 784.405 model epoch 38
11-27 11:32:07 Epoch 38 Test800, GAME0 668.30 GAME1 786.24 GAME2 948.57 GAME3 1189.72 MSE 1716.07 Re 20.6107, 
11-27 11:32:07 -----Epoch 39/199-----
11-27 11:33:10 Epoch 39 Train, Loss: 50.10, GAME0: 24.49 MSE: 33.67, Cost 62.2 sec
11-27 11:33:23 Epoch 39 Val200, GAME0 590.46 GAME1 727.11 GAME2 885.47 GAME3 1097.43 MSE 1459.55 Re 13.6285, 
11-27 11:33:23 -----Epoch 40/199-----
11-27 11:34:25 Epoch 40 Train, Loss: 46.53, GAME0: 23.22 MSE: 32.30, Cost 62.0 sec
11-27 11:34:39 Epoch 40 Val200, GAME0 401.71 GAME1 515.99 GAME2 716.63 GAME3 1015.90 MSE 913.94 Re 8.8377, 
11-27 11:34:39 -----Epoch 41/199-----
11-27 11:35:41 Epoch 41 Train, Loss: 41.78, GAME0: 20.81 MSE: 29.83, Cost 62.5 sec
11-27 11:35:55 Epoch 41 Val200, GAME0 293.13 GAME1 379.71 GAME2 533.65 GAME3 752.32 MSE 646.35 Re 6.4655, 
11-27 11:35:55 *** Best Val GAME0 293.128 GAME3 752.316 model epoch 41
11-27 11:36:46 Epoch 41 Test800, GAME0 451.07 GAME1 559.13 GAME2 713.63 GAME3 947.70 MSE 1010.80 Re 12.4898, 
11-27 11:36:46 -----Epoch 42/199-----
11-27 11:37:48 Epoch 42 Train, Loss: 38.87, GAME0: 20.88 MSE: 30.40, Cost 62.1 sec
11-27 11:38:02 Epoch 42 Val200, GAME0 131.22 GAME1 194.03 GAME2 313.12 GAME3 466.54 MSE 257.93 Re 3.0984, 
11-27 11:38:02 *** Best Val GAME0 131.221 GAME3 466.535 model epoch 42
11-27 11:38:53 Epoch 42 Test800, GAME0 188.91 GAME1 263.12 GAME2 375.93 GAME3 545.72 MSE 371.56 Re 4.9775, 
11-27 11:38:53 -----Epoch 43/199-----
11-27 11:39:55 Epoch 43 Train, Loss: 35.33, GAME0: 18.32 MSE: 26.88, Cost 62.7 sec
11-27 11:40:09 Epoch 43 Val200, GAME0 285.76 GAME1 358.61 GAME2 489.49 GAME3 681.07 MSE 689.11 Re 6.6986, 
11-27 11:40:09 -----Epoch 44/199-----
11-27 11:41:11 Epoch 44 Train, Loss: 32.54, GAME0: 17.60 MSE: 27.03, Cost 62.1 sec
11-27 11:41:25 Epoch 44 Val200, GAME0 186.78 GAME1 222.56 GAME2 282.69 GAME3 377.20 MSE 405.25 Re 4.4500, 
11-27 11:41:25 *** Best Val GAME0 131.221 GAME3 377.204 model epoch 44
11-27 11:42:16 Epoch 44 Test800, GAME0 248.12 GAME1 295.94 GAME2 361.45 GAME3 453.10 MSE 628.63 Re 6.1913, 
11-27 11:42:16 -----Epoch 45/199-----
11-27 11:43:18 Epoch 45 Train, Loss: 27.45, GAME0: 16.30 MSE: 24.83, Cost 62.1 sec
11-27 11:43:31 Epoch 45 Val200, GAME0 171.69 GAME1 202.77 GAME2 256.86 GAME3 334.74 MSE 369.35 Re 4.0230, 
11-27 11:43:31 *** Best Val GAME0 131.221 GAME3 334.743 model epoch 45
11-27 11:44:23 Epoch 45 Test800, GAME0 271.63 GAME1 306.67 GAME2 358.07 GAME3 434.50 MSE 654.48 Re 6.7811, 
11-27 11:44:23 -----Epoch 46/199-----
11-27 11:45:25 Epoch 46 Train, Loss: 23.96, GAME0: 15.10 MSE: 26.22, Cost 62.3 sec
11-27 11:45:38 Epoch 46 Val200, GAME0 131.45 GAME1 163.30 GAME2 217.07 GAME3 301.97 MSE 253.99 Re 2.9313, 
11-27 11:45:38 *** Best Val GAME0 131.221 GAME3 301.965 model epoch 46
11-27 11:46:30 Epoch 46 Test800, GAME0 177.23 GAME1 208.26 GAME2 255.15 GAME3 331.39 MSE 358.79 Re 3.7506, 
11-27 11:46:30 -----Epoch 47/199-----
11-27 11:47:32 Epoch 47 Train, Loss: 22.73, GAME0: 14.85 MSE: 26.11, Cost 62.0 sec
11-27 11:47:45 Epoch 47 Val200, GAME0 123.48 GAME1 153.95 GAME2 192.47 GAME3 250.08 MSE 247.96 Re 2.9456, 
11-27 11:47:45 *** Best Val GAME0 123.484 GAME3 250.075 model epoch 47
11-27 11:48:36 Epoch 47 Test800, GAME0 163.11 GAME1 192.47 GAME2 230.06 GAME3 284.29 MSE 348.98 Re 3.7391, 
11-27 11:48:36 -----Epoch 48/199-----
11-27 11:49:39 Epoch 48 Train, Loss: 20.95, GAME0: 13.95 MSE: 23.60, Cost 62.2 sec
11-27 11:49:52 Epoch 48 Val200, GAME0 114.75 GAME1 150.53 GAME2 206.92 GAME3 298.77 MSE 189.95 Re 2.7681, 
11-27 11:49:52 *** Best Val GAME0 114.748 GAME3 250.075 model epoch 48
11-27 11:50:43 Epoch 48 Test800, GAME0 161.77 GAME1 200.61 GAME2 256.34 GAME3 345.67 MSE 282.43 Re 3.8840, 
11-27 11:50:43 -----Epoch 49/199-----
11-27 11:51:45 Epoch 49 Train, Loss: 19.49, GAME0: 13.59 MSE: 23.41, Cost 62.1 sec
11-27 11:51:59 Epoch 49 Val200, GAME0 85.39 GAME1 113.30 GAME2 161.09 GAME3 235.43 MSE 134.58 Re 1.9274, 
11-27 11:51:59 *** Best Val GAME0 85.393 GAME3 235.427 model epoch 49
11-27 11:52:50 Epoch 49 Test800, GAME0 140.51 GAME1 171.62 GAME2 214.90 GAME3 285.05 MSE 267.20 Re 3.6773, 
11-27 11:52:50 -----Epoch 50/199-----
11-27 11:53:52 Epoch 50 Train, Loss: 19.29, GAME0: 13.53 MSE: 25.34, Cost 62.1 sec
11-27 11:54:06 Epoch 50 Val200, GAME0 56.60 GAME1 74.97 GAME2 102.83 GAME3 139.33 MSE 84.67 Re 1.1212, 
11-27 11:54:06 *** Best Val GAME0 56.600 GAME3 139.327 model epoch 50
11-27 11:54:57 Epoch 50 Test800, GAME0 74.91 GAME1 91.21 GAME2 115.89 GAME3 150.31 MSE 113.34 Re 1.3082, 
11-27 11:54:57 -----Epoch 51/199-----
11-27 11:56:00 Epoch 51 Train, Loss: 18.26, GAME0: 12.86 MSE: 22.81, Cost 62.9 sec
11-27 11:56:13 Epoch 51 Val200, GAME0 71.89 GAME1 90.70 GAME2 115.85 GAME3 154.46 MSE 103.20 Re 1.5334, 
11-27 11:56:13 -----Epoch 52/199-----
11-27 11:57:16 Epoch 52 Train, Loss: 17.96, GAME0: 12.77 MSE: 24.02, Cost 62.2 sec
11-27 11:57:29 Epoch 52 Val200, GAME0 55.73 GAME1 69.22 GAME2 87.48 GAME3 116.76 MSE 89.34 Re 0.8447, 
11-27 11:57:29 *** Best Val GAME0 55.733 GAME3 116.760 model epoch 52
11-27 11:58:20 Epoch 52 Test800, GAME0 80.80 GAME1 90.26 GAME2 108.41 GAME3 136.60 MSE 123.08 Re 1.3163, 
11-27 11:58:20 -----Epoch 53/199-----
11-27 11:59:23 Epoch 53 Train, Loss: 17.16, GAME0: 12.61 MSE: 23.46, Cost 62.6 sec
11-27 11:59:36 Epoch 53 Val200, GAME0 58.75 GAME1 77.03 GAME2 97.88 GAME3 126.90 MSE 91.92 Re 1.1149, 
11-27 11:59:36 -----Epoch 54/199-----
11-27 12:00:39 Epoch 54 Train, Loss: 17.22, GAME0: 12.57 MSE: 23.87, Cost 62.2 sec
11-27 12:00:52 Epoch 54 Val200, GAME0 47.50 GAME1 61.81 GAME2 79.13 GAME3 104.43 MSE 78.51 Re 0.7446, 
11-27 12:00:52 *** Best Val GAME0 47.504 GAME3 104.432 model epoch 54
11-27 12:01:43 Epoch 54 Test800, GAME0 68.80 GAME1 77.93 GAME2 93.75 GAME3 116.88 MSE 107.39 Re 1.0632, 
11-27 12:01:43 -----Epoch 55/199-----
11-27 12:02:46 Epoch 55 Train, Loss: 17.08, GAME0: 12.81 MSE: 24.37, Cost 62.8 sec
11-27 12:03:00 Epoch 55 Val200, GAME0 44.21 GAME1 60.32 GAME2 82.47 GAME3 114.49 MSE 67.34 Re 0.7303, 
11-27 12:03:00 *** Best Val GAME0 44.212 GAME3 104.432 model epoch 55
11-27 12:03:51 Epoch 55 Test800, GAME0 60.41 GAME1 72.99 GAME2 93.90 GAME3 123.13 MSE 97.71 Re 0.9282, 
11-27 12:03:51 -----Epoch 56/199-----
11-27 12:04:53 Epoch 56 Train, Loss: 15.95, GAME0: 11.80 MSE: 20.81, Cost 62.0 sec
11-27 12:05:07 Epoch 56 Val200, GAME0 49.17 GAME1 65.36 GAME2 83.93 GAME3 110.68 MSE 72.98 Re 1.0213, 
11-27 12:05:07 -----Epoch 57/199-----
11-27 12:06:09 Epoch 57 Train, Loss: 16.09, GAME0: 12.19 MSE: 22.89, Cost 62.2 sec
11-27 12:06:22 Epoch 57 Val200, GAME0 51.23 GAME1 63.56 GAME2 80.14 GAME3 105.91 MSE 83.41 Re 0.7946, 
11-27 12:06:22 -----Epoch 58/199-----
11-27 12:07:24 Epoch 58 Train, Loss: 15.98, GAME0: 11.86 MSE: 23.86, Cost 62.0 sec
11-27 12:07:38 Epoch 58 Val200, GAME0 46.16 GAME1 57.42 GAME2 71.15 GAME3 92.30 MSE 75.78 Re 0.6928, 
11-27 12:07:38 *** Best Val GAME0 44.212 GAME3 92.300 model epoch 58
11-27 12:08:29 Epoch 58 Test800, GAME0 60.66 GAME1 67.43 GAME2 80.40 GAME3 99.19 MSE 96.24 Re 0.8774, 
11-27 12:08:29 -----Epoch 59/199-----
11-27 12:09:31 Epoch 59 Train, Loss: 15.83, GAME0: 12.23 MSE: 23.53, Cost 62.2 sec
11-27 12:09:45 Epoch 59 Val200, GAME0 46.57 GAME1 63.07 GAME2 82.17 GAME3 111.75 MSE 74.28 Re 0.9008, 
11-27 12:09:45 -----Epoch 60/199-----
11-27 12:10:47 Epoch 60 Train, Loss: 15.17, GAME0: 11.32 MSE: 22.07, Cost 62.1 sec
11-27 12:11:01 Epoch 60 Val200, GAME0 51.25 GAME1 58.57 GAME2 69.53 GAME3 86.81 MSE 79.87 Re 0.7976, 
11-27 12:11:01 *** Best Val GAME0 44.212 GAME3 86.809 model epoch 60
11-27 12:11:51 Epoch 60 Test800, GAME0 63.41 GAME1 68.63 GAME2 78.52 GAME3 93.69 MSE 94.69 Re 0.9315, 
11-27 12:11:51 -----Epoch 61/199-----
11-27 12:12:54 Epoch 61 Train, Loss: 16.13, GAME0: 12.30 MSE: 23.99, Cost 62.5 sec
11-27 12:13:08 Epoch 61 Val200, GAME0 47.66 GAME1 55.48 GAME2 67.20 GAME3 85.36 MSE 77.12 Re 0.7050, 
11-27 12:13:08 *** Best Val GAME0 44.212 GAME3 85.357 model epoch 61
11-27 12:13:58 Epoch 61 Test800, GAME0 57.87 GAME1 63.96 GAME2 75.01 GAME3 90.65 MSE 89.54 Re 0.8057, 
11-27 12:13:58 -----Epoch 62/199-----
11-27 12:15:01 Epoch 62 Train, Loss: 14.71, GAME0: 11.04 MSE: 20.91, Cost 62.1 sec
11-27 12:15:14 Epoch 62 Val200, GAME0 48.20 GAME1 56.86 GAME2 70.68 GAME3 92.33 MSE 78.79 Re 0.7222, 
11-27 12:15:14 -----Epoch 63/199-----
11-27 12:16:17 Epoch 63 Train, Loss: 15.11, GAME0: 11.51 MSE: 23.01, Cost 62.1 sec
11-27 12:16:30 Epoch 63 Val200, GAME0 52.55 GAME1 59.71 GAME2 72.33 GAME3 93.30 MSE 81.21 Re 0.8187, 
11-27 12:16:30 -----Epoch 64/199-----
11-27 12:17:32 Epoch 64 Train, Loss: 15.03, GAME0: 11.14 MSE: 21.42, Cost 62.1 sec
11-27 12:17:46 Epoch 64 Val200, GAME0 61.05 GAME1 63.87 GAME2 70.31 GAME3 81.68 MSE 86.69 Re 0.9996, 
11-27 12:17:46 *** Best Val GAME0 44.212 GAME3 81.684 model epoch 64
11-27 12:18:37 Epoch 64 Test800, GAME0 69.19 GAME1 72.84 GAME2 79.67 GAME3 89.64 MSE 97.52 Re 1.0156, 
11-27 12:18:37 -----Epoch 65/199-----
11-27 12:19:39 Epoch 65 Train, Loss: 14.98, GAME0: 11.30 MSE: 21.73, Cost 62.2 sec
11-27 12:19:52 Epoch 65 Val200, GAME0 39.44 GAME1 51.72 GAME2 65.28 GAME3 86.02 MSE 67.71 Re 0.6252, 
11-27 12:19:52 *** Best Val GAME0 39.438 GAME3 81.684 model epoch 65
11-27 12:20:43 Epoch 65 Test800, GAME0 50.17 GAME1 61.63 GAME2 75.44 GAME3 93.51 MSE 78.93 Re 0.7758, 
11-27 12:20:43 -----Epoch 66/199-----
11-27 12:21:45 Epoch 66 Train, Loss: 14.79, GAME0: 10.96 MSE: 21.14, Cost 62.2 sec
11-27 12:21:59 Epoch 66 Val200, GAME0 47.04 GAME1 54.25 GAME2 64.94 GAME3 80.06 MSE 76.07 Re 0.7373, 
11-27 12:21:59 *** Best Val GAME0 39.438 GAME3 80.055 model epoch 66
11-27 12:22:50 Epoch 66 Test800, GAME0 58.31 GAME1 65.00 GAME2 74.51 GAME3 87.90 MSE 88.03 Re 0.8768, 
11-27 12:22:50 -----Epoch 67/199-----
11-27 12:23:52 Epoch 67 Train, Loss: 14.14, GAME0: 10.42 MSE: 19.34, Cost 62.3 sec
11-27 12:24:06 Epoch 67 Val200, GAME0 38.78 GAME1 48.75 GAME2 62.57 GAME3 80.57 MSE 67.68 Re 0.5411, 
11-27 12:24:06 *** Best Val GAME0 38.781 GAME3 80.055 model epoch 67
11-27 12:24:57 Epoch 67 Test800, GAME0 46.71 GAME1 57.44 GAME2 71.33 GAME3 88.31 MSE 75.97 Re 0.6483, 
11-27 12:24:57 -----Epoch 68/199-----
11-27 12:25:59 Epoch 68 Train, Loss: 14.06, GAME0: 10.46 MSE: 19.53, Cost 62.8 sec
11-27 12:26:13 Epoch 68 Val200, GAME0 50.58 GAME1 60.44 GAME2 75.04 GAME3 99.54 MSE 81.44 Re 0.7704, 
11-27 12:26:13 -----Epoch 69/199-----
11-27 12:27:15 Epoch 69 Train, Loss: 14.20, GAME0: 10.70 MSE: 19.37, Cost 62.1 sec
11-27 12:27:29 Epoch 69 Val200, GAME0 42.65 GAME1 51.44 GAME2 64.27 GAME3 82.15 MSE 71.45 Re 0.6354, 
11-27 12:27:29 -----Epoch 70/199-----
11-27 12:28:31 Epoch 70 Train, Loss: 14.12, GAME0: 10.58 MSE: 21.76, Cost 62.1 sec
11-27 12:28:45 Epoch 70 Val200, GAME0 51.44 GAME1 55.70 GAME2 64.41 GAME3 78.79 MSE 79.64 Re 0.8122, 
11-27 12:28:45 *** Best Val GAME0 38.781 GAME3 78.789 model epoch 70
11-27 12:29:36 Epoch 70 Test800, GAME0 60.92 GAME1 65.03 GAME2 73.15 GAME3 85.97 MSE 89.69 Re 0.8851, 
11-27 12:29:36 -----Epoch 71/199-----
11-27 12:30:38 Epoch 71 Train, Loss: 14.29, GAME0: 10.54 MSE: 20.08, Cost 62.6 sec
11-27 12:30:52 Epoch 71 Val200, GAME0 42.38 GAME1 51.16 GAME2 62.48 GAME3 78.77 MSE 70.07 Re 0.6609, 
11-27 12:30:52 *** Best Val GAME0 38.781 GAME3 78.772 model epoch 71
11-27 12:31:43 Epoch 71 Test800, GAME0 51.08 GAME1 59.92 GAME2 71.15 GAME3 85.67 MSE 77.86 Re 0.7539, 
11-27 12:31:43 -----Epoch 72/199-----
11-27 12:32:45 Epoch 72 Train, Loss: 14.07, GAME0: 10.41 MSE: 19.90, Cost 62.1 sec
11-27 12:32:59 Epoch 72 Val200, GAME0 47.29 GAME1 54.18 GAME2 65.06 GAME3 81.06 MSE 77.49 Re 0.7574, 
11-27 12:32:59 -----Epoch 73/199-----
11-27 12:34:01 Epoch 73 Train, Loss: 13.97, GAME0: 10.28 MSE: 20.57, Cost 62.1 sec
11-27 12:34:15 Epoch 73 Val200, GAME0 45.29 GAME1 51.40 GAME2 61.99 GAME3 76.69 MSE 78.02 Re 0.7041, 
11-27 12:34:15 *** Best Val GAME0 38.781 GAME3 76.690 model epoch 73
11-27 12:35:05 Epoch 73 Test800, GAME0 58.40 GAME1 64.47 GAME2 73.54 GAME3 87.06 MSE 91.48 Re 0.8515, 
11-27 12:35:05 -----Epoch 74/199-----
11-27 12:36:08 Epoch 74 Train, Loss: 13.76, GAME0: 9.95 MSE: 20.68, Cost 62.4 sec
11-27 12:36:21 Epoch 74 Val200, GAME0 46.19 GAME1 52.82 GAME2 64.75 GAME3 81.54 MSE 75.69 Re 0.7389, 
11-27 12:36:21 -----Epoch 75/199-----
11-27 12:37:24 Epoch 75 Train, Loss: 13.42, GAME0: 9.77 MSE: 18.56, Cost 62.2 sec
11-27 12:37:37 Epoch 75 Val200, GAME0 43.10 GAME1 50.99 GAME2 61.75 GAME3 77.39 MSE 74.21 Re 0.6617, 
11-27 12:37:37 -----Epoch 76/199-----
11-27 12:38:39 Epoch 76 Train, Loss: 13.90, GAME0: 10.15 MSE: 18.93, Cost 62.0 sec
11-27 12:38:53 Epoch 76 Val200, GAME0 52.63 GAME1 59.31 GAME2 70.81 GAME3 88.37 MSE 82.40 Re 0.8662, 
11-27 12:38:53 -----Epoch 77/199-----
11-27 12:39:55 Epoch 77 Train, Loss: 13.58, GAME0: 9.93 MSE: 19.28, Cost 62.4 sec
11-27 12:40:09 Epoch 77 Val200, GAME0 53.95 GAME1 60.66 GAME2 71.79 GAME3 87.34 MSE 90.93 Re 0.8750, 
11-27 12:40:09 -----Epoch 78/199-----
11-27 12:41:11 Epoch 78 Train, Loss: 13.83, GAME0: 9.89 MSE: 19.15, Cost 62.4 sec
11-27 12:41:25 Epoch 78 Val200, GAME0 45.04 GAME1 53.41 GAME2 65.68 GAME3 82.19 MSE 75.83 Re 0.7129, 
11-27 12:41:25 -----Epoch 79/199-----
11-27 12:42:27 Epoch 79 Train, Loss: 13.41, GAME0: 9.69 MSE: 19.82, Cost 62.3 sec
11-27 12:42:41 Epoch 79 Val200, GAME0 37.36 GAME1 46.22 GAME2 58.79 GAME3 75.26 MSE 69.75 Re 0.5593, 
11-27 12:42:41 *** Best Val GAME0 37.363 GAME3 75.260 model epoch 79
11-27 12:43:32 Epoch 79 Test800, GAME0 48.29 GAME1 56.20 GAME2 67.62 GAME3 82.29 MSE 77.48 Re 0.7371, 
11-27 12:43:32 -----Epoch 80/199-----
11-27 12:44:34 Epoch 80 Train, Loss: 14.05, GAME0: 10.29 MSE: 21.17, Cost 62.5 sec
11-27 12:44:48 Epoch 80 Val200, GAME0 36.56 GAME1 47.35 GAME2 62.45 GAME3 82.50 MSE 67.26 Re 0.6098, 
11-27 12:44:48 *** Best Val GAME0 36.565 GAME3 75.260 model epoch 80
11-27 12:45:39 Epoch 80 Test800, GAME0 48.08 GAME1 58.67 GAME2 72.12 GAME3 89.12 MSE 75.66 Re 0.8361, 
11-27 12:45:39 -----Epoch 81/199-----
11-27 12:46:41 Epoch 81 Train, Loss: 13.83, GAME0: 10.03 MSE: 20.05, Cost 62.1 sec
11-27 12:46:54 Epoch 81 Val200, GAME0 53.86 GAME1 57.84 GAME2 64.94 GAME3 75.98 MSE 89.79 Re 0.8396, 
11-27 12:46:54 -----Epoch 82/199-----
11-27 12:47:57 Epoch 82 Train, Loss: 12.72, GAME0: 9.14 MSE: 18.02, Cost 62.1 sec
11-27 12:48:10 Epoch 82 Val200, GAME0 42.98 GAME1 51.35 GAME2 62.31 GAME3 76.77 MSE 72.47 Re 0.6607, 
11-27 12:48:10 -----Epoch 83/199-----
11-27 12:49:12 Epoch 83 Train, Loss: 13.36, GAME0: 9.61 MSE: 19.90, Cost 62.2 sec
11-27 12:49:26 Epoch 83 Val200, GAME0 37.83 GAME1 47.98 GAME2 60.97 GAME3 77.83 MSE 68.79 Re 0.5960, 
11-27 12:49:26 -----Epoch 84/199-----
11-27 12:50:29 Epoch 84 Train, Loss: 13.18, GAME0: 9.64 MSE: 19.34, Cost 62.7 sec
11-27 12:50:42 Epoch 84 Val200, GAME0 39.75 GAME1 50.04 GAME2 66.08 GAME3 87.14 MSE 72.21 Re 0.6305, 
11-27 12:50:42 -----Epoch 85/199-----
11-27 12:51:44 Epoch 85 Train, Loss: 12.94, GAME0: 9.23 MSE: 18.92, Cost 62.3 sec
11-27 12:51:58 Epoch 85 Val200, GAME0 52.76 GAME1 57.87 GAME2 66.37 GAME3 80.24 MSE 79.86 Re 0.8621, 
11-27 12:51:58 -----Epoch 86/199-----
11-27 12:53:00 Epoch 86 Train, Loss: 12.55, GAME0: 8.93 MSE: 16.92, Cost 62.2 sec
11-27 12:53:14 Epoch 86 Val200, GAME0 40.08 GAME1 48.18 GAME2 59.17 GAME3 74.30 MSE 69.80 Re 0.6245, 
11-27 12:53:14 *** Best Val GAME0 36.565 GAME3 74.301 model epoch 86
11-27 12:54:05 Epoch 86 Test800, GAME0 49.90 GAME1 57.13 GAME2 67.47 GAME3 81.15 MSE 78.05 Re 0.7364, 
11-27 12:54:05 -----Epoch 87/199-----
11-27 12:55:07 Epoch 87 Train, Loss: 12.85, GAME0: 9.16 MSE: 16.93, Cost 62.3 sec
11-27 12:55:21 Epoch 87 Val200, GAME0 49.93 GAME1 56.80 GAME2 67.70 GAME3 84.07 MSE 78.73 Re 0.8302, 
11-27 12:55:21 -----Epoch 88/199-----
11-27 12:56:23 Epoch 88 Train, Loss: 13.10, GAME0: 9.46 MSE: 18.34, Cost 62.4 sec
11-27 12:56:37 Epoch 88 Val200, GAME0 44.20 GAME1 50.06 GAME2 59.17 GAME3 73.05 MSE 73.70 Re 0.7099, 
11-27 12:56:37 *** Best Val GAME0 36.565 GAME3 73.046 model epoch 88
11-27 12:57:28 Epoch 88 Test800, GAME0 52.94 GAME1 58.48 GAME2 67.30 GAME3 79.66 MSE 79.57 Re 0.8133, 
11-27 12:57:28 -----Epoch 89/199-----
11-27 12:58:30 Epoch 89 Train, Loss: 12.45, GAME0: 8.83 MSE: 16.98, Cost 62.4 sec
11-27 12:58:44 Epoch 89 Val200, GAME0 44.82 GAME1 51.44 GAME2 61.82 GAME3 76.12 MSE 74.56 Re 0.6919, 
11-27 12:58:44 -----Epoch 90/199-----
11-27 12:59:46 Epoch 90 Train, Loss: 12.71, GAME0: 9.14 MSE: 18.55, Cost 62.5 sec
11-27 13:00:00 Epoch 90 Val200, GAME0 42.23 GAME1 49.27 GAME2 59.05 GAME3 72.72 MSE 72.08 Re 0.6493, 
11-27 13:00:00 *** Best Val GAME0 36.565 GAME3 72.724 model epoch 90
11-27 13:00:51 Epoch 90 Test800, GAME0 51.19 GAME1 57.84 GAME2 66.95 GAME3 79.14 MSE 79.37 Re 0.7349, 
11-27 13:00:51 -----Epoch 91/199-----
11-27 13:01:53 Epoch 91 Train, Loss: 13.13, GAME0: 9.40 MSE: 20.08, Cost 62.1 sec
11-27 13:02:07 Epoch 91 Val200, GAME0 40.55 GAME1 49.15 GAME2 60.93 GAME3 76.73 MSE 69.11 Re 0.6476, 
11-27 13:02:07 -----Epoch 92/199-----
11-27 13:03:09 Epoch 92 Train, Loss: 12.31, GAME0: 8.64 MSE: 17.33, Cost 62.2 sec
11-27 13:03:22 Epoch 92 Val200, GAME0 37.49 GAME1 48.82 GAME2 63.45 GAME3 83.27 MSE 68.70 Re 0.6003, 
11-27 13:03:22 -----Epoch 93/199-----
11-27 13:04:25 Epoch 93 Train, Loss: 12.22, GAME0: 8.37 MSE: 17.21, Cost 62.2 sec
11-27 13:04:38 Epoch 93 Val200, GAME0 37.60 GAME1 47.31 GAME2 58.77 GAME3 73.24 MSE 68.52 Re 0.5837, 
11-27 13:04:38 -----Epoch 94/199-----
11-27 13:05:41 Epoch 94 Train, Loss: 12.41, GAME0: 8.99 MSE: 16.94, Cost 62.4 sec
11-27 13:05:54 Epoch 94 Val200, GAME0 41.22 GAME1 49.07 GAME2 59.31 GAME3 74.46 MSE 73.52 Re 0.6283, 
11-27 13:05:54 -----Epoch 95/199-----
11-27 13:06:56 Epoch 95 Train, Loss: 12.42, GAME0: 8.69 MSE: 16.45, Cost 62.3 sec
11-27 13:07:10 Epoch 95 Val200, GAME0 47.88 GAME1 55.66 GAME2 66.21 GAME3 81.68 MSE 77.33 Re 0.7814, 
11-27 13:07:10 -----Epoch 96/199-----
11-27 13:08:12 Epoch 96 Train, Loss: 12.54, GAME0: 8.90 MSE: 17.92, Cost 62.1 sec
11-27 13:08:26 Epoch 96 Val200, GAME0 38.99 GAME1 47.60 GAME2 60.76 GAME3 78.08 MSE 70.29 Re 0.5993, 
11-27 13:08:26 -----Epoch 97/199-----
11-27 13:09:28 Epoch 97 Train, Loss: 12.31, GAME0: 8.68 MSE: 16.84, Cost 62.1 sec
11-27 13:09:41 Epoch 97 Val200, GAME0 48.10 GAME1 57.64 GAME2 69.42 GAME3 86.63 MSE 77.36 Re 0.7907, 
11-27 13:09:41 -----Epoch 98/199-----
11-27 13:10:44 Epoch 98 Train, Loss: 12.86, GAME0: 8.95 MSE: 17.04, Cost 62.5 sec
11-27 13:10:58 Epoch 98 Val200, GAME0 39.18 GAME1 47.77 GAME2 60.09 GAME3 76.07 MSE 70.14 Re 0.6161, 
11-27 13:10:58 -----Epoch 99/199-----
11-27 13:12:00 Epoch 99 Train, Loss: 12.38, GAME0: 8.62 MSE: 17.55, Cost 62.2 sec
11-27 13:12:13 Epoch 99 Val200, GAME0 39.35 GAME1 50.05 GAME2 65.19 GAME3 84.95 MSE 70.43 Re 0.6403, 
11-27 13:12:13 -----Epoch 100/199-----
11-27 13:13:16 Epoch 100 Train, Loss: 11.86, GAME0: 8.15 MSE: 15.64, Cost 62.6 sec
11-27 13:13:30 Epoch 100 Val200, GAME0 43.97 GAME1 50.70 GAME2 60.92 GAME3 74.94 MSE 74.23 Re 0.7035, 
11-27 13:13:30 -----Epoch 101/199-----
11-27 13:14:32 Epoch 101 Train, Loss: 11.99, GAME0: 8.48 MSE: 15.58, Cost 62.1 sec
11-27 13:14:45 Epoch 101 Val200, GAME0 35.23 GAME1 47.57 GAME2 61.57 GAME3 78.60 MSE 66.11 Re 0.5817, 
11-27 13:14:45 *** Best Val GAME0 35.235 GAME3 72.724 model epoch 101
11-27 13:15:36 Epoch 101 Test800, GAME0 48.32 GAME1 59.13 GAME2 71.84 GAME3 87.20 MSE 76.02 Re 0.8216, 
11-27 13:15:36 -----Epoch 102/199-----
11-27 13:16:39 Epoch 102 Train, Loss: 11.84, GAME0: 8.26 MSE: 16.21, Cost 62.1 sec
11-27 13:16:52 Epoch 102 Val200, GAME0 44.59 GAME1 52.34 GAME2 63.05 GAME3 77.82 MSE 75.31 Re 0.7011, 
11-27 13:16:52 -----Epoch 103/199-----
11-27 13:17:54 Epoch 103 Train, Loss: 11.94, GAME0: 8.38 MSE: 16.05, Cost 62.0 sec
11-27 13:18:08 Epoch 103 Val200, GAME0 40.07 GAME1 49.09 GAME2 61.45 GAME3 78.03 MSE 72.10 Re 0.6402, 
11-27 13:18:08 -----Epoch 104/199-----
11-27 13:19:10 Epoch 104 Train, Loss: 12.01, GAME0: 8.21 MSE: 15.32, Cost 62.3 sec
11-27 13:19:24 Epoch 104 Val200, GAME0 54.18 GAME1 59.03 GAME2 66.70 GAME3 79.68 MSE 83.32 Re 0.8876, 
11-27 13:19:24 -----Epoch 105/199-----
11-27 13:20:26 Epoch 105 Train, Loss: 12.45, GAME0: 8.82 MSE: 18.21, Cost 62.1 sec
11-27 13:20:39 Epoch 105 Val200, GAME0 38.54 GAME1 48.59 GAME2 61.14 GAME3 78.62 MSE 71.00 Re 0.5966, 
11-27 13:20:39 -----Epoch 106/199-----
11-27 13:21:41 Epoch 106 Train, Loss: 11.71, GAME0: 8.14 MSE: 15.44, Cost 62.0 sec
11-27 13:21:55 Epoch 106 Val200, GAME0 44.18 GAME1 52.23 GAME2 63.13 GAME3 78.46 MSE 74.63 Re 0.7155, 
11-27 13:21:55 -----Epoch 107/199-----
11-27 13:22:58 Epoch 107 Train, Loss: 11.58, GAME0: 8.08 MSE: 15.35, Cost 62.5 sec
11-27 13:23:11 Epoch 107 Val200, GAME0 41.00 GAME1 53.58 GAME2 69.42 GAME3 89.57 MSE 86.42 Re 0.6975, 
11-27 13:23:11 -----Epoch 108/199-----
11-27 13:24:13 Epoch 108 Train, Loss: 11.92, GAME0: 8.27 MSE: 16.68, Cost 62.1 sec
11-27 13:24:27 Epoch 108 Val200, GAME0 40.28 GAME1 50.05 GAME2 62.64 GAME3 80.08 MSE 70.50 Re 0.6398, 
11-27 13:24:27 -----Epoch 109/199-----
11-27 13:25:29 Epoch 109 Train, Loss: 11.90, GAME0: 8.34 MSE: 15.55, Cost 62.6 sec
11-27 13:25:43 Epoch 109 Val200, GAME0 43.12 GAME1 50.45 GAME2 61.22 GAME3 76.19 MSE 73.91 Re 0.6666, 
11-27 13:25:43 -----Epoch 110/199-----
11-27 13:26:46 Epoch 110 Train, Loss: 11.52, GAME0: 7.95 MSE: 16.37, Cost 62.4 sec
11-27 13:26:59 Epoch 110 Val200, GAME0 39.21 GAME1 48.29 GAME2 61.12 GAME3 77.75 MSE 70.00 Re 0.6135, 
11-27 13:26:59 -----Epoch 111/199-----
11-27 13:28:02 Epoch 111 Train, Loss: 11.73, GAME0: 8.04 MSE: 15.16, Cost 62.5 sec
11-27 13:28:15 Epoch 111 Val200, GAME0 40.62 GAME1 49.45 GAME2 61.66 GAME3 78.45 MSE 72.47 Re 0.6664, 
11-27 13:28:15 -----Epoch 112/199-----
11-27 13:29:18 Epoch 112 Train, Loss: 11.41, GAME0: 7.75 MSE: 14.62, Cost 62.3 sec
11-27 13:29:31 Epoch 112 Val200, GAME0 38.32 GAME1 49.58 GAME2 63.52 GAME3 82.54 MSE 69.69 Re 0.6410, 
11-27 13:29:31 -----Epoch 113/199-----
11-27 13:30:34 Epoch 113 Train, Loss: 11.39, GAME0: 7.54 MSE: 14.73, Cost 62.5 sec
11-27 13:30:47 Epoch 113 Val200, GAME0 54.86 GAME1 59.46 GAME2 67.84 GAME3 81.63 MSE 82.11 Re 0.9451, 
11-27 13:30:47 -----Epoch 114/199-----
11-27 13:31:50 Epoch 114 Train, Loss: 11.36, GAME0: 7.75 MSE: 14.12, Cost 62.1 sec
11-27 13:32:03 Epoch 114 Val200, GAME0 49.69 GAME1 55.12 GAME2 64.67 GAME3 79.79 MSE 77.26 Re 0.8502, 
11-27 13:32:03 -----Epoch 115/199-----
11-27 13:33:05 Epoch 115 Train, Loss: 11.30, GAME0: 7.64 MSE: 16.01, Cost 62.4 sec
11-27 13:33:19 Epoch 115 Val200, GAME0 41.19 GAME1 49.63 GAME2 61.72 GAME3 77.95 MSE 73.03 Re 0.6498, 
11-27 13:33:19 -----Epoch 116/199-----
11-27 13:34:21 Epoch 116 Train, Loss: 11.28, GAME0: 7.51 MSE: 14.80, Cost 62.3 sec
11-27 13:34:35 Epoch 116 Val200, GAME0 39.02 GAME1 47.42 GAME2 58.97 GAME3 74.85 MSE 70.09 Re 0.5973, 
11-27 13:34:35 -----Epoch 117/199-----
11-27 13:35:39 Epoch 117 Train, Loss: 10.99, GAME0: 7.48 MSE: 15.61, Cost 63.7 sec
11-27 13:35:53 Epoch 117 Val200, GAME0 33.42 GAME1 44.02 GAME2 56.54 GAME3 72.75 MSE 64.99 Re 0.5079, 
11-27 13:35:53 *** Best Val GAME0 33.424 GAME3 72.724 model epoch 117
11-27 13:36:45 Epoch 117 Test800, GAME0 42.42 GAME1 52.88 GAME2 64.81 GAME3 79.83 MSE 70.01 Re 0.6673, 
11-27 13:36:45 -----Epoch 118/199-----
