10-27 12:28:53 data_dir: preprocessed_data
10-27 12:28:53 save_dir: new model
10-27 12:28:53 lr: 1e-05
10-27 12:28:53 resume: 
10-27 12:28:53 device: 0
10-27 12:28:53 crop_size: 256
10-27 12:28:53 weight_decay: 1e-05
10-27 12:28:53 max_model_num: 1
10-27 12:28:53 max_epoch: 200
10-27 12:28:53 val_epoch: 1
10-27 12:28:53 val_start: 20
10-27 12:28:53 save_all_best: True
10-27 12:28:53 batch_size: 1
10-27 12:28:53 num_workers: 6
10-27 12:28:53 downsample_ratio: 8
10-27 12:28:53 use_background: True
10-27 12:28:53 sigma: 8.0
10-27 12:28:53 background_ratio: 0.15
10-27 12:28:53 using 1 gpus
10-27 12:28:55 -----Epoch 0/199-----
10-27 12:30:42 Epoch 0 Train, Loss: 50.00, GAME0: 34.35 MSE: 47.93, Cost 107.6 sec
10-27 12:30:43 -----Epoch 1/199-----
10-27 12:32:26 Epoch 1 Train, Loss: 33.86, GAME0: 17.88 MSE: 25.66, Cost 103.2 sec
10-27 12:32:27 -----Epoch 2/199-----
10-27 12:34:12 Epoch 2 Train, Loss: 29.68, GAME0: 15.17 MSE: 26.76, Cost 105.0 sec
10-27 12:34:13 -----Epoch 3/199-----
10-27 12:35:58 Epoch 3 Train, Loss: 28.20, GAME0: 14.51 MSE: 23.93, Cost 104.3 sec
10-27 12:35:58 -----Epoch 4/199-----
10-27 12:37:43 Epoch 4 Train, Loss: 28.15, GAME0: 15.14 MSE: 26.27, Cost 104.1 sec
10-27 12:37:44 -----Epoch 5/199-----
10-27 12:39:28 Epoch 5 Train, Loss: 27.72, GAME0: 14.74 MSE: 23.94, Cost 104.2 sec
10-27 12:39:29 -----Epoch 6/199-----
10-27 12:41:11 Epoch 6 Train, Loss: 26.45, GAME0: 13.96 MSE: 23.19, Cost 102.7 sec
10-27 12:41:12 -----Epoch 7/199-----
10-27 12:42:57 Epoch 7 Train, Loss: 26.40, GAME0: 14.24 MSE: 24.59, Cost 104.6 sec
10-27 12:42:58 -----Epoch 8/199-----
10-27 12:44:42 Epoch 8 Train, Loss: 26.24, GAME0: 14.55 MSE: 24.25, Cost 104.1 sec
10-27 12:44:43 -----Epoch 9/199-----
10-27 12:46:26 Epoch 9 Train, Loss: 26.19, GAME0: 15.09 MSE: 26.61, Cost 103.1 sec
10-27 12:46:27 -----Epoch 10/199-----
10-27 12:48:10 Epoch 10 Train, Loss: 25.61, GAME0: 15.05 MSE: 25.79, Cost 102.8 sec
10-27 12:48:11 -----Epoch 11/199-----
10-27 12:49:53 Epoch 11 Train, Loss: 25.19, GAME0: 15.28 MSE: 25.84, Cost 102.5 sec
10-27 12:49:54 -----Epoch 12/199-----
10-27 12:51:36 Epoch 12 Train, Loss: 25.11, GAME0: 15.91 MSE: 27.07, Cost 102.5 sec
10-27 12:51:37 -----Epoch 13/199-----
10-27 12:53:19 Epoch 13 Train, Loss: 24.10, GAME0: 15.84 MSE: 27.34, Cost 102.1 sec
10-27 12:53:20 -----Epoch 14/199-----
10-27 12:55:02 Epoch 14 Train, Loss: 23.97, GAME0: 16.03 MSE: 26.47, Cost 101.9 sec
10-27 12:55:03 -----Epoch 15/199-----
10-27 12:56:45 Epoch 15 Train, Loss: 24.12, GAME0: 16.86 MSE: 28.81, Cost 101.9 sec
10-27 12:56:46 -----Epoch 16/199-----
10-27 12:58:28 Epoch 16 Train, Loss: 24.60, GAME0: 17.58 MSE: 30.51, Cost 102.0 sec
10-27 12:58:29 -----Epoch 17/199-----
10-27 13:00:11 Epoch 17 Train, Loss: 23.79, GAME0: 17.44 MSE: 29.30, Cost 102.1 sec
10-27 13:00:12 -----Epoch 18/199-----
10-27 13:01:54 Epoch 18 Train, Loss: 23.11, GAME0: 17.43 MSE: 28.47, Cost 102.0 sec
10-27 13:01:55 -----Epoch 19/199-----
10-27 13:03:37 Epoch 19 Train, Loss: 22.58, GAME0: 17.67 MSE: 27.66, Cost 102.0 sec
10-27 13:03:38 -----Epoch 20/199-----
10-27 13:05:20 Epoch 20 Train, Loss: 23.72, GAME0: 18.83 MSE: 30.06, Cost 102.0 sec
10-27 13:05:44 Epoch 20 Val200, GAME0 60.81 GAME1 63.41 GAME2 67.07 GAME3 68.63 MSE 86.54 Re 0.6629, 
10-27 13:05:44 *** Best Val GAME0 60.815 GAME3 68.629 model epoch 20
10-27 13:07:13 Epoch 20 Test800, GAME0 69.49 GAME1 71.39 GAME2 74.98 GAME3 76.93 MSE 101.17 Re 0.6807, 
10-27 13:07:13 -----Epoch 21/199-----
10-27 13:08:55 Epoch 21 Train, Loss: 23.54, GAME0: 18.64 MSE: 30.33, Cost 102.4 sec
10-27 13:09:19 Epoch 21 Val200, GAME0 62.96 GAME1 64.37 GAME2 66.24 GAME3 67.05 MSE 88.06 Re 0.6701, 
10-27 13:09:19 *** Best Val GAME0 60.815 GAME3 67.050 model epoch 21
10-27 13:10:48 Epoch 21 Test800, GAME0 71.63 GAME1 72.68 GAME2 74.52 GAME3 75.53 MSE 102.66 Re 0.6877, 
10-27 13:10:48 -----Epoch 22/199-----
10-27 13:12:30 Epoch 22 Train, Loss: 22.77, GAME0: 19.16 MSE: 30.99, Cost 102.7 sec
10-27 13:12:54 Epoch 22 Val200, GAME0 61.33 GAME1 63.55 GAME2 66.54 GAME3 67.95 MSE 86.90 Re 0.6624, 
10-27 13:12:54 -----Epoch 23/199-----
10-27 13:14:36 Epoch 23 Train, Loss: 23.22, GAME0: 19.04 MSE: 29.37, Cost 102.6 sec
10-27 13:14:59 Epoch 23 Val200, GAME0 62.93 GAME1 64.34 GAME2 66.44 GAME3 67.24 MSE 88.04 Re 0.7218, 
10-27 13:14:59 -----Epoch 24/199-----
10-27 13:16:42 Epoch 24 Train, Loss: 22.50, GAME0: 19.43 MSE: 31.02, Cost 102.6 sec
10-27 13:17:05 Epoch 24 Val200, GAME0 63.85 GAME1 64.74 GAME2 66.21 GAME3 66.65 MSE 88.70 Re 0.7223, 
10-27 13:17:05 *** Best Val GAME0 60.815 GAME3 66.653 model epoch 24
10-27 13:18:35 Epoch 24 Test800, GAME0 72.53 GAME1 73.18 GAME2 74.62 GAME3 75.21 MSE 103.28 Re 0.7356, 
10-27 13:18:35 -----Epoch 25/199-----
10-27 13:20:17 Epoch 25 Train, Loss: 21.33, GAME0: 18.19 MSE: 27.38, Cost 102.5 sec
10-27 13:20:40 Epoch 25 Val200, GAME0 64.12 GAME1 64.87 GAME2 66.05 GAME3 66.42 MSE 88.89 Re 0.7554, 
10-27 13:20:40 *** Best Val GAME0 60.815 GAME3 66.421 model epoch 25
10-27 13:22:09 Epoch 25 Test800, GAME0 72.79 GAME1 73.34 GAME2 74.50 GAME3 74.99 MSE 103.47 Re 0.7666, 
10-27 13:22:09 -----Epoch 26/199-----
10-27 13:23:52 Epoch 26 Train, Loss: 21.85, GAME0: 19.21 MSE: 30.58, Cost 102.2 sec
10-27 13:24:15 Epoch 26 Val200, GAME0 64.25 GAME1 64.90 GAME2 65.89 GAME3 66.24 MSE 88.99 Re 0.7065, 
10-27 13:24:15 *** Best Val GAME0 60.815 GAME3 66.241 model epoch 26
10-27 13:25:44 Epoch 26 Test800, GAME0 72.92 GAME1 73.38 GAME2 74.37 GAME3 74.82 MSE 103.56 Re 0.7210, 
10-27 13:25:44 -----Epoch 27/199-----
10-27 13:27:26 Epoch 27 Train, Loss: 22.16, GAME0: 19.41 MSE: 29.18, Cost 101.8 sec
10-27 13:27:49 Epoch 27 Val200, GAME0 61.89 GAME1 63.95 GAME2 66.48 GAME3 67.70 MSE 87.30 Re 0.7601, 
10-27 13:27:49 -----Epoch 28/199-----
10-27 13:29:31 Epoch 28 Train, Loss: 23.04, GAME0: 20.02 MSE: 30.81, Cost 102.0 sec
10-27 13:29:54 Epoch 28 Val200, GAME0 63.69 GAME1 64.62 GAME2 65.97 GAME3 66.57 MSE 88.58 Re 0.8443, 
10-27 13:29:54 -----Epoch 29/199-----
10-27 13:31:36 Epoch 29 Train, Loss: 22.35, GAME0: 20.74 MSE: 32.66, Cost 102.0 sec
10-27 13:31:59 Epoch 29 Val200, GAME0 64.47 GAME1 65.01 GAME2 65.87 GAME3 66.15 MSE 89.15 Re 0.8175, 
10-27 13:31:59 *** Best Val GAME0 60.815 GAME3 66.152 model epoch 29
10-27 13:33:28 Epoch 29 Test800, GAME0 73.14 GAME1 73.54 GAME2 74.39 GAME3 74.75 MSE 103.71 Re 0.8251, 
10-27 13:33:28 -----Epoch 30/199-----
10-27 13:35:10 Epoch 30 Train, Loss: 22.36, GAME0: 19.97 MSE: 30.26, Cost 102.1 sec
10-27 13:35:33 Epoch 30 Val200, GAME0 64.21 GAME1 64.90 GAME2 65.95 GAME3 66.32 MSE 88.96 Re 0.8056, 
10-27 13:35:33 -----Epoch 31/199-----
10-27 13:37:15 Epoch 31 Train, Loss: 22.42, GAME0: 20.60 MSE: 31.77, Cost 101.9 sec
10-27 13:37:38 Epoch 31 Val200, GAME0 63.81 GAME1 64.72 GAME2 65.94 GAME3 66.48 MSE 88.67 Re 0.8757, 
10-27 13:37:38 -----Epoch 32/199-----
10-27 13:39:21 Epoch 32 Train, Loss: 23.10, GAME0: 20.02 MSE: 30.41, Cost 102.1 sec
10-27 13:39:44 Epoch 32 Val200, GAME0 63.94 GAME1 64.76 GAME2 65.91 GAME3 66.41 MSE 88.76 Re 0.8680, 
10-27 13:39:44 -----Epoch 33/199-----
10-27 13:41:26 Epoch 33 Train, Loss: 22.12, GAME0: 21.00 MSE: 32.47, Cost 102.5 sec
10-27 13:41:50 Epoch 33 Val200, GAME0 64.49 GAME1 65.01 GAME2 65.84 GAME3 66.11 MSE 89.16 Re 0.8614, 
10-27 13:41:50 *** Best Val GAME0 60.815 GAME3 66.110 model epoch 33
10-27 13:43:18 Epoch 33 Test800, GAME0 73.16 GAME1 73.54 GAME2 74.35 GAME3 74.71 MSE 103.73 Re 0.8669, 
10-27 13:43:18 -----Epoch 34/199-----
10-27 13:45:01 Epoch 34 Train, Loss: 21.89, GAME0: 20.36 MSE: 31.48, Cost 102.4 sec
10-27 13:45:24 Epoch 34 Val200, GAME0 58.82 GAME1 62.06 GAME2 67.41 GAME3 69.69 MSE 85.15 Re 1.7922, 
10-27 13:45:24 *** Best Val GAME0 58.818 GAME3 66.110 model epoch 34
10-27 13:46:52 Epoch 34 Test800, GAME0 67.49 GAME1 69.72 GAME2 75.01 GAME3 77.73 MSE 99.81 Re 1.7149, 
10-27 13:46:52 -----Epoch 35/199-----
10-27 13:48:34 Epoch 35 Train, Loss: 22.24, GAME0: 19.98 MSE: 29.55, Cost 102.0 sec
10-27 13:48:58 Epoch 35 Val200, GAME0 64.65 GAME1 65.07 GAME2 65.78 GAME3 66.01 MSE 89.27 Re 0.9127, 
10-27 13:48:58 *** Best Val GAME0 58.818 GAME3 66.007 model epoch 35
10-27 13:50:26 Epoch 35 Test800, GAME0 73.32 GAME1 73.63 GAME2 74.33 GAME3 74.62 MSE 103.84 Re 0.9164, 
10-27 13:50:26 -----Epoch 36/199-----
10-27 13:52:08 Epoch 36 Train, Loss: 22.75, GAME0: 21.81 MSE: 33.58, Cost 102.1 sec
10-27 13:52:31 Epoch 36 Val200, GAME0 63.50 GAME1 64.53 GAME2 65.80 GAME3 66.53 MSE 88.44 Re 0.8759, 
10-27 13:52:31 -----Epoch 37/199-----
10-27 13:54:13 Epoch 37 Train, Loss: 23.44, GAME0: 20.11 MSE: 30.59, Cost 101.9 sec
10-27 13:54:36 Epoch 37 Val200, GAME0 63.36 GAME1 64.51 GAME2 65.98 GAME3 66.69 MSE 88.35 Re 0.6760, 
10-27 13:54:36 -----Epoch 38/199-----
10-27 13:56:18 Epoch 38 Train, Loss: 22.19, GAME0: 21.33 MSE: 32.52, Cost 102.0 sec
10-27 13:56:42 Epoch 38 Val200, GAME0 64.44 GAME1 64.99 GAME2 65.67 GAME3 66.02 MSE 89.12 Re 0.8498, 
10-27 13:56:42 -----Epoch 39/199-----
10-27 13:58:24 Epoch 39 Train, Loss: 22.39, GAME0: 20.84 MSE: 31.47, Cost 102.0 sec
10-27 13:58:47 Epoch 39 Val200, GAME0 64.06 GAME1 64.81 GAME2 65.69 GAME3 66.19 MSE 88.85 Re 0.8642, 
10-27 13:58:47 -----Epoch 40/199-----
10-27 14:00:29 Epoch 40 Train, Loss: 22.10, GAME0: 19.51 MSE: 30.09, Cost 102.0 sec
10-27 14:00:52 Epoch 40 Val200, GAME0 47.55 GAME1 59.98 GAME2 70.24 GAME3 76.18 MSE 77.57 Re 0.4700, 
10-27 14:00:52 *** Best Val GAME0 47.545 GAME3 66.007 model epoch 40
10-27 14:02:21 Epoch 40 Test800, GAME0 56.21 GAME1 66.47 GAME2 76.13 GAME3 83.31 MSE 92.34 Re 0.4773, 
10-27 14:02:21 -----Epoch 41/199-----
10-27 14:04:03 Epoch 41 Train, Loss: 22.27, GAME0: 21.44 MSE: 32.40, Cost 102.0 sec
10-27 14:04:26 Epoch 41 Val200, GAME0 64.81 GAME1 65.15 GAME2 65.59 GAME3 65.81 MSE 89.40 Re 0.9195, 
10-27 14:04:26 *** Best Val GAME0 47.545 GAME3 65.808 model epoch 41
10-27 14:05:55 Epoch 41 Test800, GAME0 73.49 GAME1 73.73 GAME2 74.16 GAME3 74.43 MSE 103.96 Re 0.9229, 
10-27 14:05:55 -----Epoch 42/199-----
10-27 14:07:36 Epoch 42 Train, Loss: 22.01, GAME0: 20.25 MSE: 29.40, Cost 101.9 sec
10-27 14:08:00 Epoch 42 Val200, GAME0 64.64 GAME1 65.08 GAME2 65.69 GAME3 65.96 MSE 89.27 Re 0.9125, 
10-27 14:08:00 -----Epoch 43/199-----
10-27 14:09:42 Epoch 43 Train, Loss: 21.76, GAME0: 21.13 MSE: 30.89, Cost 101.9 sec
10-27 14:10:05 Epoch 43 Val200, GAME0 64.41 GAME1 64.97 GAME2 65.60 GAME3 66.00 MSE 89.10 Re 0.9105, 
10-27 14:10:05 -----Epoch 44/199-----
10-27 14:11:47 Epoch 44 Train, Loss: 22.61, GAME0: 20.25 MSE: 31.09, Cost 102.0 sec
10-27 14:12:10 Epoch 44 Val200, GAME0 64.94 GAME1 65.21 GAME2 65.63 GAME3 65.78 MSE 89.48 Re 0.9159, 
10-27 14:12:10 *** Best Val GAME0 47.545 GAME3 65.781 model epoch 44
10-27 14:13:38 Epoch 44 Test800, GAME0 73.61 GAME1 73.81 GAME2 74.22 GAME3 74.42 MSE 104.05 Re 0.9195, 
10-27 14:13:38 -----Epoch 45/199-----
10-27 14:15:20 Epoch 45 Train, Loss: 22.02, GAME0: 20.06 MSE: 29.89, Cost 102.0 sec
10-27 14:15:43 Epoch 45 Val200, GAME0 61.70 GAME1 63.76 GAME2 65.83 GAME3 67.33 MSE 87.16 Re 0.4886, 
10-27 14:15:43 -----Epoch 46/199-----
10-27 14:17:25 Epoch 46 Train, Loss: 22.41, GAME0: 21.29 MSE: 32.63, Cost 102.0 sec
10-27 14:17:49 Epoch 46 Val200, GAME0 64.74 GAME1 65.12 GAME2 65.70 GAME3 65.91 MSE 89.34 Re 0.9462, 
10-27 14:17:49 -----Epoch 47/199-----
10-27 14:19:31 Epoch 47 Train, Loss: 21.23, GAME0: 20.68 MSE: 31.21, Cost 101.9 sec
10-27 14:19:54 Epoch 47 Val200, GAME0 64.40 GAME1 64.98 GAME2 65.75 GAME3 66.10 MSE 89.09 Re 0.9152, 
10-27 14:19:54 -----Epoch 48/199-----
10-27 14:21:36 Epoch 48 Train, Loss: 22.27, GAME0: 20.45 MSE: 31.61, Cost 101.9 sec
10-27 14:21:59 Epoch 48 Val200, GAME0 64.58 GAME1 65.05 GAME2 65.64 GAME3 65.93 MSE 89.23 Re 0.9269, 
10-27 14:21:59 -----Epoch 49/199-----
10-27 14:23:41 Epoch 49 Train, Loss: 22.59, GAME0: 22.03 MSE: 34.17, Cost 101.8 sec
10-27 14:24:04 Epoch 49 Val200, GAME0 62.32 GAME1 64.09 GAME2 66.10 GAME3 67.24 MSE 87.60 Re 0.8070, 
10-27 14:24:04 -----Epoch 50/199-----
10-27 14:25:46 Epoch 50 Train, Loss: 22.87, GAME0: 21.16 MSE: 31.77, Cost 101.9 sec
10-27 14:26:09 Epoch 50 Val200, GAME0 64.87 GAME1 65.19 GAME2 65.71 GAME3 65.86 MSE 89.44 Re 0.9207, 
10-27 14:26:09 -----Epoch 51/199-----
10-27 14:27:51 Epoch 51 Train, Loss: 21.59, GAME0: 20.21 MSE: 32.30, Cost 102.0 sec
10-27 14:28:14 Epoch 51 Val200, GAME0 64.72 GAME1 65.11 GAME2 65.70 GAME3 65.92 MSE 89.33 Re 0.9292, 
10-27 14:28:14 -----Epoch 52/199-----
10-27 14:29:56 Epoch 52 Train, Loss: 23.07, GAME0: 20.19 MSE: 32.36, Cost 102.0 sec
10-27 14:30:20 Epoch 52 Val200, GAME0 65.00 GAME1 65.23 GAME2 65.63 GAME3 65.75 MSE 89.53 Re 0.9511, 
10-27 14:30:20 *** Best Val GAME0 47.545 GAME3 65.746 model epoch 52
10-27 14:31:48 Epoch 52 Test800, GAME0 73.67 GAME1 73.84 GAME2 74.23 GAME3 74.38 MSE 104.09 Re 0.9532, 
10-27 14:31:48 -----Epoch 53/199-----
10-27 14:33:30 Epoch 53 Train, Loss: 21.56, GAME0: 21.17 MSE: 31.33, Cost 101.9 sec
10-27 14:33:53 Epoch 53 Val200, GAME0 64.95 GAME1 65.22 GAME2 65.60 GAME3 65.75 MSE 89.50 Re 0.9267, 
10-27 14:33:53 -----Epoch 54/199-----
10-27 14:35:35 Epoch 54 Train, Loss: 22.65, GAME0: 20.34 MSE: 33.54, Cost 101.9 sec
10-27 14:35:58 Epoch 54 Val200, GAME0 62.37 GAME1 63.98 GAME2 65.81 GAME3 67.02 MSE 87.64 Re 0.6083, 
10-27 14:35:58 -----Epoch 55/199-----
10-27 14:37:40 Epoch 55 Train, Loss: 21.65, GAME0: 21.22 MSE: 32.41, Cost 101.9 sec
10-27 14:38:03 Epoch 55 Val200, GAME0 62.99 GAME1 64.31 GAME2 65.82 GAME3 66.76 MSE 88.08 Re 0.8281, 
10-27 14:38:03 -----Epoch 56/199-----
10-27 14:39:45 Epoch 56 Train, Loss: 22.47, GAME0: 21.32 MSE: 31.17, Cost 101.9 sec
10-27 14:40:08 Epoch 56 Val200, GAME0 64.56 GAME1 65.03 GAME2 65.64 GAME3 65.95 MSE 89.21 Re 0.8670, 
10-27 14:40:08 -----Epoch 57/199-----
10-27 14:41:50 Epoch 57 Train, Loss: 22.02, GAME0: 20.42 MSE: 30.57, Cost 101.9 sec
10-27 14:42:13 Epoch 57 Val200, GAME0 63.95 GAME1 64.78 GAME2 65.80 GAME3 66.34 MSE 88.77 Re 0.9124, 
10-27 14:42:13 -----Epoch 58/199-----
10-27 14:43:55 Epoch 58 Train, Loss: 21.19, GAME0: 20.02 MSE: 30.31, Cost 101.8 sec
10-27 14:44:18 Epoch 58 Val200, GAME0 62.19 GAME1 63.90 GAME2 66.17 GAME3 67.37 MSE 87.51 Re 0.8314, 
10-27 14:44:18 -----Epoch 59/199-----
10-27 14:46:00 Epoch 59 Train, Loss: 21.24, GAME0: 20.83 MSE: 29.91, Cost 102.0 sec
10-27 14:46:23 Epoch 59 Val200, GAME0 64.57 GAME1 65.04 GAME2 65.71 GAME3 66.00 MSE 89.22 Re 0.9425, 
10-27 14:46:23 -----Epoch 60/199-----
10-27 14:48:05 Epoch 60 Train, Loss: 22.88, GAME0: 20.04 MSE: 31.38, Cost 101.8 sec
10-27 14:48:28 Epoch 60 Val200, GAME0 64.85 GAME1 65.17 GAME2 65.61 GAME3 65.82 MSE 89.42 Re 0.9499, 
10-27 14:48:28 -----Epoch 61/199-----
10-27 14:50:10 Epoch 61 Train, Loss: 22.07, GAME0: 21.24 MSE: 32.85, Cost 101.8 sec
10-27 14:50:33 Epoch 61 Val200, GAME0 65.07 GAME1 65.26 GAME2 65.55 GAME3 65.67 MSE 89.58 Re 0.9474, 
10-27 14:50:33 *** Best Val GAME0 47.545 GAME3 65.672 model epoch 61
10-27 14:52:02 Epoch 61 Test800, GAME0 73.75 GAME1 73.88 GAME2 74.17 GAME3 74.31 MSE 104.14 Re 0.9496, 
10-27 14:52:02 -----Epoch 62/199-----
10-27 14:53:43 Epoch 62 Train, Loss: 23.18, GAME0: 21.16 MSE: 31.49, Cost 101.8 sec
10-27 14:54:07 Epoch 62 Val200, GAME0 63.49 GAME1 64.60 GAME2 65.97 GAME3 66.64 MSE 88.44 Re 0.7042, 
10-27 14:54:07 -----Epoch 63/199-----
10-27 14:55:48 Epoch 63 Train, Loss: 21.41, GAME0: 21.05 MSE: 30.77, Cost 101.8 sec
10-27 14:56:12 Epoch 63 Val200, GAME0 64.12 GAME1 64.82 GAME2 65.64 GAME3 66.14 MSE 88.89 Re 0.9324, 
10-27 14:56:12 -----Epoch 64/199-----
10-27 14:57:54 Epoch 64 Train, Loss: 21.73, GAME0: 20.16 MSE: 31.15, Cost 102.0 sec
10-27 14:58:17 Epoch 64 Val200, GAME0 64.82 GAME1 65.15 GAME2 65.57 GAME3 65.80 MSE 89.40 Re 0.9526, 
10-27 14:58:17 -----Epoch 65/199-----
10-27 14:59:59 Epoch 65 Train, Loss: 21.47, GAME0: 21.22 MSE: 32.91, Cost 101.8 sec
10-27 15:00:22 Epoch 65 Val200, GAME0 65.06 GAME1 65.26 GAME2 65.59 GAME3 65.70 MSE 89.58 Re 0.9363, 
10-27 15:00:22 -----Epoch 66/199-----
10-27 15:02:04 Epoch 66 Train, Loss: 21.96, GAME0: 20.43 MSE: 31.10, Cost 101.9 sec
10-27 15:02:27 Epoch 66 Val200, GAME0 65.03 GAME1 65.24 GAME2 65.51 GAME3 65.66 MSE 89.55 Re 0.9605, 
10-27 15:02:27 *** Best Val GAME0 47.545 GAME3 65.656 model epoch 66
10-27 15:03:56 Epoch 66 Test800, GAME0 73.71 GAME1 73.85 GAME2 74.12 GAME3 74.29 MSE 104.11 Re 0.9622, 
10-27 15:03:56 -----Epoch 67/199-----
10-27 15:05:39 Epoch 67 Train, Loss: 22.12, GAME0: 20.46 MSE: 31.59, Cost 102.4 sec
10-27 15:06:02 Epoch 67 Val200, GAME0 64.16 GAME1 64.89 GAME2 65.71 GAME3 66.19 MSE 88.92 Re 0.4827, 
10-27 15:06:02 -----Epoch 68/199-----
10-27 15:07:44 Epoch 68 Train, Loss: 22.12, GAME0: 21.75 MSE: 32.57, Cost 102.3 sec
10-27 15:08:08 Epoch 68 Val200, GAME0 64.67 GAME1 65.08 GAME2 65.54 GAME3 65.84 MSE 89.29 Re 0.9490, 
10-27 15:08:08 -----Epoch 69/199-----
10-27 15:09:50 Epoch 69 Train, Loss: 21.75, GAME0: 20.85 MSE: 32.56, Cost 102.0 sec
10-27 15:10:13 Epoch 69 Val200, GAME0 57.19 GAME1 61.57 GAME2 68.81 GAME3 71.47 MSE 84.03 Re 0.5069, 
10-27 15:10:13 -----Epoch 70/199-----
10-27 15:11:55 Epoch 70 Train, Loss: 22.66, GAME0: 21.06 MSE: 32.67, Cost 102.0 sec
10-27 15:12:18 Epoch 70 Val200, GAME0 64.94 GAME1 65.20 GAME2 65.50 GAME3 65.69 MSE 89.48 Re 0.9320, 
10-27 15:12:18 -----Epoch 71/199-----
10-27 15:14:00 Epoch 71 Train, Loss: 21.74, GAME0: 19.88 MSE: 30.92, Cost 102.0 sec
10-27 15:14:23 Epoch 71 Val200, GAME0 55.64 GAME1 62.13 GAME2 67.23 GAME3 70.90 MSE 82.99 Re 0.6278, 
10-27 15:14:23 -----Epoch 72/199-----
10-27 15:16:05 Epoch 72 Train, Loss: 21.80, GAME0: 21.38 MSE: 31.18, Cost 101.9 sec
10-27 15:16:28 Epoch 72 Val200, GAME0 65.23 GAME1 65.33 GAME2 65.50 GAME3 65.57 MSE 89.69 Re 0.9657, 
10-27 15:16:28 *** Best Val GAME0 47.545 GAME3 65.569 model epoch 72
10-27 15:17:57 Epoch 72 Test800, GAME0 73.90 GAME1 73.98 GAME2 74.14 GAME3 74.22 MSE 104.25 Re 0.9672, 
10-27 15:17:57 -----Epoch 73/199-----
10-27 15:19:38 Epoch 73 Train, Loss: 21.48, GAME0: 21.20 MSE: 31.76, Cost 101.9 sec
10-27 15:20:02 Epoch 73 Val200, GAME0 65.15 GAME1 65.30 GAME2 65.51 GAME3 65.60 MSE 89.64 Re 0.9178, 
10-27 15:20:02 -----Epoch 74/199-----
10-27 15:21:44 Epoch 74 Train, Loss: 22.27, GAME0: 20.42 MSE: 30.81, Cost 101.9 sec
10-27 15:22:07 Epoch 74 Val200, GAME0 65.08 GAME1 65.26 GAME2 65.49 GAME3 65.63 MSE 89.58 Re 0.9724, 
10-27 15:22:07 -----Epoch 75/199-----
10-27 15:23:49 Epoch 75 Train, Loss: 21.37, GAME0: 20.11 MSE: 30.43, Cost 102.0 sec
10-27 15:24:12 Epoch 75 Val200, GAME0 65.10 GAME1 65.27 GAME2 65.54 GAME3 65.65 MSE 89.60 Re 0.9624, 
10-27 15:24:12 -----Epoch 76/199-----
10-27 15:25:54 Epoch 76 Train, Loss: 21.54, GAME0: 20.07 MSE: 30.65, Cost 101.8 sec
10-27 15:26:17 Epoch 76 Val200, GAME0 65.02 GAME1 65.24 GAME2 65.52 GAME3 65.67 MSE 89.54 Re 0.9357, 
10-27 15:26:17 -----Epoch 77/199-----
10-27 15:27:59 Epoch 77 Train, Loss: 21.30, GAME0: 20.86 MSE: 31.75, Cost 101.9 sec
10-27 15:28:22 Epoch 77 Val200, GAME0 65.17 GAME1 65.31 GAME2 65.52 GAME3 65.61 MSE 89.65 Re 0.9706, 
10-27 15:28:22 -----Epoch 78/199-----
10-27 15:30:04 Epoch 78 Train, Loss: 21.45, GAME0: 20.89 MSE: 29.99, Cost 101.9 sec
10-27 15:30:27 Epoch 78 Val200, GAME0 64.60 GAME1 65.04 GAME2 65.53 GAME3 65.87 MSE 89.24 Re 0.9393, 
10-27 15:30:27 -----Epoch 79/199-----
10-27 15:32:09 Epoch 79 Train, Loss: 22.04, GAME0: 20.20 MSE: 31.81, Cost 102.0 sec
10-27 15:32:32 Epoch 79 Val200, GAME0 65.06 GAME1 65.27 GAME2 65.53 GAME3 65.66 MSE 89.57 Re 0.9606, 
10-27 15:32:32 -----Epoch 80/199-----
10-27 15:34:14 Epoch 80 Train, Loss: 21.91, GAME0: 21.72 MSE: 32.68, Cost 102.0 sec
10-27 15:34:37 Epoch 80 Val200, GAME0 65.20 GAME1 65.33 GAME2 65.51 GAME3 65.58 MSE 89.68 Re 0.9590, 
10-27 15:34:37 -----Epoch 81/199-----
10-27 15:36:19 Epoch 81 Train, Loss: 22.02, GAME0: 20.95 MSE: 30.80, Cost 101.8 sec
10-27 15:36:42 Epoch 81 Val200, GAME0 65.12 GAME1 65.29 GAME2 65.49 GAME3 65.61 MSE 89.62 Re 0.9513, 
10-27 15:36:42 -----Epoch 82/199-----
10-27 15:38:24 Epoch 82 Train, Loss: 22.02, GAME0: 20.97 MSE: 33.20, Cost 102.4 sec
10-27 15:38:48 Epoch 82 Val200, GAME0 63.78 GAME1 64.69 GAME2 65.78 GAME3 66.38 MSE 88.65 Re 0.9258, 
10-27 15:38:48 -----Epoch 83/199-----
10-27 15:40:30 Epoch 83 Train, Loss: 22.14, GAME0: 20.60 MSE: 32.54, Cost 101.9 sec
10-27 15:40:54 Epoch 83 Val200, GAME0 60.11 GAME1 62.84 GAME2 66.53 GAME3 68.53 MSE 86.05 Re 0.5732, 
10-27 15:40:54 -----Epoch 84/199-----
10-27 15:42:35 Epoch 84 Train, Loss: 21.80, GAME0: 21.29 MSE: 32.66, Cost 101.9 sec
10-27 15:42:59 Epoch 84 Val200, GAME0 64.60 GAME1 65.02 GAME2 65.69 GAME3 65.97 MSE 89.24 Re 0.9154, 
10-27 15:42:59 -----Epoch 85/199-----
10-27 15:44:41 Epoch 85 Train, Loss: 21.01, GAME0: 19.40 MSE: 31.40, Cost 102.0 sec
10-27 15:45:04 Epoch 85 Val200, GAME0 65.24 GAME1 65.35 GAME2 65.50 GAME3 65.56 MSE 89.71 Re 0.9700, 
10-27 15:45:04 *** Best Val GAME0 47.545 GAME3 65.561 model epoch 85
10-27 15:46:32 Epoch 85 Test800, GAME0 73.92 GAME1 73.99 GAME2 74.15 GAME3 74.22 MSE 104.26 Re 0.9714, 
10-27 15:46:32 -----Epoch 86/199-----
10-27 15:48:14 Epoch 86 Train, Loss: 21.36, GAME0: 20.10 MSE: 31.25, Cost 101.9 sec
10-27 15:48:37 Epoch 86 Val200, GAME0 64.43 GAME1 64.99 GAME2 65.61 GAME3 65.99 MSE 89.12 Re 0.8777, 
10-27 15:48:37 -----Epoch 87/199-----
10-27 15:50:19 Epoch 87 Train, Loss: 21.63, GAME0: 20.90 MSE: 33.14, Cost 101.9 sec
10-27 15:50:43 Epoch 87 Val200, GAME0 59.26 GAME1 62.62 GAME2 66.45 GAME3 68.86 MSE 85.45 Re 0.6110, 
10-27 15:50:43 -----Epoch 88/199-----
10-27 15:52:24 Epoch 88 Train, Loss: 20.98, GAME0: 20.14 MSE: 31.43, Cost 101.7 sec
10-27 15:52:47 Epoch 88 Val200, GAME0 65.06 GAME1 65.26 GAME2 65.51 GAME3 65.65 MSE 89.57 Re 0.9715, 
10-27 15:52:47 -----Epoch 89/199-----
10-27 15:54:29 Epoch 89 Train, Loss: 22.01, GAME0: 20.24 MSE: 30.93, Cost 102.0 sec
10-27 15:54:53 Epoch 89 Val200, GAME0 64.93 GAME1 65.19 GAME2 65.63 GAME3 65.79 MSE 89.48 Re 0.8860, 
10-27 15:54:53 -----Epoch 90/199-----
10-27 15:56:35 Epoch 90 Train, Loss: 21.41, GAME0: 21.00 MSE: 32.33, Cost 102.0 sec
10-27 15:56:58 Epoch 90 Val200, GAME0 60.44 GAME1 62.98 GAME2 66.48 GAME3 68.34 MSE 86.28 Re 0.7158, 
10-27 15:56:58 -----Epoch 91/199-----
10-27 15:58:40 Epoch 91 Train, Loss: 22.58, GAME0: 20.64 MSE: 32.40, Cost 102.0 sec
10-27 15:59:03 Epoch 91 Val200, GAME0 65.21 GAME1 65.33 GAME2 65.53 GAME3 65.59 MSE 89.68 Re 0.9713, 
10-27 15:59:03 -----Epoch 92/199-----
10-27 16:00:45 Epoch 92 Train, Loss: 21.44, GAME0: 21.01 MSE: 31.37, Cost 101.9 sec
10-27 16:01:08 Epoch 92 Val200, GAME0 61.86 GAME1 63.77 GAME2 66.30 GAME3 67.57 MSE 87.28 Re 0.4665, 
10-27 16:01:08 -----Epoch 93/199-----
10-27 16:02:50 Epoch 93 Train, Loss: 21.84, GAME0: 20.32 MSE: 30.27, Cost 101.9 sec
10-27 16:03:13 Epoch 93 Val200, GAME0 61.43 GAME1 63.52 GAME2 66.51 GAME3 67.92 MSE 86.97 Re 0.7683, 
10-27 16:03:13 -----Epoch 94/199-----
10-27 16:04:55 Epoch 94 Train, Loss: 22.35, GAME0: 21.41 MSE: 32.22, Cost 102.0 sec
10-27 16:05:18 Epoch 94 Val200, GAME0 65.21 GAME1 65.32 GAME2 65.47 GAME3 65.56 MSE 89.68 Re 0.9808, 
10-27 16:05:18 *** Best Val GAME0 47.545 GAME3 65.560 model epoch 94
10-27 16:06:47 Epoch 94 Test800, GAME0 73.88 GAME1 73.96 GAME2 74.11 GAME3 74.21 MSE 104.24 Re 0.9817, 
10-27 16:06:47 -----Epoch 95/199-----
10-27 16:08:29 Epoch 95 Train, Loss: 21.65, GAME0: 20.10 MSE: 30.99, Cost 101.9 sec
10-27 16:08:52 Epoch 95 Val200, GAME0 64.30 GAME1 64.90 GAME2 65.58 GAME3 66.02 MSE 89.02 Re 0.8708, 
10-27 16:08:52 -----Epoch 96/199-----
10-27 16:10:34 Epoch 96 Train, Loss: 21.49, GAME0: 21.22 MSE: 31.17, Cost 101.8 sec
10-27 16:10:57 Epoch 96 Val200, GAME0 65.15 GAME1 65.30 GAME2 65.48 GAME3 65.59 MSE 89.64 Re 0.9715, 
10-27 16:10:57 -----Epoch 97/199-----
10-27 16:12:39 Epoch 97 Train, Loss: 22.55, GAME0: 20.43 MSE: 29.81, Cost 102.1 sec
10-27 16:13:02 Epoch 97 Val200, GAME0 65.10 GAME1 65.28 GAME2 65.49 GAME3 65.61 MSE 89.60 Re 0.9343, 
10-27 16:13:02 -----Epoch 98/199-----
10-27 16:14:44 Epoch 98 Train, Loss: 21.91, GAME0: 21.64 MSE: 31.22, Cost 101.9 sec
10-27 16:15:07 Epoch 98 Val200, GAME0 64.24 GAME1 64.91 GAME2 65.61 GAME3 66.08 MSE 88.98 Re 0.9364, 
10-27 16:15:07 -----Epoch 99/199-----
10-27 16:16:49 Epoch 99 Train, Loss: 21.84, GAME0: 20.44 MSE: 32.10, Cost 101.9 sec
10-27 16:17:12 Epoch 99 Val200, GAME0 64.09 GAME1 64.82 GAME2 65.62 GAME3 66.14 MSE 88.87 Re 0.9132, 
10-27 16:17:12 -----Epoch 100/199-----
10-27 16:18:54 Epoch 100 Train, Loss: 20.92, GAME0: 20.05 MSE: 29.25, Cost 101.9 sec
10-27 16:19:17 Epoch 100 Val200, GAME0 64.72 GAME1 65.11 GAME2 65.55 GAME3 65.82 MSE 89.33 Re 0.8100, 
10-27 16:19:17 -----Epoch 101/199-----
10-27 16:20:59 Epoch 101 Train, Loss: 21.54, GAME0: 19.90 MSE: 29.99, Cost 101.9 sec
10-27 16:21:22 Epoch 101 Val200, GAME0 64.57 GAME1 65.02 GAME2 65.54 GAME3 65.89 MSE 89.22 Re 0.8734, 
10-27 16:21:22 -----Epoch 102/199-----
10-27 16:23:04 Epoch 102 Train, Loss: 20.84, GAME0: 20.29 MSE: 30.95, Cost 101.9 sec
10-27 16:23:27 Epoch 102 Val200, GAME0 63.40 GAME1 64.45 GAME2 65.75 GAME3 66.54 MSE 88.38 Re 0.6108, 
10-27 16:23:27 -----Epoch 103/199-----
10-27 16:25:09 Epoch 103 Train, Loss: 21.63, GAME0: 20.79 MSE: 31.11, Cost 101.9 sec
10-27 16:25:33 Epoch 103 Val200, GAME0 62.37 GAME1 63.99 GAME2 66.17 GAME3 67.31 MSE 87.64 Re 0.6911, 
10-27 16:25:33 -----Epoch 104/199-----
10-27 16:27:14 Epoch 104 Train, Loss: 22.87, GAME0: 21.73 MSE: 33.14, Cost 101.9 sec
10-27 16:27:38 Epoch 104 Val200, GAME0 63.59 GAME1 64.52 GAME2 66.02 GAME3 66.63 MSE 88.51 Re 0.7572, 
10-27 16:27:38 -----Epoch 105/199-----
10-27 16:29:19 Epoch 105 Train, Loss: 21.96, GAME0: 20.74 MSE: 31.65, Cost 101.9 sec
10-27 16:29:43 Epoch 105 Val200, GAME0 64.64 GAME1 65.06 GAME2 65.54 GAME3 65.85 MSE 89.27 Re 0.9516, 
10-27 16:29:43 -----Epoch 106/199-----
10-27 16:31:25 Epoch 106 Train, Loss: 21.29, GAME0: 20.89 MSE: 32.24, Cost 102.1 sec
10-27 16:31:48 Epoch 106 Val200, GAME0 64.71 GAME1 65.07 GAME2 65.77 GAME3 65.97 MSE 89.32 Re 0.6496, 
10-27 16:31:48 -----Epoch 107/199-----
10-27 16:33:30 Epoch 107 Train, Loss: 22.92, GAME0: 21.85 MSE: 33.35, Cost 102.0 sec
10-27 16:33:53 Epoch 107 Val200, GAME0 64.94 GAME1 65.20 GAME2 65.51 GAME3 65.71 MSE 89.48 Re 0.9739, 
10-27 16:33:53 -----Epoch 108/199-----
10-27 16:35:35 Epoch 108 Train, Loss: 21.95, GAME0: 20.03 MSE: 30.81, Cost 102.1 sec
10-27 16:35:58 Epoch 108 Val200, GAME0 64.13 GAME1 64.81 GAME2 65.89 GAME3 66.33 MSE 88.90 Re 0.8431, 
10-27 16:35:58 -----Epoch 109/199-----
10-27 16:37:40 Epoch 109 Train, Loss: 21.88, GAME0: 21.10 MSE: 31.85, Cost 101.9 sec
10-27 16:38:03 Epoch 109 Val200, GAME0 64.84 GAME1 65.13 GAME2 65.63 GAME3 65.83 MSE 89.41 Re 0.8172, 
10-27 16:38:03 -----Epoch 110/199-----
10-27 16:39:45 Epoch 110 Train, Loss: 21.97, GAME0: 21.11 MSE: 31.85, Cost 102.0 sec
10-27 16:40:09 Epoch 110 Val200, GAME0 65.20 GAME1 65.32 GAME2 65.49 GAME3 65.57 MSE 89.67 Re 0.9799, 
10-27 16:40:09 -----Epoch 111/199-----
10-27 16:41:51 Epoch 111 Train, Loss: 22.28, GAME0: 20.95 MSE: 31.79, Cost 101.9 sec
10-27 16:42:14 Epoch 111 Val200, GAME0 64.36 GAME1 64.93 GAME2 65.64 GAME3 66.03 MSE 89.07 Re 0.9315, 
10-27 16:42:14 -----Epoch 112/199-----
10-27 16:43:56 Epoch 112 Train, Loss: 22.48, GAME0: 20.85 MSE: 31.91, Cost 102.0 sec
10-27 16:44:19 Epoch 112 Val200, GAME0 61.42 GAME1 63.66 GAME2 66.10 GAME3 67.63 MSE 86.96 Re 0.7653, 
10-27 16:44:19 -----Epoch 113/199-----
10-27 16:46:01 Epoch 113 Train, Loss: 20.83, GAME0: 20.71 MSE: 29.80, Cost 102.1 sec
10-27 16:46:24 Epoch 113 Val200, GAME0 65.09 GAME1 65.27 GAME2 65.55 GAME3 65.66 MSE 89.60 Re 0.9685, 
10-27 16:46:24 -----Epoch 114/199-----
10-27 16:48:06 Epoch 114 Train, Loss: 21.93, GAME0: 21.05 MSE: 32.11, Cost 102.0 sec
10-27 16:48:30 Epoch 114 Val200, GAME0 64.80 GAME1 65.14 GAME2 65.53 GAME3 65.78 MSE 89.39 Re 0.9436, 
10-27 16:48:30 -----Epoch 115/199-----
10-27 16:50:12 Epoch 115 Train, Loss: 22.55, GAME0: 21.72 MSE: 31.94, Cost 102.1 sec
10-27 16:50:35 Epoch 115 Val200, GAME0 64.98 GAME1 65.22 GAME2 65.54 GAME3 65.70 MSE 89.51 Re 0.9419, 
10-27 16:50:35 -----Epoch 116/199-----
10-27 16:52:17 Epoch 116 Train, Loss: 22.43, GAME0: 21.64 MSE: 33.57, Cost 102.0 sec
10-27 16:52:40 Epoch 116 Val200, GAME0 65.26 GAME1 65.35 GAME2 65.49 GAME3 65.54 MSE 89.72 Re 0.9687, 
10-27 16:52:40 *** Best Val GAME0 47.545 GAME3 65.542 model epoch 116
10-27 16:54:08 Epoch 116 Test800, GAME0 73.93 GAME1 74.00 GAME2 74.13 GAME3 74.20 MSE 104.27 Re 0.9701, 
10-27 16:54:08 -----Epoch 117/199-----
10-27 16:55:50 Epoch 117 Train, Loss: 22.29, GAME0: 21.34 MSE: 33.18, Cost 102.0 sec
10-27 16:56:14 Epoch 117 Val200, GAME0 65.16 GAME1 65.31 GAME2 65.50 GAME3 65.60 MSE 89.64 Re 0.9737, 
10-27 16:56:14 -----Epoch 118/199-----
10-27 16:57:56 Epoch 118 Train, Loss: 22.15, GAME0: 21.24 MSE: 31.19, Cost 101.9 sec
10-27 16:58:19 Epoch 118 Val200, GAME0 64.72 GAME1 65.11 GAME2 65.64 GAME3 65.88 MSE 89.32 Re 0.8148, 
10-27 16:58:19 -----Epoch 119/199-----
10-27 17:00:01 Epoch 119 Train, Loss: 21.78, GAME0: 20.76 MSE: 31.96, Cost 101.9 sec
10-27 17:00:24 Epoch 119 Val200, GAME0 64.50 GAME1 64.99 GAME2 65.57 GAME3 65.93 MSE 89.17 Re 0.8585, 
10-27 17:00:24 -----Epoch 120/199-----
10-27 17:02:07 Epoch 120 Train, Loss: 22.86, GAME0: 21.59 MSE: 32.90, Cost 102.6 sec
10-27 17:02:30 Epoch 120 Val200, GAME0 65.18 GAME1 65.32 GAME2 65.51 GAME3 65.59 MSE 89.66 Re 0.9741, 
10-27 17:02:30 -----Epoch 121/199-----
10-27 17:04:13 Epoch 121 Train, Loss: 22.26, GAME0: 20.73 MSE: 30.96, Cost 102.5 sec
10-27 17:04:36 Epoch 121 Val200, GAME0 64.16 GAME1 64.82 GAME2 65.62 GAME3 66.11 MSE 88.92 Re 0.8961, 
10-27 17:04:36 -----Epoch 122/199-----
10-27 17:06:18 Epoch 122 Train, Loss: 21.75, GAME0: 21.58 MSE: 32.55, Cost 102.3 sec
10-27 17:06:41 Epoch 122 Val200, GAME0 64.98 GAME1 65.23 GAME2 65.55 GAME3 65.71 MSE 89.51 Re 0.9697, 
10-27 17:06:41 -----Epoch 123/199-----
10-27 17:08:23 Epoch 123 Train, Loss: 20.87, GAME0: 19.45 MSE: 29.76, Cost 102.0 sec
10-27 17:08:47 Epoch 123 Val200, GAME0 61.45 GAME1 63.60 GAME2 65.96 GAME3 67.51 MSE 86.99 Re 0.6346, 
10-27 17:08:47 -----Epoch 124/199-----
10-27 17:10:28 Epoch 124 Train, Loss: 21.96, GAME0: 21.66 MSE: 31.53, Cost 101.9 sec
10-27 17:10:52 Epoch 124 Val200, GAME0 65.11 GAME1 65.28 GAME2 65.49 GAME3 65.61 MSE 89.61 Re 0.9704, 
10-27 17:10:52 -----Epoch 125/199-----
10-27 17:12:34 Epoch 125 Train, Loss: 21.76, GAME0: 20.68 MSE: 30.48, Cost 102.0 sec
10-27 17:12:57 Epoch 125 Val200, GAME0 60.77 GAME1 63.45 GAME2 66.63 GAME3 68.29 MSE 86.50 Re 0.4705, 
10-27 17:12:57 -----Epoch 126/199-----
10-27 17:14:39 Epoch 126 Train, Loss: 22.36, GAME0: 21.41 MSE: 32.28, Cost 102.0 sec
10-27 17:15:02 Epoch 126 Val200, GAME0 64.88 GAME1 65.17 GAME2 65.53 GAME3 65.74 MSE 89.44 Re 0.9756, 
10-27 17:15:02 -----Epoch 127/199-----
10-27 17:16:43 Epoch 127 Train, Loss: 21.78, GAME0: 20.59 MSE: 31.08, Cost 101.9 sec
10-27 17:17:07 Epoch 127 Val200, GAME0 65.05 GAME1 65.23 GAME2 65.49 GAME3 65.64 MSE 89.56 Re 0.9696, 
10-27 17:17:07 -----Epoch 128/199-----
10-27 17:18:48 Epoch 128 Train, Loss: 22.20, GAME0: 21.62 MSE: 33.11, Cost 101.9 sec
10-27 17:19:12 Epoch 128 Val200, GAME0 65.21 GAME1 65.33 GAME2 65.49 GAME3 65.57 MSE 89.68 Re 0.9626, 
10-27 17:19:12 -----Epoch 129/199-----
10-27 17:20:54 Epoch 129 Train, Loss: 21.57, GAME0: 20.74 MSE: 31.44, Cost 101.8 sec
10-27 17:21:17 Epoch 129 Val200, GAME0 60.15 GAME1 63.15 GAME2 66.63 GAME3 68.61 MSE 86.08 Re 0.6215, 
10-27 17:21:17 -----Epoch 130/199-----
10-27 17:22:58 Epoch 130 Train, Loss: 22.08, GAME0: 20.72 MSE: 32.32, Cost 101.9 sec
10-27 17:23:22 Epoch 130 Val200, GAME0 65.09 GAME1 65.28 GAME2 65.51 GAME3 65.64 MSE 89.59 Re 0.9745, 
10-27 17:23:22 -----Epoch 131/199-----
10-27 17:25:04 Epoch 131 Train, Loss: 21.10, GAME0: 20.95 MSE: 31.05, Cost 102.1 sec
10-27 17:25:27 Epoch 131 Val200, GAME0 64.90 GAME1 65.19 GAME2 65.57 GAME3 65.76 MSE 89.46 Re 0.9600, 
10-27 17:25:27 -----Epoch 132/199-----
10-27 17:27:09 Epoch 132 Train, Loss: 22.58, GAME0: 21.58 MSE: 32.18, Cost 101.9 sec
10-27 17:27:32 Epoch 132 Val200, GAME0 61.63 GAME1 63.67 GAME2 66.15 GAME3 67.58 MSE 87.12 Re 0.6416, 
10-27 17:27:32 -----Epoch 133/199-----
10-27 17:29:14 Epoch 133 Train, Loss: 22.20, GAME0: 21.03 MSE: 31.18, Cost 101.9 sec
10-27 17:29:37 Epoch 133 Val200, GAME0 65.29 GAME1 65.37 GAME2 65.46 GAME3 65.51 MSE 89.74 Re 0.9688, 
10-27 17:29:37 *** Best Val GAME0 47.545 GAME3 65.510 model epoch 133
10-27 17:31:06 Epoch 133 Test800, GAME0 73.97 GAME1 74.02 GAME2 74.11 GAME3 74.17 MSE 104.30 Re 0.9701, 
10-27 17:31:06 -----Epoch 134/199-----
10-27 17:32:48 Epoch 134 Train, Loss: 22.42, GAME0: 21.35 MSE: 33.13, Cost 102.0 sec
10-27 17:33:11 Epoch 134 Val200, GAME0 65.02 GAME1 65.24 GAME2 65.53 GAME3 65.68 MSE 89.54 Re 0.9436, 
10-27 17:33:11 -----Epoch 135/199-----
10-27 17:34:53 Epoch 135 Train, Loss: 22.11, GAME0: 21.95 MSE: 32.39, Cost 102.1 sec
10-27 17:35:16 Epoch 135 Val200, GAME0 65.21 GAME1 65.33 GAME2 65.50 GAME3 65.57 MSE 89.68 Re 0.9843, 
10-27 17:35:16 -----Epoch 136/199-----
10-27 17:36:59 Epoch 136 Train, Loss: 21.37, GAME0: 20.37 MSE: 31.72, Cost 102.0 sec
10-27 17:37:22 Epoch 136 Val200, GAME0 65.05 GAME1 65.26 GAME2 65.50 GAME3 65.64 MSE 89.56 Re 0.9585, 
10-27 17:37:22 -----Epoch 137/199-----
10-27 17:39:04 Epoch 137 Train, Loss: 22.46, GAME0: 21.19 MSE: 32.72, Cost 102.0 sec
10-27 17:39:27 Epoch 137 Val200, GAME0 65.18 GAME1 65.31 GAME2 65.51 GAME3 65.59 MSE 89.66 Re 0.9268, 
10-27 17:39:27 -----Epoch 138/199-----
10-27 17:41:09 Epoch 138 Train, Loss: 22.18, GAME0: 20.99 MSE: 32.77, Cost 102.0 sec
10-27 17:41:32 Epoch 138 Val200, GAME0 61.19 GAME1 63.48 GAME2 65.87 GAME3 67.56 MSE 86.81 Re 0.4776, 
10-27 17:41:32 -----Epoch 139/199-----
10-27 17:43:14 Epoch 139 Train, Loss: 21.62, GAME0: 20.50 MSE: 31.65, Cost 101.9 sec
10-27 17:43:37 Epoch 139 Val200, GAME0 65.08 GAME1 65.26 GAME2 65.50 GAME3 65.64 MSE 89.59 Re 0.9788, 
10-27 17:43:37 -----Epoch 140/199-----
10-27 17:45:19 Epoch 140 Train, Loss: 21.32, GAME0: 20.63 MSE: 32.08, Cost 101.9 sec
10-27 17:45:42 Epoch 140 Val200, GAME0 65.06 GAME1 65.26 GAME2 65.47 GAME3 65.62 MSE 89.57 Re 0.9692, 
10-27 17:45:42 -----Epoch 141/199-----
10-27 17:47:24 Epoch 141 Train, Loss: 21.25, GAME0: 20.99 MSE: 31.72, Cost 101.9 sec
10-27 17:47:47 Epoch 141 Val200, GAME0 63.54 GAME1 64.57 GAME2 65.65 GAME3 66.41 MSE 88.48 Re 0.7323, 
10-27 17:47:47 -----Epoch 142/199-----
10-27 17:49:29 Epoch 142 Train, Loss: 20.84, GAME0: 19.28 MSE: 27.88, Cost 101.9 sec
10-27 17:49:52 Epoch 142 Val200, GAME0 64.10 GAME1 64.74 GAME2 65.82 GAME3 66.28 MSE 88.88 Re 0.5290, 
10-27 17:49:52 -----Epoch 143/199-----
10-27 17:51:34 Epoch 143 Train, Loss: 21.63, GAME0: 20.35 MSE: 30.96, Cost 101.9 sec
10-27 17:51:57 Epoch 143 Val200, GAME0 63.74 GAME1 64.67 GAME2 65.73 GAME3 66.38 MSE 88.62 Re 0.8900, 
10-27 17:51:57 -----Epoch 144/199-----
10-27 17:53:39 Epoch 144 Train, Loss: 22.32, GAME0: 20.70 MSE: 30.94, Cost 101.9 sec
10-27 17:54:03 Epoch 144 Val200, GAME0 64.43 GAME1 64.96 GAME2 65.49 GAME3 65.92 MSE 89.11 Re 0.9296, 
10-27 17:54:03 -----Epoch 145/199-----
10-27 17:55:45 Epoch 145 Train, Loss: 21.44, GAME0: 21.33 MSE: 32.43, Cost 101.9 sec
10-27 17:56:08 Epoch 145 Val200, GAME0 65.30 GAME1 65.37 GAME2 65.48 GAME3 65.52 MSE 89.75 Re 0.9902, 
10-27 17:56:08 -----Epoch 146/199-----
10-27 17:57:50 Epoch 146 Train, Loss: 21.71, GAME0: 20.29 MSE: 30.42, Cost 101.9 sec
10-27 17:58:13 Epoch 146 Val200, GAME0 60.63 GAME1 63.24 GAME2 66.50 GAME3 68.25 MSE 86.41 Re 0.8220, 
10-27 17:58:13 -----Epoch 147/199-----
10-27 17:59:55 Epoch 147 Train, Loss: 21.45, GAME0: 21.07 MSE: 29.94, Cost 102.0 sec
10-27 18:00:18 Epoch 147 Val200, GAME0 64.48 GAME1 64.96 GAME2 65.64 GAME3 65.98 MSE 89.15 Re 0.9273, 
10-27 18:00:18 -----Epoch 148/199-----
10-27 18:02:00 Epoch 148 Train, Loss: 22.14, GAME0: 20.74 MSE: 33.05, Cost 101.9 sec
10-27 18:02:23 Epoch 148 Val200, GAME0 65.26 GAME1 65.35 GAME2 65.49 GAME3 65.55 MSE 89.72 Re 0.9700, 
10-27 18:02:23 -----Epoch 149/199-----
10-27 18:04:05 Epoch 149 Train, Loss: 20.64, GAME0: 19.81 MSE: 29.18, Cost 101.9 sec
10-27 18:04:28 Epoch 149 Val200, GAME0 64.52 GAME1 65.03 GAME2 65.67 GAME3 66.00 MSE 89.18 Re 0.9042, 
10-27 18:04:28 -----Epoch 150/199-----
10-27 18:06:10 Epoch 150 Train, Loss: 21.40, GAME0: 20.55 MSE: 30.71, Cost 102.1 sec
10-27 18:06:33 Epoch 150 Val200, GAME0 62.10 GAME1 63.81 GAME2 66.24 GAME3 67.45 MSE 87.45 Re 0.6264, 
10-27 18:06:33 -----Epoch 151/199-----
10-27 18:08:15 Epoch 151 Train, Loss: 20.99, GAME0: 20.41 MSE: 30.15, Cost 101.9 sec
10-27 18:08:39 Epoch 151 Val200, GAME0 64.71 GAME1 65.09 GAME2 65.56 GAME3 65.84 MSE 89.32 Re 0.9216, 
10-27 18:08:39 -----Epoch 152/199-----
10-27 18:10:20 Epoch 152 Train, Loss: 22.05, GAME0: 21.89 MSE: 32.80, Cost 101.9 sec
10-27 18:10:44 Epoch 152 Val200, GAME0 63.47 GAME1 64.45 GAME2 65.73 GAME3 66.49 MSE 88.42 Re 0.8826, 
10-27 18:10:44 -----Epoch 153/199-----
10-27 18:12:25 Epoch 153 Train, Loss: 21.25, GAME0: 19.88 MSE: 29.55, Cost 101.9 sec
10-27 18:12:49 Epoch 153 Val200, GAME0 65.27 GAME1 65.36 GAME2 65.46 GAME3 65.52 MSE 89.73 Re 0.9844, 
10-27 18:12:49 -----Epoch 154/199-----
10-27 18:14:30 Epoch 154 Train, Loss: 21.88, GAME0: 20.80 MSE: 32.06, Cost 101.9 sec
10-27 18:14:54 Epoch 154 Val200, GAME0 65.31 GAME1 65.38 GAME2 65.46 GAME3 65.50 MSE 89.75 Re 0.9817, 
10-27 18:14:54 *** Best Val GAME0 47.545 GAME3 65.503 model epoch 154
10-27 18:16:22 Epoch 154 Test800, GAME0 73.99 GAME1 74.03 GAME2 74.11 GAME3 74.17 MSE 104.31 Re 0.9825, 
10-27 18:16:22 -----Epoch 155/199-----
10-27 18:18:04 Epoch 155 Train, Loss: 22.34, GAME0: 21.31 MSE: 32.25, Cost 101.9 sec
10-27 18:18:27 Epoch 155 Val200, GAME0 64.82 GAME1 65.14 GAME2 65.55 GAME3 65.78 MSE 89.40 Re 0.9472, 
10-27 18:18:27 -----Epoch 156/199-----
10-27 18:20:09 Epoch 156 Train, Loss: 22.56, GAME0: 21.27 MSE: 32.83, Cost 101.9 sec
10-27 18:20:33 Epoch 156 Val200, GAME0 64.24 GAME1 64.89 GAME2 65.66 GAME3 66.11 MSE 88.98 Re 0.9098, 
10-27 18:20:33 -----Epoch 157/199-----
10-27 18:22:14 Epoch 157 Train, Loss: 20.86, GAME0: 20.72 MSE: 31.03, Cost 101.9 sec
10-27 18:22:38 Epoch 157 Val200, GAME0 65.29 GAME1 65.36 GAME2 65.48 GAME3 65.53 MSE 89.74 Re 0.9873, 
10-27 18:22:38 -----Epoch 158/199-----
10-27 18:24:20 Epoch 158 Train, Loss: 21.88, GAME0: 20.35 MSE: 31.82, Cost 102.0 sec
10-27 18:24:43 Epoch 158 Val200, GAME0 65.20 GAME1 65.32 GAME2 65.49 GAME3 65.57 MSE 89.67 Re 0.9787, 
10-27 18:24:43 -----Epoch 159/199-----
10-27 18:26:25 Epoch 159 Train, Loss: 21.01, GAME0: 20.76 MSE: 31.49, Cost 102.0 sec
10-27 18:26:48 Epoch 159 Val200, GAME0 64.68 GAME1 65.06 GAME2 65.59 GAME3 65.86 MSE 89.30 Re 0.9401, 
10-27 18:26:48 -----Epoch 160/199-----
10-27 18:28:30 Epoch 160 Train, Loss: 21.40, GAME0: 20.60 MSE: 31.48, Cost 101.9 sec
10-27 18:28:53 Epoch 160 Val200, GAME0 64.74 GAME1 65.10 GAME2 65.53 GAME3 65.80 MSE 89.34 Re 0.9038, 
10-27 18:28:53 -----Epoch 161/199-----
10-27 18:30:35 Epoch 161 Train, Loss: 21.60, GAME0: 20.48 MSE: 30.79, Cost 101.9 sec
10-27 18:30:58 Epoch 161 Val200, GAME0 65.07 GAME1 65.26 GAME2 65.50 GAME3 65.64 MSE 89.58 Re 0.9788, 
10-27 18:30:58 -----Epoch 162/199-----
10-27 18:32:40 Epoch 162 Train, Loss: 21.35, GAME0: 20.76 MSE: 31.26, Cost 102.0 sec
10-27 18:33:03 Epoch 162 Val200, GAME0 64.75 GAME1 65.12 GAME2 65.48 GAME3 65.76 MSE 89.35 Re 0.9295, 
10-27 18:33:03 -----Epoch 163/199-----
10-27 18:34:45 Epoch 163 Train, Loss: 20.95, GAME0: 20.29 MSE: 30.43, Cost 102.0 sec
10-27 18:35:09 Epoch 163 Val200, GAME0 64.61 GAME1 65.05 GAME2 65.48 GAME3 65.82 MSE 89.25 Re 0.8914, 
10-27 18:35:09 -----Epoch 164/199-----
10-27 18:36:51 Epoch 164 Train, Loss: 21.82, GAME0: 21.06 MSE: 31.32, Cost 101.9 sec
10-27 18:37:14 Epoch 164 Val200, GAME0 64.85 GAME1 65.17 GAME2 65.61 GAME3 65.80 MSE 89.42 Re 0.8205, 
10-27 18:37:14 -----Epoch 165/199-----
10-27 18:38:56 Epoch 165 Train, Loss: 21.12, GAME0: 20.87 MSE: 30.83, Cost 102.3 sec
10-27 18:39:20 Epoch 165 Val200, GAME0 64.85 GAME1 65.18 GAME2 65.59 GAME3 65.79 MSE 89.42 Re 0.8774, 
10-27 18:39:20 -----Epoch 166/199-----
10-27 18:41:01 Epoch 166 Train, Loss: 21.59, GAME0: 21.15 MSE: 32.82, Cost 101.9 sec
10-27 18:41:25 Epoch 166 Val200, GAME0 64.86 GAME1 65.15 GAME2 65.57 GAME3 65.78 MSE 89.43 Re 0.9609, 
10-27 18:41:25 -----Epoch 167/199-----
10-27 18:43:07 Epoch 167 Train, Loss: 21.32, GAME0: 20.18 MSE: 29.46, Cost 101.9 sec
10-27 18:43:30 Epoch 167 Val200, GAME0 65.26 GAME1 65.35 GAME2 65.48 GAME3 65.54 MSE 89.72 Re 0.9868, 
10-27 18:43:30 -----Epoch 168/199-----
10-27 18:45:12 Epoch 168 Train, Loss: 21.63, GAME0: 20.65 MSE: 31.36, Cost 102.0 sec
10-27 18:45:35 Epoch 168 Val200, GAME0 64.91 GAME1 65.19 GAME2 65.52 GAME3 65.72 MSE 89.46 Re 0.9389, 
10-27 18:45:35 -----Epoch 169/199-----
10-27 18:47:17 Epoch 169 Train, Loss: 21.94, GAME0: 21.09 MSE: 32.58, Cost 101.9 sec
10-27 18:47:40 Epoch 169 Val200, GAME0 62.98 GAME1 64.19 GAME2 66.05 GAME3 66.94 MSE 88.07 Re 0.8761, 
10-27 18:47:40 -----Epoch 170/199-----
10-27 18:49:22 Epoch 170 Train, Loss: 22.95, GAME0: 22.14 MSE: 33.77, Cost 102.0 sec
10-27 18:49:45 Epoch 170 Val200, GAME0 65.20 GAME1 65.33 GAME2 65.47 GAME3 65.56 MSE 89.68 Re 0.9653, 
10-27 18:49:45 -----Epoch 171/199-----
10-27 18:51:27 Epoch 171 Train, Loss: 22.25, GAME0: 21.34 MSE: 31.85, Cost 102.0 sec
10-27 18:51:50 Epoch 171 Val200, GAME0 65.13 GAME1 65.29 GAME2 65.47 GAME3 65.59 MSE 89.62 Re 0.9772, 
10-27 18:51:50 -----Epoch 172/199-----
10-27 18:53:32 Epoch 172 Train, Loss: 22.62, GAME0: 21.84 MSE: 33.74, Cost 101.9 sec
10-27 18:53:55 Epoch 172 Val200, GAME0 64.19 GAME1 64.88 GAME2 65.71 GAME3 66.16 MSE 88.94 Re 0.9320, 
10-27 18:53:55 -----Epoch 173/199-----
10-27 18:55:37 Epoch 173 Train, Loss: 21.07, GAME0: 20.41 MSE: 30.06, Cost 101.9 sec
10-27 18:56:01 Epoch 173 Val200, GAME0 65.22 GAME1 65.33 GAME2 65.47 GAME3 65.55 MSE 89.69 Re 0.9799, 
10-27 18:56:01 -----Epoch 174/199-----
10-27 18:57:42 Epoch 174 Train, Loss: 22.45, GAME0: 21.55 MSE: 32.38, Cost 101.9 sec
10-27 18:58:06 Epoch 174 Val200, GAME0 55.21 GAME1 61.26 GAME2 67.58 GAME3 71.39 MSE 82.69 Re 0.5827, 
10-27 18:58:06 -----Epoch 175/199-----
10-27 18:59:48 Epoch 175 Train, Loss: 22.61, GAME0: 21.76 MSE: 33.33, Cost 102.0 sec
10-27 19:00:11 Epoch 175 Val200, GAME0 65.23 GAME1 65.34 GAME2 65.49 GAME3 65.56 MSE 89.70 Re 0.9418, 
10-27 19:00:11 -----Epoch 176/199-----
10-27 19:01:53 Epoch 176 Train, Loss: 21.61, GAME0: 21.11 MSE: 31.70, Cost 101.9 sec
10-27 19:02:16 Epoch 176 Val200, GAME0 65.13 GAME1 65.29 GAME2 65.50 GAME3 65.61 MSE 89.63 Re 0.9723, 
10-27 19:02:16 -----Epoch 177/199-----
10-27 19:03:58 Epoch 177 Train, Loss: 22.37, GAME0: 21.19 MSE: 31.85, Cost 101.9 sec
10-27 19:04:21 Epoch 177 Val200, GAME0 65.10 GAME1 65.28 GAME2 65.50 GAME3 65.62 MSE 89.61 Re 0.9557, 
10-27 19:04:21 -----Epoch 178/199-----
10-27 19:06:03 Epoch 178 Train, Loss: 21.91, GAME0: 21.10 MSE: 32.94, Cost 101.9 sec
10-27 19:06:26 Epoch 178 Val200, GAME0 61.62 GAME1 63.60 GAME2 66.12 GAME3 67.56 MSE 87.11 Re 0.4813, 
10-27 19:06:26 -----Epoch 179/199-----
10-27 19:08:08 Epoch 179 Train, Loss: 22.41, GAME0: 21.50 MSE: 32.96, Cost 102.0 sec
10-27 19:08:31 Epoch 179 Val200, GAME0 58.39 GAME1 62.76 GAME2 66.57 GAME3 69.25 MSE 84.85 Re 0.5153, 
10-27 19:08:31 -----Epoch 180/199-----
10-27 19:10:13 Epoch 180 Train, Loss: 21.97, GAME0: 21.32 MSE: 32.97, Cost 102.0 sec
10-27 19:10:36 Epoch 180 Val200, GAME0 64.96 GAME1 65.21 GAME2 65.51 GAME3 65.69 MSE 89.50 Re 0.9473, 
10-27 19:10:36 -----Epoch 181/199-----
10-27 19:12:18 Epoch 181 Train, Loss: 21.97, GAME0: 20.47 MSE: 31.78, Cost 101.9 sec
10-27 19:12:41 Epoch 181 Val200, GAME0 65.25 GAME1 65.35 GAME2 65.46 GAME3 65.53 MSE 89.71 Re 0.9782, 
10-27 19:12:41 -----Epoch 182/199-----
10-27 19:14:23 Epoch 182 Train, Loss: 21.73, GAME0: 21.45 MSE: 31.51, Cost 101.9 sec
10-27 19:14:46 Epoch 182 Val200, GAME0 65.24 GAME1 65.35 GAME2 65.52 GAME3 65.57 MSE 89.70 Re 0.9580, 
10-27 19:14:47 -----Epoch 183/199-----
10-27 19:16:28 Epoch 183 Train, Loss: 22.01, GAME0: 20.79 MSE: 32.85, Cost 102.0 sec
10-27 19:16:52 Epoch 183 Val200, GAME0 65.23 GAME1 65.34 GAME2 65.50 GAME3 65.56 MSE 89.70 Re 0.9695, 
10-27 19:16:52 -----Epoch 184/199-----
10-27 19:18:34 Epoch 184 Train, Loss: 21.61, GAME0: 21.28 MSE: 32.45, Cost 101.9 sec
10-27 19:18:57 Epoch 184 Val200, GAME0 65.07 GAME1 65.25 GAME2 65.55 GAME3 65.67 MSE 89.58 Re 0.9499, 
10-27 19:18:57 -----Epoch 185/199-----
10-27 19:20:38 Epoch 185 Train, Loss: 22.35, GAME0: 20.83 MSE: 31.53, Cost 101.8 sec
10-27 19:21:02 Epoch 185 Val200, GAME0 65.14 GAME1 65.30 GAME2 65.51 GAME3 65.61 MSE 89.63 Re 0.9579, 
10-27 19:21:02 -----Epoch 186/199-----
10-27 19:22:44 Epoch 186 Train, Loss: 21.13, GAME0: 20.45 MSE: 29.49, Cost 101.9 sec
10-27 19:23:07 Epoch 186 Val200, GAME0 64.75 GAME1 65.13 GAME2 65.58 GAME3 65.82 MSE 89.35 Re 0.9486, 
10-27 19:23:07 -----Epoch 187/199-----
10-27 19:24:49 Epoch 187 Train, Loss: 21.54, GAME0: 20.97 MSE: 31.19, Cost 102.1 sec
10-27 19:25:12 Epoch 187 Val200, GAME0 65.08 GAME1 65.27 GAME2 65.50 GAME3 65.64 MSE 89.59 Re 0.9623, 
10-27 19:25:12 -----Epoch 188/199-----
10-27 19:26:54 Epoch 188 Train, Loss: 21.43, GAME0: 20.46 MSE: 30.62, Cost 101.9 sec
10-27 19:27:17 Epoch 188 Val200, GAME0 61.76 GAME1 63.60 GAME2 66.11 GAME3 67.51 MSE 87.21 Re 0.7230, 
10-27 19:27:17 -----Epoch 189/199-----
10-27 19:28:59 Epoch 189 Train, Loss: 22.53, GAME0: 21.96 MSE: 33.07, Cost 102.2 sec
10-27 19:29:23 Epoch 189 Val200, GAME0 54.90 GAME1 61.53 GAME2 67.25 GAME3 71.27 MSE 82.49 Re 0.4672, 
10-27 19:29:23 -----Epoch 190/199-----
10-27 19:31:05 Epoch 190 Train, Loss: 21.95, GAME0: 20.93 MSE: 31.41, Cost 101.9 sec
10-27 19:31:28 Epoch 190 Val200, GAME0 65.07 GAME1 65.24 GAME2 65.56 GAME3 65.68 MSE 89.58 Re 0.8957, 
10-27 19:31:28 -----Epoch 191/199-----
10-27 19:33:10 Epoch 191 Train, Loss: 21.75, GAME0: 21.16 MSE: 32.04, Cost 102.1 sec
10-27 19:33:33 Epoch 191 Val200, GAME0 65.03 GAME1 65.24 GAME2 65.52 GAME3 65.66 MSE 89.55 Re 0.9153, 
10-27 19:33:33 -----Epoch 192/199-----
10-27 19:35:15 Epoch 192 Train, Loss: 21.96, GAME0: 20.66 MSE: 32.29, Cost 102.1 sec
10-27 19:35:39 Epoch 192 Val200, GAME0 65.18 GAME1 65.32 GAME2 65.47 GAME3 65.57 MSE 89.66 Re 0.9863, 
10-27 19:35:39 -----Epoch 193/199-----
10-27 19:37:20 Epoch 193 Train, Loss: 21.65, GAME0: 20.62 MSE: 29.85, Cost 101.9 sec
10-27 19:37:44 Epoch 193 Val200, GAME0 65.20 GAME1 65.33 GAME2 65.50 GAME3 65.58 MSE 89.67 Re 0.9735, 
10-27 19:37:44 -----Epoch 194/199-----
10-27 19:39:26 Epoch 194 Train, Loss: 21.51, GAME0: 21.15 MSE: 32.38, Cost 102.1 sec
10-27 19:39:49 Epoch 194 Val200, GAME0 64.96 GAME1 65.19 GAME2 65.59 GAME3 65.75 MSE 89.50 Re 0.9199, 
10-27 19:39:49 -----Epoch 195/199-----
10-27 19:41:31 Epoch 195 Train, Loss: 22.23, GAME0: 21.46 MSE: 32.34, Cost 101.9 sec
10-27 19:41:54 Epoch 195 Val200, GAME0 61.02 GAME1 63.58 GAME2 66.48 GAME3 68.05 MSE 86.68 Re 0.7364, 
10-27 19:41:54 -----Epoch 196/199-----
10-27 19:43:36 Epoch 196 Train, Loss: 22.66, GAME0: 22.00 MSE: 32.95, Cost 101.9 sec
10-27 19:43:59 Epoch 196 Val200, GAME0 64.83 GAME1 65.14 GAME2 65.62 GAME3 65.83 MSE 89.41 Re 0.8745, 
10-27 19:43:59 -----Epoch 197/199-----
10-27 19:45:41 Epoch 197 Train, Loss: 22.29, GAME0: 20.81 MSE: 31.53, Cost 102.0 sec
10-27 19:46:04 Epoch 197 Val200, GAME0 63.76 GAME1 64.61 GAME2 65.86 GAME3 66.48 MSE 88.63 Re 0.5052, 
10-27 19:46:04 -----Epoch 198/199-----
10-27 19:47:46 Epoch 198 Train, Loss: 21.29, GAME0: 21.10 MSE: 31.14, Cost 101.9 sec
10-27 19:48:09 Epoch 198 Val200, GAME0 65.38 GAME1 65.41 GAME2 65.45 GAME3 65.47 MSE 89.80 Re 0.9897, 
10-27 19:48:09 *** Best Val GAME0 47.545 GAME3 65.465 model epoch 198
10-27 19:49:38 Epoch 198 Test800, GAME0 74.05 GAME1 74.07 GAME2 74.11 GAME3 74.13 MSE 104.36 Re 0.9901, 
10-27 19:49:38 -----Epoch 199/199-----
10-27 19:51:20 Epoch 199 Train, Loss: 22.50, GAME0: 21.70 MSE: 33.03, Cost 102.0 sec
10-27 19:51:43 Epoch 199 Val200, GAME0 65.34 GAME1 65.39 GAME2 65.46 GAME3 65.49 MSE 89.78 Re 0.9702, 
